12-10-2021 12:02:29.897 INFO  Запрос на сервер: Method - GET; 
        URL - /images; 
        Body - {}; 
        Headers - {"host":"localhost:8080","connection":"keep-alive","cache-control":"max-age=0","sec-ch-ua":"\"Chromium\";v=\"94\", \"Google Chrome\";v=\"94\", \";Not A Brand\";v=\"99\"","sec-ch-ua-mobile":"?0","sec-ch-ua-platform":"\"macOS\"","upgrade-insecure-requests":"1","user-agent":"Mozilla/5.0 (Macintosh; Intel Mac OS X 10_15_7) AppleWebKit/537.36 (KHTML, like Gecko) Chrome/94.0.4606.81 Safari/537.36","accept":"text/html,application/xhtml+xml,application/xml;q=0.9,image/avif,image/webp,image/apng,*/*;q=0.8,application/signed-exchange;v=b3;q=0.9","sec-fetch-site":"none","sec-fetch-mode":"navigate","sec-fetch-user":"?1","sec-fetch-dest":"document","accept-encoding":"gzip, deflate, br","accept-language":"ru-RU,ru;q=0.9,en-US;q=0.8,en;q=0.7","cookie":"token=token"} 
12-10-2021 12:04:11.637 INFO  Запрос на сервер: Method - GET; 
        URL - /images; 
        Body - {}; 
        Headers - {"host":"localhost:8080","connection":"keep-alive","cache-control":"max-age=0","sec-ch-ua":"\"Chromium\";v=\"94\", \"Google Chrome\";v=\"94\", \";Not A Brand\";v=\"99\"","sec-ch-ua-mobile":"?0","sec-ch-ua-platform":"\"macOS\"","upgrade-insecure-requests":"1","user-agent":"Mozilla/5.0 (Macintosh; Intel Mac OS X 10_15_7) AppleWebKit/537.36 (KHTML, like Gecko) Chrome/94.0.4606.81 Safari/537.36","accept":"text/html,application/xhtml+xml,application/xml;q=0.9,image/avif,image/webp,image/apng,*/*;q=0.8,application/signed-exchange;v=b3;q=0.9","sec-fetch-site":"none","sec-fetch-mode":"navigate","sec-fetch-user":"?1","sec-fetch-dest":"document","accept-encoding":"gzip, deflate, br","accept-language":"ru-RU,ru;q=0.9,en-US;q=0.8,en;q=0.7","cookie":"token=token"} 
12-10-2021 12:04:51.638 INFO  Запрос на сервер: Method - GET; 
        URL - /images; 
        Body - {}; 
        Headers - {"host":"localhost:8080","connection":"keep-alive","cache-control":"max-age=0","sec-ch-ua":"\"Chromium\";v=\"94\", \"Google Chrome\";v=\"94\", \";Not A Brand\";v=\"99\"","sec-ch-ua-mobile":"?0","sec-ch-ua-platform":"\"macOS\"","upgrade-insecure-requests":"1","user-agent":"Mozilla/5.0 (Macintosh; Intel Mac OS X 10_15_7) AppleWebKit/537.36 (KHTML, like Gecko) Chrome/94.0.4606.81 Safari/537.36","accept":"text/html,application/xhtml+xml,application/xml;q=0.9,image/avif,image/webp,image/apng,*/*;q=0.8,application/signed-exchange;v=b3;q=0.9","sec-fetch-site":"none","sec-fetch-mode":"navigate","sec-fetch-user":"?1","sec-fetch-dest":"document","accept-encoding":"gzip, deflate, br","accept-language":"ru-RU,ru;q=0.9,en-US;q=0.8,en;q=0.7","cookie":"token=token"} 
12-10-2021 12:05:14.381 INFO  Запрос на сервер: Method - GET; 
        URL - /images; 
        Body - {}; 
        Headers - {"host":"localhost:8080","connection":"keep-alive","cache-control":"max-age=0","sec-ch-ua":"\"Chromium\";v=\"94\", \"Google Chrome\";v=\"94\", \";Not A Brand\";v=\"99\"","sec-ch-ua-mobile":"?0","sec-ch-ua-platform":"\"macOS\"","upgrade-insecure-requests":"1","user-agent":"Mozilla/5.0 (Macintosh; Intel Mac OS X 10_15_7) AppleWebKit/537.36 (KHTML, like Gecko) Chrome/94.0.4606.81 Safari/537.36","accept":"text/html,application/xhtml+xml,application/xml;q=0.9,image/avif,image/webp,image/apng,*/*;q=0.8,application/signed-exchange;v=b3;q=0.9","sec-fetch-site":"none","sec-fetch-mode":"navigate","sec-fetch-user":"?1","sec-fetch-dest":"document","accept-encoding":"gzip, deflate, br","accept-language":"ru-RU,ru;q=0.9,en-US;q=0.8,en;q=0.7","cookie":"token=token"} 
12-10-2021 12:07:10.151 INFO  Запрос на сервер: Method - GET; 
        URL - /images; 
        Body - {}; 
        Headers - {"host":"localhost:8080","connection":"keep-alive","cache-control":"max-age=0","sec-ch-ua":"\"Chromium\";v=\"94\", \"Google Chrome\";v=\"94\", \";Not A Brand\";v=\"99\"","sec-ch-ua-mobile":"?0","sec-ch-ua-platform":"\"macOS\"","upgrade-insecure-requests":"1","user-agent":"Mozilla/5.0 (Macintosh; Intel Mac OS X 10_15_7) AppleWebKit/537.36 (KHTML, like Gecko) Chrome/94.0.4606.81 Safari/537.36","accept":"text/html,application/xhtml+xml,application/xml;q=0.9,image/avif,image/webp,image/apng,*/*;q=0.8,application/signed-exchange;v=b3;q=0.9","sec-fetch-site":"none","sec-fetch-mode":"navigate","sec-fetch-user":"?1","sec-fetch-dest":"document","accept-encoding":"gzip, deflate, br","accept-language":"ru-RU,ru;q=0.9,en-US;q=0.8,en;q=0.7","cookie":"token=token"} 
12-10-2021 12:13:36.909 INFO  Запрос на сервер: Method - GET; 
        URL - /images; 
        Body - {}; 
        Headers - {"host":"localhost:8080","connection":"keep-alive","cache-control":"max-age=0","sec-ch-ua":"\"Chromium\";v=\"94\", \"Google Chrome\";v=\"94\", \";Not A Brand\";v=\"99\"","sec-ch-ua-mobile":"?0","sec-ch-ua-platform":"\"macOS\"","upgrade-insecure-requests":"1","user-agent":"Mozilla/5.0 (Macintosh; Intel Mac OS X 10_15_7) AppleWebKit/537.36 (KHTML, like Gecko) Chrome/94.0.4606.81 Safari/537.36","accept":"text/html,application/xhtml+xml,application/xml;q=0.9,image/avif,image/webp,image/apng,*/*;q=0.8,application/signed-exchange;v=b3;q=0.9","sec-fetch-site":"none","sec-fetch-mode":"navigate","sec-fetch-user":"?1","sec-fetch-dest":"document","accept-encoding":"gzip, deflate, br","accept-language":"ru-RU,ru;q=0.9,en-US;q=0.8,en;q=0.7","cookie":"token=token"} 
12-10-2021 12:20:52.969 INFO  Запрос на сервер: Method - GET; 
        URL - /images; 
        Body - {}; 
        Headers - {"host":"localhost:8080","connection":"keep-alive","cache-control":"max-age=0","sec-ch-ua":"\"Chromium\";v=\"94\", \"Google Chrome\";v=\"94\", \";Not A Brand\";v=\"99\"","sec-ch-ua-mobile":"?0","sec-ch-ua-platform":"\"macOS\"","upgrade-insecure-requests":"1","user-agent":"Mozilla/5.0 (Macintosh; Intel Mac OS X 10_15_7) AppleWebKit/537.36 (KHTML, like Gecko) Chrome/94.0.4606.81 Safari/537.36","accept":"text/html,application/xhtml+xml,application/xml;q=0.9,image/avif,image/webp,image/apng,*/*;q=0.8,application/signed-exchange;v=b3;q=0.9","sec-fetch-site":"none","sec-fetch-mode":"navigate","sec-fetch-user":"?1","sec-fetch-dest":"document","accept-encoding":"gzip, deflate, br","accept-language":"ru-RU,ru;q=0.9,en-US;q=0.8,en;q=0.7","cookie":"token=token"} 
12-10-2021 12:21:33.269 INFO  Запрос на сервер: Method - GET; 
        URL - /images; 
        Body - {}; 
        Headers - {"host":"localhost:8080","connection":"keep-alive","cache-control":"max-age=0","sec-ch-ua":"\"Chromium\";v=\"94\", \"Google Chrome\";v=\"94\", \";Not A Brand\";v=\"99\"","sec-ch-ua-mobile":"?0","sec-ch-ua-platform":"\"macOS\"","upgrade-insecure-requests":"1","user-agent":"Mozilla/5.0 (Macintosh; Intel Mac OS X 10_15_7) AppleWebKit/537.36 (KHTML, like Gecko) Chrome/94.0.4606.81 Safari/537.36","accept":"text/html,application/xhtml+xml,application/xml;q=0.9,image/avif,image/webp,image/apng,*/*;q=0.8,application/signed-exchange;v=b3;q=0.9","sec-fetch-site":"none","sec-fetch-mode":"navigate","sec-fetch-user":"?1","sec-fetch-dest":"document","accept-encoding":"gzip, deflate, br","accept-language":"ru-RU,ru;q=0.9,en-US;q=0.8,en;q=0.7","cookie":"token=token"} 
12-10-2021 12:22:43.724 INFO  Запрос на сервер: Method - GET; 
        URL - /images; 
        Body - {}; 
        Headers - {"host":"localhost:8080","connection":"keep-alive","cache-control":"max-age=0","sec-ch-ua":"\"Chromium\";v=\"94\", \"Google Chrome\";v=\"94\", \";Not A Brand\";v=\"99\"","sec-ch-ua-mobile":"?0","sec-ch-ua-platform":"\"macOS\"","upgrade-insecure-requests":"1","user-agent":"Mozilla/5.0 (Macintosh; Intel Mac OS X 10_15_7) AppleWebKit/537.36 (KHTML, like Gecko) Chrome/94.0.4606.81 Safari/537.36","accept":"text/html,application/xhtml+xml,application/xml;q=0.9,image/avif,image/webp,image/apng,*/*;q=0.8,application/signed-exchange;v=b3;q=0.9","sec-fetch-site":"none","sec-fetch-mode":"navigate","sec-fetch-user":"?1","sec-fetch-dest":"document","accept-encoding":"gzip, deflate, br","accept-language":"ru-RU,ru;q=0.9,en-US;q=0.8,en;q=0.7","cookie":"token=token"} 
12-10-2021 12:23:32.013 INFO  Запрос на сервер: Method - GET; 
        URL - /images; 
        Body - {}; 
        Headers - {"host":"localhost:8080","connection":"keep-alive","cache-control":"max-age=0","sec-ch-ua":"\"Chromium\";v=\"94\", \"Google Chrome\";v=\"94\", \";Not A Brand\";v=\"99\"","sec-ch-ua-mobile":"?0","sec-ch-ua-platform":"\"macOS\"","upgrade-insecure-requests":"1","user-agent":"Mozilla/5.0 (Macintosh; Intel Mac OS X 10_15_7) AppleWebKit/537.36 (KHTML, like Gecko) Chrome/94.0.4606.81 Safari/537.36","accept":"text/html,application/xhtml+xml,application/xml;q=0.9,image/avif,image/webp,image/apng,*/*;q=0.8,application/signed-exchange;v=b3;q=0.9","sec-fetch-site":"none","sec-fetch-mode":"navigate","sec-fetch-user":"?1","sec-fetch-dest":"document","accept-encoding":"gzip, deflate, br","accept-language":"ru-RU,ru;q=0.9,en-US;q=0.8,en;q=0.7","cookie":"token=token"} 
12-10-2021 12:23:58.806 INFO  Запрос на сервер: Method - GET; 
        URL - /images; 
        Body - {}; 
        Headers - {"host":"localhost:8080","connection":"keep-alive","cache-control":"max-age=0","sec-ch-ua":"\"Chromium\";v=\"94\", \"Google Chrome\";v=\"94\", \";Not A Brand\";v=\"99\"","sec-ch-ua-mobile":"?0","sec-ch-ua-platform":"\"macOS\"","upgrade-insecure-requests":"1","user-agent":"Mozilla/5.0 (Macintosh; Intel Mac OS X 10_15_7) AppleWebKit/537.36 (KHTML, like Gecko) Chrome/94.0.4606.81 Safari/537.36","accept":"text/html,application/xhtml+xml,application/xml;q=0.9,image/avif,image/webp,image/apng,*/*;q=0.8,application/signed-exchange;v=b3;q=0.9","sec-fetch-site":"none","sec-fetch-mode":"navigate","sec-fetch-user":"?1","sec-fetch-dest":"document","accept-encoding":"gzip, deflate, br","accept-language":"ru-RU,ru;q=0.9,en-US;q=0.8,en;q=0.7","cookie":"token=token"} 
12-10-2021 12:26:36.345 INFO  Запрос на сервер: Method - GET; 
        URL - /images; 
        Body - {}; 
        Headers - {"host":"localhost:8080","connection":"keep-alive","cache-control":"max-age=0","sec-ch-ua":"\"Chromium\";v=\"94\", \"Google Chrome\";v=\"94\", \";Not A Brand\";v=\"99\"","sec-ch-ua-mobile":"?0","sec-ch-ua-platform":"\"macOS\"","upgrade-insecure-requests":"1","user-agent":"Mozilla/5.0 (Macintosh; Intel Mac OS X 10_15_7) AppleWebKit/537.36 (KHTML, like Gecko) Chrome/94.0.4606.81 Safari/537.36","accept":"text/html,application/xhtml+xml,application/xml;q=0.9,image/avif,image/webp,image/apng,*/*;q=0.8,application/signed-exchange;v=b3;q=0.9","sec-fetch-site":"none","sec-fetch-mode":"navigate","sec-fetch-user":"?1","sec-fetch-dest":"document","accept-encoding":"gzip, deflate, br","accept-language":"ru-RU,ru;q=0.9,en-US;q=0.8,en;q=0.7","cookie":"token=token"} 
12-10-2021 12:27:40.481 INFO  Запрос на сервер: Method - GET; 
        URL - /images; 
        Body - {}; 
        Headers - {"host":"localhost:8080","connection":"keep-alive","cache-control":"max-age=0","sec-ch-ua":"\"Chromium\";v=\"94\", \"Google Chrome\";v=\"94\", \";Not A Brand\";v=\"99\"","sec-ch-ua-mobile":"?0","sec-ch-ua-platform":"\"macOS\"","upgrade-insecure-requests":"1","user-agent":"Mozilla/5.0 (Macintosh; Intel Mac OS X 10_15_7) AppleWebKit/537.36 (KHTML, like Gecko) Chrome/94.0.4606.81 Safari/537.36","accept":"text/html,application/xhtml+xml,application/xml;q=0.9,image/avif,image/webp,image/apng,*/*;q=0.8,application/signed-exchange;v=b3;q=0.9","sec-fetch-site":"none","sec-fetch-mode":"navigate","sec-fetch-user":"?1","sec-fetch-dest":"document","accept-encoding":"gzip, deflate, br","accept-language":"ru-RU,ru;q=0.9,en-US;q=0.8,en;q=0.7","cookie":"token=token"} 
12-10-2021 12:27:50.223 INFO  Запрос на сервер: Method - GET; 
        URL - /images; 
        Body - {}; 
        Headers - {"host":"localhost:8080","connection":"keep-alive","cache-control":"max-age=0","sec-ch-ua":"\"Chromium\";v=\"94\", \"Google Chrome\";v=\"94\", \";Not A Brand\";v=\"99\"","sec-ch-ua-mobile":"?0","sec-ch-ua-platform":"\"macOS\"","upgrade-insecure-requests":"1","user-agent":"Mozilla/5.0 (Macintosh; Intel Mac OS X 10_15_7) AppleWebKit/537.36 (KHTML, like Gecko) Chrome/94.0.4606.81 Safari/537.36","accept":"text/html,application/xhtml+xml,application/xml;q=0.9,image/avif,image/webp,image/apng,*/*;q=0.8,application/signed-exchange;v=b3;q=0.9","sec-fetch-site":"none","sec-fetch-mode":"navigate","sec-fetch-user":"?1","sec-fetch-dest":"document","accept-encoding":"gzip, deflate, br","accept-language":"ru-RU,ru;q=0.9,en-US;q=0.8,en;q=0.7","cookie":"token=token"} 
12-10-2021 12:28:11.314 INFO  Запрос на сервер: Method - GET; 
        URL - /images; 
        Body - {}; 
        Headers - {"host":"localhost:8080","connection":"keep-alive","cache-control":"max-age=0","sec-ch-ua":"\"Chromium\";v=\"94\", \"Google Chrome\";v=\"94\", \";Not A Brand\";v=\"99\"","sec-ch-ua-mobile":"?0","sec-ch-ua-platform":"\"macOS\"","upgrade-insecure-requests":"1","user-agent":"Mozilla/5.0 (Macintosh; Intel Mac OS X 10_15_7) AppleWebKit/537.36 (KHTML, like Gecko) Chrome/94.0.4606.81 Safari/537.36","accept":"text/html,application/xhtml+xml,application/xml;q=0.9,image/avif,image/webp,image/apng,*/*;q=0.8,application/signed-exchange;v=b3;q=0.9","sec-fetch-site":"none","sec-fetch-mode":"navigate","sec-fetch-user":"?1","sec-fetch-dest":"document","accept-encoding":"gzip, deflate, br","accept-language":"ru-RU,ru;q=0.9,en-US;q=0.8,en;q=0.7","cookie":"token=token"} 
12-10-2021 12:29:05.445 INFO  Запрос на сервер: Method - GET; 
        URL - /images; 
        Body - {}; 
        Headers - {"host":"localhost:8080","connection":"keep-alive","cache-control":"max-age=0","sec-ch-ua":"\"Chromium\";v=\"94\", \"Google Chrome\";v=\"94\", \";Not A Brand\";v=\"99\"","sec-ch-ua-mobile":"?0","sec-ch-ua-platform":"\"macOS\"","upgrade-insecure-requests":"1","user-agent":"Mozilla/5.0 (Macintosh; Intel Mac OS X 10_15_7) AppleWebKit/537.36 (KHTML, like Gecko) Chrome/94.0.4606.81 Safari/537.36","accept":"text/html,application/xhtml+xml,application/xml;q=0.9,image/avif,image/webp,image/apng,*/*;q=0.8,application/signed-exchange;v=b3;q=0.9","sec-fetch-site":"none","sec-fetch-mode":"navigate","sec-fetch-user":"?1","sec-fetch-dest":"document","accept-encoding":"gzip, deflate, br","accept-language":"ru-RU,ru;q=0.9,en-US;q=0.8,en;q=0.7","cookie":"token=token"} 
12-10-2021 12:29:43.353 INFO  Запрос на сервер: Method - GET; 
        URL - /images; 
        Body - {}; 
        Headers - {"host":"localhost:8080","connection":"keep-alive","cache-control":"max-age=0","sec-ch-ua":"\"Chromium\";v=\"94\", \"Google Chrome\";v=\"94\", \";Not A Brand\";v=\"99\"","sec-ch-ua-mobile":"?0","sec-ch-ua-platform":"\"macOS\"","upgrade-insecure-requests":"1","user-agent":"Mozilla/5.0 (Macintosh; Intel Mac OS X 10_15_7) AppleWebKit/537.36 (KHTML, like Gecko) Chrome/94.0.4606.81 Safari/537.36","accept":"text/html,application/xhtml+xml,application/xml;q=0.9,image/avif,image/webp,image/apng,*/*;q=0.8,application/signed-exchange;v=b3;q=0.9","sec-fetch-site":"none","sec-fetch-mode":"navigate","sec-fetch-user":"?1","sec-fetch-dest":"document","accept-encoding":"gzip, deflate, br","accept-language":"ru-RU,ru;q=0.9,en-US;q=0.8,en;q=0.7","cookie":"token=token"} 
12-10-2021 12:30:17.018 INFO  Запрос на сервер: Method - GET; 
        URL - /images; 
        Body - {}; 
        Headers - {"host":"localhost:8080","connection":"keep-alive","cache-control":"max-age=0","sec-ch-ua":"\"Chromium\";v=\"94\", \"Google Chrome\";v=\"94\", \";Not A Brand\";v=\"99\"","sec-ch-ua-mobile":"?0","sec-ch-ua-platform":"\"macOS\"","upgrade-insecure-requests":"1","user-agent":"Mozilla/5.0 (Macintosh; Intel Mac OS X 10_15_7) AppleWebKit/537.36 (KHTML, like Gecko) Chrome/94.0.4606.81 Safari/537.36","accept":"text/html,application/xhtml+xml,application/xml;q=0.9,image/avif,image/webp,image/apng,*/*;q=0.8,application/signed-exchange;v=b3;q=0.9","sec-fetch-site":"none","sec-fetch-mode":"navigate","sec-fetch-user":"?1","sec-fetch-dest":"document","accept-encoding":"gzip, deflate, br","accept-language":"ru-RU,ru;q=0.9,en-US;q=0.8,en;q=0.7","cookie":"token=token"} 
12-10-2021 12:32:29.054 INFO  Запрос на сервер: Method - GET; 
        URL - /images; 
        Body - {}; 
        Headers - {"host":"localhost:8080","connection":"keep-alive","cache-control":"max-age=0","sec-ch-ua":"\"Chromium\";v=\"94\", \"Google Chrome\";v=\"94\", \";Not A Brand\";v=\"99\"","sec-ch-ua-mobile":"?0","sec-ch-ua-platform":"\"macOS\"","upgrade-insecure-requests":"1","user-agent":"Mozilla/5.0 (Macintosh; Intel Mac OS X 10_15_7) AppleWebKit/537.36 (KHTML, like Gecko) Chrome/94.0.4606.81 Safari/537.36","accept":"text/html,application/xhtml+xml,application/xml;q=0.9,image/avif,image/webp,image/apng,*/*;q=0.8,application/signed-exchange;v=b3;q=0.9","sec-fetch-site":"none","sec-fetch-mode":"navigate","sec-fetch-user":"?1","sec-fetch-dest":"document","accept-encoding":"gzip, deflate, br","accept-language":"ru-RU,ru;q=0.9,en-US;q=0.8,en;q=0.7","cookie":"token=token"} 
12-10-2021 12:33:18.755 INFO  Запрос на сервер: Method - GET; 
        URL - /images; 
        Body - {}; 
        Headers - {"host":"localhost:8080","connection":"keep-alive","cache-control":"max-age=0","sec-ch-ua":"\"Chromium\";v=\"94\", \"Google Chrome\";v=\"94\", \";Not A Brand\";v=\"99\"","sec-ch-ua-mobile":"?0","sec-ch-ua-platform":"\"macOS\"","upgrade-insecure-requests":"1","user-agent":"Mozilla/5.0 (Macintosh; Intel Mac OS X 10_15_7) AppleWebKit/537.36 (KHTML, like Gecko) Chrome/94.0.4606.81 Safari/537.36","accept":"text/html,application/xhtml+xml,application/xml;q=0.9,image/avif,image/webp,image/apng,*/*;q=0.8,application/signed-exchange;v=b3;q=0.9","sec-fetch-site":"none","sec-fetch-mode":"navigate","sec-fetch-user":"?1","sec-fetch-dest":"document","accept-encoding":"gzip, deflate, br","accept-language":"ru-RU,ru;q=0.9,en-US;q=0.8,en;q=0.7","cookie":"token=token"} 
12-10-2021 12:44:19.579 INFO  Запрос на сервер: Method - GET; 
        URL - /; 
        Body - {}; 
        Headers - {"host":"localhost:8080","connection":"keep-alive","cache-control":"max-age=0","sec-ch-ua":"\"Chromium\";v=\"94\", \"Google Chrome\";v=\"94\", \";Not A Brand\";v=\"99\"","sec-ch-ua-mobile":"?0","sec-ch-ua-platform":"\"macOS\"","upgrade-insecure-requests":"1","user-agent":"Mozilla/5.0 (Macintosh; Intel Mac OS X 10_15_7) AppleWebKit/537.36 (KHTML, like Gecko) Chrome/94.0.4606.81 Safari/537.36","accept":"text/html,application/xhtml+xml,application/xml;q=0.9,image/avif,image/webp,image/apng,*/*;q=0.8,application/signed-exchange;v=b3;q=0.9","sec-fetch-site":"none","sec-fetch-mode":"navigate","sec-fetch-user":"?1","sec-fetch-dest":"document","accept-encoding":"gzip, deflate, br","accept-language":"ru-RU,ru;q=0.9,en-US;q=0.8,en;q=0.7","cookie":"token=token","if-none-match":"W/\"2f1-17c707ffb00\"","if-modified-since":"Mon, 11 Oct 2021 17:56:48 GMT"} 
12-10-2021 12:44:19.782 INFO  Запрос на сервер: Method - GET; 
        URL - /login.js; 
        Body - {}; 
        Headers - {"host":"localhost:8080","connection":"keep-alive","sec-ch-ua":"\"Chromium\";v=\"94\", \"Google Chrome\";v=\"94\", \";Not A Brand\";v=\"99\"","origin":"http://localhost:8080","sec-ch-ua-mobile":"?0","user-agent":"Mozilla/5.0 (Macintosh; Intel Mac OS X 10_15_7) AppleWebKit/537.36 (KHTML, like Gecko) Chrome/94.0.4606.81 Safari/537.36","sec-ch-ua-platform":"\"macOS\"","accept":"*/*","sec-fetch-site":"same-origin","sec-fetch-mode":"cors","sec-fetch-dest":"script","referer":"http://localhost:8080/","accept-encoding":"gzip, deflate, br","accept-language":"ru-RU,ru;q=0.9,en-US;q=0.8,en;q=0.7","cookie":"token=token","if-none-match":"W/\"7f3-17c707ffb00\"","if-modified-since":"Mon, 11 Oct 2021 17:56:48 GMT"} 
12-10-2021 12:44:19.869 INFO  Запрос на сервер: Method - GET; 
        URL - /images; 
        Body - {}; 
        Headers - {"host":"localhost:8080","connection":"keep-alive","sec-ch-ua":"\"Chromium\";v=\"94\", \"Google Chrome\";v=\"94\", \";Not A Brand\";v=\"99\"","sec-ch-ua-mobile":"?0","sec-ch-ua-platform":"\"macOS\"","upgrade-insecure-requests":"1","user-agent":"Mozilla/5.0 (Macintosh; Intel Mac OS X 10_15_7) AppleWebKit/537.36 (KHTML, like Gecko) Chrome/94.0.4606.81 Safari/537.36","accept":"text/html,application/xhtml+xml,application/xml;q=0.9,image/avif,image/webp,image/apng,*/*;q=0.8,application/signed-exchange;v=b3;q=0.9","sec-fetch-site":"none","sec-fetch-mode":"navigate","sec-fetch-user":"?1","sec-fetch-dest":"document","accept-encoding":"gzip, deflate, br","accept-language":"ru-RU,ru;q=0.9,en-US;q=0.8,en;q=0.7","cookie":"token=token"} 
12-10-2021 12:44:40.112 INFO  Запрос на сервер: Method - GET; 
        URL - /images; 
        Body - {}; 
        Headers - {"host":"localhost:8080","connection":"keep-alive","cache-control":"max-age=0","sec-ch-ua":"\"Chromium\";v=\"94\", \"Google Chrome\";v=\"94\", \";Not A Brand\";v=\"99\"","sec-ch-ua-mobile":"?0","sec-ch-ua-platform":"\"macOS\"","upgrade-insecure-requests":"1","user-agent":"Mozilla/5.0 (Macintosh; Intel Mac OS X 10_15_7) AppleWebKit/537.36 (KHTML, like Gecko) Chrome/94.0.4606.81 Safari/537.36","accept":"text/html,application/xhtml+xml,application/xml;q=0.9,image/avif,image/webp,image/apng,*/*;q=0.8,application/signed-exchange;v=b3;q=0.9","sec-fetch-site":"none","sec-fetch-mode":"navigate","sec-fetch-user":"?1","sec-fetch-dest":"document","accept-encoding":"gzip, deflate, br","accept-language":"ru-RU,ru;q=0.9,en-US;q=0.8,en;q=0.7","cookie":"token=token"} 
12-10-2021 12:54:13.092 INFO  Запрос на сервер: Method - GET; 
        URL - /images; 
        Body - {}; 
        Headers - {"host":"localhost:8080","connection":"keep-alive","cache-control":"max-age=0","sec-ch-ua":"\"Chromium\";v=\"94\", \"Google Chrome\";v=\"94\", \";Not A Brand\";v=\"99\"","sec-ch-ua-mobile":"?0","sec-ch-ua-platform":"\"macOS\"","upgrade-insecure-requests":"1","user-agent":"Mozilla/5.0 (Macintosh; Intel Mac OS X 10_15_7) AppleWebKit/537.36 (KHTML, like Gecko) Chrome/94.0.4606.81 Safari/537.36","accept":"text/html,application/xhtml+xml,application/xml;q=0.9,image/avif,image/webp,image/apng,*/*;q=0.8,application/signed-exchange;v=b3;q=0.9","sec-fetch-site":"none","sec-fetch-mode":"navigate","sec-fetch-user":"?1","sec-fetch-dest":"document","accept-encoding":"gzip, deflate, br","accept-language":"ru-RU,ru;q=0.9,en-US;q=0.8,en;q=0.7","cookie":"token=token"} 
12-10-2021 12:56:02.826 INFO  Запрос на сервер: Method - GET; 
        URL - /images; 
        Body - {}; 
        Headers - {"host":"localhost:8080","connection":"keep-alive","cache-control":"max-age=0","sec-ch-ua":"\"Chromium\";v=\"94\", \"Google Chrome\";v=\"94\", \";Not A Brand\";v=\"99\"","sec-ch-ua-mobile":"?0","sec-ch-ua-platform":"\"macOS\"","upgrade-insecure-requests":"1","user-agent":"Mozilla/5.0 (Macintosh; Intel Mac OS X 10_15_7) AppleWebKit/537.36 (KHTML, like Gecko) Chrome/94.0.4606.81 Safari/537.36","accept":"text/html,application/xhtml+xml,application/xml;q=0.9,image/avif,image/webp,image/apng,*/*;q=0.8,application/signed-exchange;v=b3;q=0.9","sec-fetch-site":"none","sec-fetch-mode":"navigate","sec-fetch-user":"?1","sec-fetch-dest":"document","accept-encoding":"gzip, deflate, br","accept-language":"ru-RU,ru;q=0.9,en-US;q=0.8,en;q=0.7","cookie":"token=token"} 
12-10-2021 12:56:49.555 INFO  Запрос на сервер: Method - GET; 
        URL - /images; 
        Body - {}; 
        Headers - {"host":"localhost:8080","connection":"keep-alive","cache-control":"max-age=0","sec-ch-ua":"\"Chromium\";v=\"94\", \"Google Chrome\";v=\"94\", \";Not A Brand\";v=\"99\"","sec-ch-ua-mobile":"?0","sec-ch-ua-platform":"\"macOS\"","upgrade-insecure-requests":"1","user-agent":"Mozilla/5.0 (Macintosh; Intel Mac OS X 10_15_7) AppleWebKit/537.36 (KHTML, like Gecko) Chrome/94.0.4606.81 Safari/537.36","accept":"text/html,application/xhtml+xml,application/xml;q=0.9,image/avif,image/webp,image/apng,*/*;q=0.8,application/signed-exchange;v=b3;q=0.9","sec-fetch-site":"none","sec-fetch-mode":"navigate","sec-fetch-user":"?1","sec-fetch-dest":"document","accept-encoding":"gzip, deflate, br","accept-language":"ru-RU,ru;q=0.9,en-US;q=0.8,en;q=0.7","cookie":"token=token"} 
12-10-2021 12:57:31.111 INFO  Запрос на сервер: Method - GET; 
        URL - /images; 
        Body - {}; 
        Headers - {"host":"localhost:8080","connection":"keep-alive","cache-control":"max-age=0","sec-ch-ua":"\"Chromium\";v=\"94\", \"Google Chrome\";v=\"94\", \";Not A Brand\";v=\"99\"","sec-ch-ua-mobile":"?0","sec-ch-ua-platform":"\"macOS\"","upgrade-insecure-requests":"1","user-agent":"Mozilla/5.0 (Macintosh; Intel Mac OS X 10_15_7) AppleWebKit/537.36 (KHTML, like Gecko) Chrome/94.0.4606.81 Safari/537.36","accept":"text/html,application/xhtml+xml,application/xml;q=0.9,image/avif,image/webp,image/apng,*/*;q=0.8,application/signed-exchange;v=b3;q=0.9","sec-fetch-site":"none","sec-fetch-mode":"navigate","sec-fetch-user":"?1","sec-fetch-dest":"document","accept-encoding":"gzip, deflate, br","accept-language":"ru-RU,ru;q=0.9,en-US;q=0.8,en;q=0.7","cookie":"token=token"} 
12-10-2021 12:58:07.872 INFO  Запрос на сервер: Method - GET; 
        URL - /images; 
        Body - {}; 
        Headers - {"host":"localhost:8080","connection":"keep-alive","cache-control":"max-age=0","sec-ch-ua":"\"Chromium\";v=\"94\", \"Google Chrome\";v=\"94\", \";Not A Brand\";v=\"99\"","sec-ch-ua-mobile":"?0","sec-ch-ua-platform":"\"macOS\"","upgrade-insecure-requests":"1","user-agent":"Mozilla/5.0 (Macintosh; Intel Mac OS X 10_15_7) AppleWebKit/537.36 (KHTML, like Gecko) Chrome/94.0.4606.81 Safari/537.36","accept":"text/html,application/xhtml+xml,application/xml;q=0.9,image/avif,image/webp,image/apng,*/*;q=0.8,application/signed-exchange;v=b3;q=0.9","sec-fetch-site":"none","sec-fetch-mode":"navigate","sec-fetch-user":"?1","sec-fetch-dest":"document","accept-encoding":"gzip, deflate, br","accept-language":"ru-RU,ru;q=0.9,en-US;q=0.8,en;q=0.7","cookie":"token=token"} 
