12-10-2021 10:18:58.584 INFO  Запрос на сервер: Method - GET; 
        URL - /; 
        Body - {}; 
        Headers - {"host":"localhost:8080","connection":"keep-alive","sec-ch-ua":"\"Chromium\";v=\"94\", \"Google Chrome\";v=\"94\", \";Not A Brand\";v=\"99\"","sec-ch-ua-mobile":"?0","sec-ch-ua-platform":"\"macOS\"","upgrade-insecure-requests":"1","user-agent":"Mozilla/5.0 (Macintosh; Intel Mac OS X 10_15_7) AppleWebKit/537.36 (KHTML, like Gecko) Chrome/94.0.4606.81 Safari/537.36","accept":"text/html,application/xhtml+xml,application/xml;q=0.9,image/avif,image/webp,image/apng,*/*;q=0.8,application/signed-exchange;v=b3;q=0.9","sec-fetch-site":"none","sec-fetch-mode":"navigate","sec-fetch-user":"?1","sec-fetch-dest":"document","accept-encoding":"gzip, deflate, br","accept-language":"ru-RU,ru;q=0.9,en-US;q=0.8,en;q=0.7"} 
12-10-2021 10:18:58.787 INFO  Запрос на сервер: Method - GET; 
        URL - /login.js; 
        Body - {}; 
        Headers - {"host":"localhost:8080","connection":"keep-alive","sec-ch-ua":"\"Chromium\";v=\"94\", \"Google Chrome\";v=\"94\", \";Not A Brand\";v=\"99\"","origin":"http://localhost:8080","sec-ch-ua-mobile":"?0","user-agent":"Mozilla/5.0 (Macintosh; Intel Mac OS X 10_15_7) AppleWebKit/537.36 (KHTML, like Gecko) Chrome/94.0.4606.81 Safari/537.36","sec-ch-ua-platform":"\"macOS\"","accept":"*/*","sec-fetch-site":"same-origin","sec-fetch-mode":"cors","sec-fetch-dest":"script","referer":"http://localhost:8080/","accept-encoding":"gzip, deflate, br","accept-language":"ru-RU,ru;q=0.9,en-US;q=0.8,en;q=0.7","if-none-match":"W/\"7b2-17c6fd69237\"","if-modified-since":"Mon, 11 Oct 2021 14:51:45 GMT"} 
12-10-2021 10:18:58.894 INFO  Запрос на сервер: Method - GET; 
        URL - /favicon.ico; 
        Body - {}; 
        Headers - {"host":"localhost:8080","connection":"keep-alive","sec-ch-ua":"\"Chromium\";v=\"94\", \"Google Chrome\";v=\"94\", \";Not A Brand\";v=\"99\"","sec-ch-ua-mobile":"?0","user-agent":"Mozilla/5.0 (Macintosh; Intel Mac OS X 10_15_7) AppleWebKit/537.36 (KHTML, like Gecko) Chrome/94.0.4606.81 Safari/537.36","sec-ch-ua-platform":"\"macOS\"","accept":"image/avif,image/webp,image/apng,image/svg+xml,image/*,*/*;q=0.8","sec-fetch-site":"same-origin","sec-fetch-mode":"no-cors","sec-fetch-dest":"image","referer":"http://localhost:8080/","accept-encoding":"gzip, deflate, br","accept-language":"ru-RU,ru;q=0.9,en-US;q=0.8,en;q=0.7"} 
12-10-2021 10:19:00.063 INFO  Запрос на сервер: Method - POST; 
        URL - /; 
        Body - {"email":"asergeev@flo.team","password":"jgF5tn4F","page":"1"}; 
        Headers - {"host":"localhost:8080","connection":"keep-alive","content-length":"62","sec-ch-ua":"\"Chromium\";v=\"94\", \"Google Chrome\";v=\"94\", \";Not A Brand\";v=\"99\"","content-type":"application/json","sec-ch-ua-mobile":"?0","user-agent":"Mozilla/5.0 (Macintosh; Intel Mac OS X 10_15_7) AppleWebKit/537.36 (KHTML, like Gecko) Chrome/94.0.4606.81 Safari/537.36","access-control-allow-methods":"POST","sec-ch-ua-platform":"\"macOS\"","accept":"*/*","origin":"http://localhost:8080","sec-fetch-site":"same-origin","sec-fetch-mode":"cors","sec-fetch-dest":"empty","referer":"http://localhost:8080/","accept-encoding":"gzip, deflate, br","accept-language":"ru-RU,ru;q=0.9,en-US;q=0.8,en;q=0.7"} 
12-10-2021 10:19:00.095 INFO  Запрос на сервер: Method - GET; 
        URL - /gallery; 
        Body - {}; 
        Headers - {"host":"localhost:8080","connection":"keep-alive","sec-ch-ua":"\"Chromium\";v=\"94\", \"Google Chrome\";v=\"94\", \";Not A Brand\";v=\"99\"","sec-ch-ua-mobile":"?0","sec-ch-ua-platform":"\"macOS\"","upgrade-insecure-requests":"1","user-agent":"Mozilla/5.0 (Macintosh; Intel Mac OS X 10_15_7) AppleWebKit/537.36 (KHTML, like Gecko) Chrome/94.0.4606.81 Safari/537.36","accept":"text/html,application/xhtml+xml,application/xml;q=0.9,image/avif,image/webp,image/apng,*/*;q=0.8,application/signed-exchange;v=b3;q=0.9","sec-fetch-site":"same-origin","sec-fetch-mode":"navigate","sec-fetch-user":"?1","sec-fetch-dest":"document","referer":"http://localhost:8080/","accept-encoding":"gzip, deflate, br","accept-language":"ru-RU,ru;q=0.9,en-US;q=0.8,en;q=0.7","cookie":"token=token"} 
12-10-2021 10:19:00.170 INFO  Запрос на сервер: Method - GET; 
        URL - /gallery?page=1&limit=10; 
        Body - {}; 
        Headers - {"host":"localhost:8080","connection":"keep-alive","upgrade-insecure-requests":"1","user-agent":"Mozilla/5.0 (Macintosh; Intel Mac OS X 10_15_7) AppleWebKit/537.36 (KHTML, like Gecko) Chrome/94.0.4606.81 Safari/537.36","accept":"text/html,application/xhtml+xml,application/xml;q=0.9,image/avif,image/webp,image/apng,*/*;q=0.8,application/signed-exchange;v=b3;q=0.9","sec-fetch-site":"same-origin","sec-fetch-mode":"navigate","sec-fetch-user":"?1","sec-fetch-dest":"document","sec-ch-ua":"\"Chromium\";v=\"94\", \"Google Chrome\";v=\"94\", \";Not A Brand\";v=\"99\"","sec-ch-ua-mobile":"?0","sec-ch-ua-platform":"\"macOS\"","referer":"http://localhost:8080/","accept-encoding":"gzip, deflate, br","accept-language":"ru-RU,ru;q=0.9,en-US;q=0.8,en;q=0.7","cookie":"token=token","if-none-match":"W/\"902-S5Vas8hM+0aPD2t0oTvm9zzbKJI\""} 
12-10-2021 10:19:01.166 INFO  Запрос на сервер: Method - GET; 
        URL - /gallery?page=1&limit=10; 
        Body - {}; 
        Headers - {"host":"localhost:8080","connection":"keep-alive","upgrade-insecure-requests":"1","user-agent":"Mozilla/5.0 (Macintosh; Intel Mac OS X 10_15_7) AppleWebKit/537.36 (KHTML, like Gecko) Chrome/94.0.4606.81 Safari/537.36","accept":"text/html,application/xhtml+xml,application/xml;q=0.9,image/avif,image/webp,image/apng,*/*;q=0.8,application/signed-exchange;v=b3;q=0.9","sec-fetch-site":"same-origin","sec-fetch-mode":"navigate","sec-fetch-user":"?1","sec-fetch-dest":"document","sec-ch-ua":"\"Chromium\";v=\"94\", \"Google Chrome\";v=\"94\", \";Not A Brand\";v=\"99\"","sec-ch-ua-mobile":"?0","sec-ch-ua-platform":"\"macOS\"","referer":"http://localhost:8080/","accept-encoding":"gzip, deflate, br","accept-language":"ru-RU,ru;q=0.9,en-US;q=0.8,en;q=0.7","cookie":"token=token","if-none-match":"W/\"902-S5Vas8hM+0aPD2t0oTvm9zzbKJI\""} 
12-10-2021 10:19:01.798 INFO  Запрос на сервер: Method - GET; 
        URL - /Screenshot%20(1).png; 
        Body - {}; 
        Headers - {"host":"localhost:8080","connection":"keep-alive","sec-ch-ua":"\"Chromium\";v=\"94\", \"Google Chrome\";v=\"94\", \";Not A Brand\";v=\"99\"","sec-ch-ua-mobile":"?0","user-agent":"Mozilla/5.0 (Macintosh; Intel Mac OS X 10_15_7) AppleWebKit/537.36 (KHTML, like Gecko) Chrome/94.0.4606.81 Safari/537.36","sec-ch-ua-platform":"\"macOS\"","accept":"image/avif,image/webp,image/apng,image/svg+xml,image/*,*/*;q=0.8","sec-fetch-site":"same-origin","sec-fetch-mode":"no-cors","sec-fetch-dest":"image","referer":"http://localhost:8080/gallery?page=1&limit=10","accept-encoding":"gzip, deflate, br","accept-language":"ru-RU,ru;q=0.9,en-US;q=0.8,en;q=0.7","cookie":"token=token"} 
12-10-2021 10:19:01.799 INFO  Запрос на сервер: Method - GET; 
        URL - /Screenshot%20(8).png; 
        Body - {}; 
        Headers - {"host":"localhost:8080","connection":"keep-alive","sec-ch-ua":"\"Chromium\";v=\"94\", \"Google Chrome\";v=\"94\", \";Not A Brand\";v=\"99\"","sec-ch-ua-mobile":"?0","user-agent":"Mozilla/5.0 (Macintosh; Intel Mac OS X 10_15_7) AppleWebKit/537.36 (KHTML, like Gecko) Chrome/94.0.4606.81 Safari/537.36","sec-ch-ua-platform":"\"macOS\"","accept":"image/avif,image/webp,image/apng,image/svg+xml,image/*,*/*;q=0.8","sec-fetch-site":"same-origin","sec-fetch-mode":"no-cors","sec-fetch-dest":"image","referer":"http://localhost:8080/gallery?page=1&limit=10","accept-encoding":"gzip, deflate, br","accept-language":"ru-RU,ru;q=0.9,en-US;q=0.8,en;q=0.7","cookie":"token=token"} 
12-10-2021 10:19:01.800 INFO  Запрос на сервер: Method - GET; 
        URL - /photo_2021-06-03_20-28-56.jpg; 
        Body - {}; 
        Headers - {"host":"localhost:8080","connection":"keep-alive","sec-ch-ua":"\"Chromium\";v=\"94\", \"Google Chrome\";v=\"94\", \";Not A Brand\";v=\"99\"","sec-ch-ua-mobile":"?0","user-agent":"Mozilla/5.0 (Macintosh; Intel Mac OS X 10_15_7) AppleWebKit/537.36 (KHTML, like Gecko) Chrome/94.0.4606.81 Safari/537.36","sec-ch-ua-platform":"\"macOS\"","accept":"image/avif,image/webp,image/apng,image/svg+xml,image/*,*/*;q=0.8","sec-fetch-site":"same-origin","sec-fetch-mode":"no-cors","sec-fetch-dest":"image","referer":"http://localhost:8080/gallery?page=1&limit=10","accept-encoding":"gzip, deflate, br","accept-language":"ru-RU,ru;q=0.9,en-US;q=0.8,en;q=0.7","cookie":"token=token"} 
12-10-2021 10:19:01.801 INFO  Запрос на сервер: Method - GET; 
        URL - /gallery.js; 
        Body - {}; 
        Headers - {"host":"localhost:8080","connection":"keep-alive","sec-ch-ua":"\"Chromium\";v=\"94\", \"Google Chrome\";v=\"94\", \";Not A Brand\";v=\"99\"","sec-ch-ua-mobile":"?0","user-agent":"Mozilla/5.0 (Macintosh; Intel Mac OS X 10_15_7) AppleWebKit/537.36 (KHTML, like Gecko) Chrome/94.0.4606.81 Safari/537.36","sec-ch-ua-platform":"\"macOS\"","accept":"*/*","sec-fetch-site":"same-origin","sec-fetch-mode":"no-cors","sec-fetch-dest":"script","referer":"http://localhost:8080/gallery?page=1&limit=10","accept-encoding":"gzip, deflate, br","accept-language":"ru-RU,ru;q=0.9,en-US;q=0.8,en;q=0.7","cookie":"token=token","if-none-match":"W/\"10d5-17c6f68b361\"","if-modified-since":"Mon, 11 Oct 2021 12:51:45 GMT"} 
12-10-2021 10:19:03.598 INFO  Запрос на сервер: Method - GET; 
        URL - /gallery?page=2&limit=10; 
        Body - {}; 
        Headers - {"host":"localhost:8080","connection":"keep-alive","sec-ch-ua":"\"Chromium\";v=\"94\", \"Google Chrome\";v=\"94\", \";Not A Brand\";v=\"99\"","sec-ch-ua-mobile":"?0","sec-ch-ua-platform":"\"macOS\"","upgrade-insecure-requests":"1","user-agent":"Mozilla/5.0 (Macintosh; Intel Mac OS X 10_15_7) AppleWebKit/537.36 (KHTML, like Gecko) Chrome/94.0.4606.81 Safari/537.36","accept":"text/html,application/xhtml+xml,application/xml;q=0.9,image/avif,image/webp,image/apng,*/*;q=0.8,application/signed-exchange;v=b3;q=0.9","sec-fetch-site":"same-origin","sec-fetch-mode":"navigate","sec-fetch-user":"?1","sec-fetch-dest":"document","referer":"http://localhost:8080/gallery?page=1&limit=10","accept-encoding":"gzip, deflate, br","accept-language":"ru-RU,ru;q=0.9,en-US;q=0.8,en;q=0.7","cookie":"token=token","if-none-match":"W/\"400-DP3mliQsnfxPbg8ASOQekZIcnR0\""} 
12-10-2021 10:19:04.034 INFO  Запрос на сервер: Method - GET; 
        URL - /gallery.js; 
        Body - {}; 
        Headers - {"host":"localhost:8080","connection":"keep-alive","sec-ch-ua":"\"Chromium\";v=\"94\", \"Google Chrome\";v=\"94\", \";Not A Brand\";v=\"99\"","if-none-match":"W/\"116b-17c708f5c80\"","if-modified-since":"Mon, 11 Oct 2021 18:13:36 GMT","sec-ch-ua-mobile":"?0","user-agent":"Mozilla/5.0 (Macintosh; Intel Mac OS X 10_15_7) AppleWebKit/537.36 (KHTML, like Gecko) Chrome/94.0.4606.81 Safari/537.36","sec-ch-ua-platform":"\"macOS\"","accept":"*/*","sec-fetch-site":"same-origin","sec-fetch-mode":"no-cors","sec-fetch-dest":"script","referer":"http://localhost:8080/gallery?page=2&limit=10","accept-encoding":"gzip, deflate, br","accept-language":"ru-RU,ru;q=0.9,en-US;q=0.8,en;q=0.7","cookie":"token=token"} 
12-10-2021 10:19:07.173 INFO  Запрос на сервер: Method - GET; 
        URL - /gallery?page=1&limit=10; 
        Body - {}; 
        Headers - {"host":"localhost:8080","connection":"keep-alive","sec-ch-ua":"\"Chromium\";v=\"94\", \"Google Chrome\";v=\"94\", \";Not A Brand\";v=\"99\"","sec-ch-ua-mobile":"?0","sec-ch-ua-platform":"\"macOS\"","upgrade-insecure-requests":"1","user-agent":"Mozilla/5.0 (Macintosh; Intel Mac OS X 10_15_7) AppleWebKit/537.36 (KHTML, like Gecko) Chrome/94.0.4606.81 Safari/537.36","accept":"text/html,application/xhtml+xml,application/xml;q=0.9,image/avif,image/webp,image/apng,*/*;q=0.8,application/signed-exchange;v=b3;q=0.9","sec-fetch-site":"same-origin","sec-fetch-mode":"navigate","sec-fetch-user":"?1","sec-fetch-dest":"document","referer":"http://localhost:8080/gallery?page=2&limit=10","accept-encoding":"gzip, deflate, br","accept-language":"ru-RU,ru;q=0.9,en-US;q=0.8,en;q=0.7","cookie":"token=token","if-none-match":"W/\"585-JLuSLuPMd7PI2p/AMw+Rh063W1A\""} 
12-10-2021 10:19:07.639 INFO  Запрос на сервер: Method - GET; 
        URL - /gallery.js; 
        Body - {}; 
        Headers - {"host":"localhost:8080","connection":"keep-alive","sec-ch-ua":"\"Chromium\";v=\"94\", \"Google Chrome\";v=\"94\", \";Not A Brand\";v=\"99\"","if-none-match":"W/\"116b-17c708f5c80\"","if-modified-since":"Mon, 11 Oct 2021 18:13:36 GMT","sec-ch-ua-mobile":"?0","user-agent":"Mozilla/5.0 (Macintosh; Intel Mac OS X 10_15_7) AppleWebKit/537.36 (KHTML, like Gecko) Chrome/94.0.4606.81 Safari/537.36","sec-ch-ua-platform":"\"macOS\"","accept":"*/*","sec-fetch-site":"same-origin","sec-fetch-mode":"no-cors","sec-fetch-dest":"script","referer":"http://localhost:8080/gallery?page=1&limit=10","accept-encoding":"gzip, deflate, br","accept-language":"ru-RU,ru;q=0.9,en-US;q=0.8,en;q=0.7","cookie":"token=token"} 
12-10-2021 10:19:07.640 INFO  Запрос на сервер: Method - GET; 
        URL - /Screenshot%20(8).png; 
        Body - {}; 
        Headers - {"host":"localhost:8080","connection":"keep-alive","sec-ch-ua":"\"Chromium\";v=\"94\", \"Google Chrome\";v=\"94\", \";Not A Brand\";v=\"99\"","if-none-match":"W/\"b8987-17c70db6170\"","if-modified-since":"Mon, 11 Oct 2021 19:36:38 GMT","sec-ch-ua-mobile":"?0","user-agent":"Mozilla/5.0 (Macintosh; Intel Mac OS X 10_15_7) AppleWebKit/537.36 (KHTML, like Gecko) Chrome/94.0.4606.81 Safari/537.36","sec-ch-ua-platform":"\"macOS\"","accept":"image/avif,image/webp,image/apng,image/svg+xml,image/*,*/*;q=0.8","sec-fetch-site":"same-origin","sec-fetch-mode":"no-cors","sec-fetch-dest":"image","referer":"http://localhost:8080/gallery?page=1&limit=10","accept-encoding":"gzip, deflate, br","accept-language":"ru-RU,ru;q=0.9,en-US;q=0.8,en;q=0.7","cookie":"token=token"} 
12-10-2021 10:19:07.641 INFO  Запрос на сервер: Method - GET; 
        URL - /photo_2021-06-03_20-28-56.jpg; 
        Body - {}; 
        Headers - {"host":"localhost:8080","connection":"keep-alive","sec-ch-ua":"\"Chromium\";v=\"94\", \"Google Chrome\";v=\"94\", \";Not A Brand\";v=\"99\"","if-none-match":"W/\"110b2-17c70db4230\"","if-modified-since":"Mon, 11 Oct 2021 19:36:30 GMT","sec-ch-ua-mobile":"?0","user-agent":"Mozilla/5.0 (Macintosh; Intel Mac OS X 10_15_7) AppleWebKit/537.36 (KHTML, like Gecko) Chrome/94.0.4606.81 Safari/537.36","sec-ch-ua-platform":"\"macOS\"","accept":"image/avif,image/webp,image/apng,image/svg+xml,image/*,*/*;q=0.8","sec-fetch-site":"same-origin","sec-fetch-mode":"no-cors","sec-fetch-dest":"image","referer":"http://localhost:8080/gallery?page=1&limit=10","accept-encoding":"gzip, deflate, br","accept-language":"ru-RU,ru;q=0.9,en-US;q=0.8,en;q=0.7","cookie":"token=token"} 
12-10-2021 10:19:07.644 INFO  Запрос на сервер: Method - GET; 
        URL - /Screenshot%20(1).png; 
        Body - {}; 
        Headers - {"host":"localhost:8080","connection":"keep-alive","sec-ch-ua":"\"Chromium\";v=\"94\", \"Google Chrome\";v=\"94\", \";Not A Brand\";v=\"99\"","if-none-match":"W/\"3a83b-17c70db2ac0\"","if-modified-since":"Mon, 11 Oct 2021 19:36:24 GMT","sec-ch-ua-mobile":"?0","user-agent":"Mozilla/5.0 (Macintosh; Intel Mac OS X 10_15_7) AppleWebKit/537.36 (KHTML, like Gecko) Chrome/94.0.4606.81 Safari/537.36","sec-ch-ua-platform":"\"macOS\"","accept":"image/avif,image/webp,image/apng,image/svg+xml,image/*,*/*;q=0.8","sec-fetch-site":"same-origin","sec-fetch-mode":"no-cors","sec-fetch-dest":"image","referer":"http://localhost:8080/gallery?page=1&limit=10","accept-encoding":"gzip, deflate, br","accept-language":"ru-RU,ru;q=0.9,en-US;q=0.8,en;q=0.7","cookie":"token=token"} 
12-10-2021 10:20:58.055 INFO  Запрос на сервер: Method - GET; 
        URL - /; 
        Body - {}; 
        Headers - {"host":"localhost:8080","connection":"keep-alive","sec-ch-ua":"\"Chromium\";v=\"94\", \"Google Chrome\";v=\"94\", \";Not A Brand\";v=\"99\"","sec-ch-ua-mobile":"?0","sec-ch-ua-platform":"\"macOS\"","upgrade-insecure-requests":"1","user-agent":"Mozilla/5.0 (Macintosh; Intel Mac OS X 10_15_7) AppleWebKit/537.36 (KHTML, like Gecko) Chrome/94.0.4606.81 Safari/537.36","accept":"text/html,application/xhtml+xml,application/xml;q=0.9,image/avif,image/webp,image/apng,*/*;q=0.8,application/signed-exchange;v=b3;q=0.9","sec-fetch-site":"none","sec-fetch-mode":"navigate","sec-fetch-user":"?1","sec-fetch-dest":"document","accept-encoding":"gzip, deflate, br","accept-language":"ru-RU,ru;q=0.9,en-US;q=0.8,en;q=0.7","cookie":"token=token"} 
12-10-2021 10:20:58.207 INFO  Запрос на сервер: Method - GET; 
        URL - /login.js; 
        Body - {}; 
        Headers - {"host":"localhost:8080","connection":"keep-alive","sec-ch-ua":"\"Chromium\";v=\"94\", \"Google Chrome\";v=\"94\", \";Not A Brand\";v=\"99\"","origin":"http://localhost:8080","sec-ch-ua-mobile":"?0","user-agent":"Mozilla/5.0 (Macintosh; Intel Mac OS X 10_15_7) AppleWebKit/537.36 (KHTML, like Gecko) Chrome/94.0.4606.81 Safari/537.36","sec-ch-ua-platform":"\"macOS\"","accept":"*/*","sec-fetch-site":"same-origin","sec-fetch-mode":"cors","sec-fetch-dest":"script","referer":"http://localhost:8080/","accept-encoding":"gzip, deflate, br","accept-language":"ru-RU,ru;q=0.9,en-US;q=0.8,en;q=0.7","cookie":"token=token","if-none-match":"W/\"7f3-17c707ffb00\"","if-modified-since":"Mon, 11 Oct 2021 17:56:48 GMT"} 
12-10-2021 10:20:59.711 INFO  Запрос на сервер: Method - POST; 
        URL - /; 
        Body - {"email":"asergeev@flo.team","password":"jgF5tn4F","page":"1"}; 
        Headers - {"host":"localhost:8080","connection":"keep-alive","content-length":"62","sec-ch-ua":"\"Chromium\";v=\"94\", \"Google Chrome\";v=\"94\", \";Not A Brand\";v=\"99\"","content-type":"application/json","sec-ch-ua-mobile":"?0","user-agent":"Mozilla/5.0 (Macintosh; Intel Mac OS X 10_15_7) AppleWebKit/537.36 (KHTML, like Gecko) Chrome/94.0.4606.81 Safari/537.36","access-control-allow-methods":"POST","sec-ch-ua-platform":"\"macOS\"","accept":"*/*","origin":"http://localhost:8080","sec-fetch-site":"same-origin","sec-fetch-mode":"cors","sec-fetch-dest":"empty","referer":"http://localhost:8080/","accept-encoding":"gzip, deflate, br","accept-language":"ru-RU,ru;q=0.9,en-US;q=0.8,en;q=0.7","cookie":"token=token"} 
12-10-2021 10:20:59.730 INFO  Запрос на сервер: Method - GET; 
        URL - /gallery; 
        Body - {}; 
        Headers - {"host":"localhost:8080","connection":"keep-alive","sec-ch-ua":"\"Chromium\";v=\"94\", \"Google Chrome\";v=\"94\", \";Not A Brand\";v=\"99\"","sec-ch-ua-mobile":"?0","sec-ch-ua-platform":"\"macOS\"","upgrade-insecure-requests":"1","user-agent":"Mozilla/5.0 (Macintosh; Intel Mac OS X 10_15_7) AppleWebKit/537.36 (KHTML, like Gecko) Chrome/94.0.4606.81 Safari/537.36","accept":"text/html,application/xhtml+xml,application/xml;q=0.9,image/avif,image/webp,image/apng,*/*;q=0.8,application/signed-exchange;v=b3;q=0.9","sec-fetch-site":"same-origin","sec-fetch-mode":"navigate","sec-fetch-user":"?1","sec-fetch-dest":"document","referer":"http://localhost:8080/","accept-encoding":"gzip, deflate, br","accept-language":"ru-RU,ru;q=0.9,en-US;q=0.8,en;q=0.7","cookie":"token=token"} 
12-10-2021 10:20:59.821 INFO  Запрос на сервер: Method - GET; 
        URL - /gallery?page=1&limit=10; 
        Body - {}; 
        Headers - {"host":"localhost:8080","connection":"keep-alive","upgrade-insecure-requests":"1","user-agent":"Mozilla/5.0 (Macintosh; Intel Mac OS X 10_15_7) AppleWebKit/537.36 (KHTML, like Gecko) Chrome/94.0.4606.81 Safari/537.36","accept":"text/html,application/xhtml+xml,application/xml;q=0.9,image/avif,image/webp,image/apng,*/*;q=0.8,application/signed-exchange;v=b3;q=0.9","sec-fetch-site":"same-origin","sec-fetch-mode":"navigate","sec-fetch-user":"?1","sec-fetch-dest":"document","sec-ch-ua":"\"Chromium\";v=\"94\", \"Google Chrome\";v=\"94\", \";Not A Brand\";v=\"99\"","sec-ch-ua-mobile":"?0","sec-ch-ua-platform":"\"macOS\"","referer":"http://localhost:8080/","accept-encoding":"gzip, deflate, br","accept-language":"ru-RU,ru;q=0.9,en-US;q=0.8,en;q=0.7","cookie":"token=token","if-none-match":"W/\"585-JLuSLuPMd7PI2p/AMw+Rh063W1A\""} 
12-10-2021 10:21:01.452 INFO  Запрос на сервер: Method - GET; 
        URL - /gallery?page=1&limit=10; 
        Body - {}; 
        Headers - {"host":"localhost:8080","connection":"keep-alive","upgrade-insecure-requests":"1","user-agent":"Mozilla/5.0 (Macintosh; Intel Mac OS X 10_15_7) AppleWebKit/537.36 (KHTML, like Gecko) Chrome/94.0.4606.81 Safari/537.36","accept":"text/html,application/xhtml+xml,application/xml;q=0.9,image/avif,image/webp,image/apng,*/*;q=0.8,application/signed-exchange;v=b3;q=0.9","sec-fetch-site":"same-origin","sec-fetch-mode":"navigate","sec-fetch-user":"?1","sec-fetch-dest":"document","sec-ch-ua":"\"Chromium\";v=\"94\", \"Google Chrome\";v=\"94\", \";Not A Brand\";v=\"99\"","sec-ch-ua-mobile":"?0","sec-ch-ua-platform":"\"macOS\"","referer":"http://localhost:8080/","accept-encoding":"gzip, deflate, br","accept-language":"ru-RU,ru;q=0.9,en-US;q=0.8,en;q=0.7","cookie":"token=token","if-none-match":"W/\"585-JLuSLuPMd7PI2p/AMw+Rh063W1A\""} 
12-10-2021 10:21:02.013 INFO  Запрос на сервер: Method - GET; 
        URL - /Screenshot%20(1).png; 
        Body - {}; 
        Headers - {"host":"localhost:8080","connection":"keep-alive","sec-ch-ua":"\"Chromium\";v=\"94\", \"Google Chrome\";v=\"94\", \";Not A Brand\";v=\"99\"","sec-ch-ua-mobile":"?0","user-agent":"Mozilla/5.0 (Macintosh; Intel Mac OS X 10_15_7) AppleWebKit/537.36 (KHTML, like Gecko) Chrome/94.0.4606.81 Safari/537.36","sec-ch-ua-platform":"\"macOS\"","accept":"image/avif,image/webp,image/apng,image/svg+xml,image/*,*/*;q=0.8","sec-fetch-site":"same-origin","sec-fetch-mode":"no-cors","sec-fetch-dest":"image","referer":"http://localhost:8080/gallery?page=1&limit=10","accept-encoding":"gzip, deflate, br","accept-language":"ru-RU,ru;q=0.9,en-US;q=0.8,en;q=0.7","cookie":"token=token","if-none-match":"W/\"3a83b-17c70db2ac0\"","if-modified-since":"Mon, 11 Oct 2021 19:36:24 GMT"} 
12-10-2021 10:21:02.016 INFO  Запрос на сервер: Method - GET; 
        URL - /gallery.js; 
        Body - {}; 
        Headers - {"host":"localhost:8080","connection":"keep-alive","sec-ch-ua":"\"Chromium\";v=\"94\", \"Google Chrome\";v=\"94\", \";Not A Brand\";v=\"99\"","sec-ch-ua-mobile":"?0","user-agent":"Mozilla/5.0 (Macintosh; Intel Mac OS X 10_15_7) AppleWebKit/537.36 (KHTML, like Gecko) Chrome/94.0.4606.81 Safari/537.36","sec-ch-ua-platform":"\"macOS\"","accept":"*/*","sec-fetch-site":"same-origin","sec-fetch-mode":"no-cors","sec-fetch-dest":"script","referer":"http://localhost:8080/gallery?page=1&limit=10","accept-encoding":"gzip, deflate, br","accept-language":"ru-RU,ru;q=0.9,en-US;q=0.8,en;q=0.7","cookie":"token=token","if-none-match":"W/\"116b-17c708f5c80\"","if-modified-since":"Mon, 11 Oct 2021 18:13:36 GMT"} 
12-10-2021 10:21:02.017 INFO  Запрос на сервер: Method - GET; 
        URL - /Screenshot%20(8).png; 
        Body - {}; 
        Headers - {"host":"localhost:8080","connection":"keep-alive","sec-ch-ua":"\"Chromium\";v=\"94\", \"Google Chrome\";v=\"94\", \";Not A Brand\";v=\"99\"","sec-ch-ua-mobile":"?0","user-agent":"Mozilla/5.0 (Macintosh; Intel Mac OS X 10_15_7) AppleWebKit/537.36 (KHTML, like Gecko) Chrome/94.0.4606.81 Safari/537.36","sec-ch-ua-platform":"\"macOS\"","accept":"image/avif,image/webp,image/apng,image/svg+xml,image/*,*/*;q=0.8","sec-fetch-site":"same-origin","sec-fetch-mode":"no-cors","sec-fetch-dest":"image","referer":"http://localhost:8080/gallery?page=1&limit=10","accept-encoding":"gzip, deflate, br","accept-language":"ru-RU,ru;q=0.9,en-US;q=0.8,en;q=0.7","cookie":"token=token","if-none-match":"W/\"b8987-17c70db6170\"","if-modified-since":"Mon, 11 Oct 2021 19:36:38 GMT"} 
12-10-2021 10:21:02.018 INFO  Запрос на сервер: Method - GET; 
        URL - /photo_2021-06-03_20-28-56.jpg; 
        Body - {}; 
        Headers - {"host":"localhost:8080","connection":"keep-alive","sec-ch-ua":"\"Chromium\";v=\"94\", \"Google Chrome\";v=\"94\", \";Not A Brand\";v=\"99\"","sec-ch-ua-mobile":"?0","user-agent":"Mozilla/5.0 (Macintosh; Intel Mac OS X 10_15_7) AppleWebKit/537.36 (KHTML, like Gecko) Chrome/94.0.4606.81 Safari/537.36","sec-ch-ua-platform":"\"macOS\"","accept":"image/avif,image/webp,image/apng,image/svg+xml,image/*,*/*;q=0.8","sec-fetch-site":"same-origin","sec-fetch-mode":"no-cors","sec-fetch-dest":"image","referer":"http://localhost:8080/gallery?page=1&limit=10","accept-encoding":"gzip, deflate, br","accept-language":"ru-RU,ru;q=0.9,en-US;q=0.8,en;q=0.7","cookie":"token=token","if-none-match":"W/\"110b2-17c70db4230\"","if-modified-since":"Mon, 11 Oct 2021 19:36:30 GMT"} 
12-10-2021 10:22:55.039 INFO  Запрос на сервер: Method - GET; 
        URL - /gallery?page=1&limit=10; 
        Body - {}; 
        Headers - {"host":"localhost:8080","connection":"keep-alive","cache-control":"max-age=0","sec-ch-ua":"\"Chromium\";v=\"94\", \"Google Chrome\";v=\"94\", \";Not A Brand\";v=\"99\"","sec-ch-ua-mobile":"?0","sec-ch-ua-platform":"\"macOS\"","upgrade-insecure-requests":"1","user-agent":"Mozilla/5.0 (Macintosh; Intel Mac OS X 10_15_7) AppleWebKit/537.36 (KHTML, like Gecko) Chrome/94.0.4606.81 Safari/537.36","accept":"text/html,application/xhtml+xml,application/xml;q=0.9,image/avif,image/webp,image/apng,*/*;q=0.8,application/signed-exchange;v=b3;q=0.9","sec-fetch-site":"none","sec-fetch-mode":"navigate","sec-fetch-user":"?1","sec-fetch-dest":"document","accept-encoding":"gzip, deflate, br","accept-language":"ru-RU,ru;q=0.9,en-US;q=0.8,en;q=0.7","cookie":"token=token","if-none-match":"W/\"585-JLuSLuPMd7PI2p/AMw+Rh063W1A\""} 
12-10-2021 10:24:55.527 INFO  Запрос на сервер: Method - GET; 
        URL - /gallery?page=1&limit=10; 
        Body - {}; 
        Headers - {"host":"localhost:8080","connection":"keep-alive","cache-control":"max-age=0","sec-ch-ua":"\"Chromium\";v=\"94\", \"Google Chrome\";v=\"94\", \";Not A Brand\";v=\"99\"","sec-ch-ua-mobile":"?0","sec-ch-ua-platform":"\"macOS\"","upgrade-insecure-requests":"1","user-agent":"Mozilla/5.0 (Macintosh; Intel Mac OS X 10_15_7) AppleWebKit/537.36 (KHTML, like Gecko) Chrome/94.0.4606.81 Safari/537.36","accept":"text/html,application/xhtml+xml,application/xml;q=0.9,image/avif,image/webp,image/apng,*/*;q=0.8,application/signed-exchange;v=b3;q=0.9","sec-fetch-site":"none","sec-fetch-mode":"navigate","sec-fetch-user":"?1","sec-fetch-dest":"document","accept-encoding":"gzip, deflate, br","accept-language":"ru-RU,ru;q=0.9,en-US;q=0.8,en;q=0.7","cookie":"token=token","if-none-match":"W/\"585-JLuSLuPMd7PI2p/AMw+Rh063W1A\""} 
12-10-2021 10:24:56.808 INFO  Запрос на сервер: Method - GET; 
        URL - /Screenshot%20(1).png; 
        Body - {}; 
        Headers - {"host":"localhost:8080","connection":"keep-alive","sec-ch-ua":"\"Chromium\";v=\"94\", \"Google Chrome\";v=\"94\", \";Not A Brand\";v=\"99\"","sec-ch-ua-mobile":"?0","user-agent":"Mozilla/5.0 (Macintosh; Intel Mac OS X 10_15_7) AppleWebKit/537.36 (KHTML, like Gecko) Chrome/94.0.4606.81 Safari/537.36","sec-ch-ua-platform":"\"macOS\"","accept":"image/avif,image/webp,image/apng,image/svg+xml,image/*,*/*;q=0.8","sec-fetch-site":"same-origin","sec-fetch-mode":"no-cors","sec-fetch-dest":"image","referer":"http://localhost:8080/gallery?page=1&limit=10","accept-encoding":"gzip, deflate, br","accept-language":"ru-RU,ru;q=0.9,en-US;q=0.8,en;q=0.7","cookie":"token=token","if-none-match":"W/\"3a83b-17c70db2ac0\"","if-modified-since":"Mon, 11 Oct 2021 19:36:24 GMT"} 
12-10-2021 10:24:56.809 INFO  Запрос на сервер: Method - GET; 
        URL - /Screenshot%20(8).png; 
        Body - {}; 
        Headers - {"host":"localhost:8080","connection":"keep-alive","sec-ch-ua":"\"Chromium\";v=\"94\", \"Google Chrome\";v=\"94\", \";Not A Brand\";v=\"99\"","sec-ch-ua-mobile":"?0","user-agent":"Mozilla/5.0 (Macintosh; Intel Mac OS X 10_15_7) AppleWebKit/537.36 (KHTML, like Gecko) Chrome/94.0.4606.81 Safari/537.36","sec-ch-ua-platform":"\"macOS\"","accept":"image/avif,image/webp,image/apng,image/svg+xml,image/*,*/*;q=0.8","sec-fetch-site":"same-origin","sec-fetch-mode":"no-cors","sec-fetch-dest":"image","referer":"http://localhost:8080/gallery?page=1&limit=10","accept-encoding":"gzip, deflate, br","accept-language":"ru-RU,ru;q=0.9,en-US;q=0.8,en;q=0.7","cookie":"token=token","if-none-match":"W/\"b8987-17c70db6170\"","if-modified-since":"Mon, 11 Oct 2021 19:36:38 GMT"} 
12-10-2021 10:24:56.827 INFO  Запрос на сервер: Method - GET; 
        URL - /gallery.js; 
        Body - {}; 
        Headers - {"host":"localhost:8080","connection":"keep-alive","sec-ch-ua":"\"Chromium\";v=\"94\", \"Google Chrome\";v=\"94\", \";Not A Brand\";v=\"99\"","sec-ch-ua-mobile":"?0","user-agent":"Mozilla/5.0 (Macintosh; Intel Mac OS X 10_15_7) AppleWebKit/537.36 (KHTML, like Gecko) Chrome/94.0.4606.81 Safari/537.36","sec-ch-ua-platform":"\"macOS\"","accept":"*/*","sec-fetch-site":"same-origin","sec-fetch-mode":"no-cors","sec-fetch-dest":"script","referer":"http://localhost:8080/gallery?page=1&limit=10","accept-encoding":"gzip, deflate, br","accept-language":"ru-RU,ru;q=0.9,en-US;q=0.8,en;q=0.7","cookie":"token=token","if-none-match":"W/\"116b-17c708f5c80\"","if-modified-since":"Mon, 11 Oct 2021 18:13:36 GMT"} 
12-10-2021 10:24:56.829 INFO  Запрос на сервер: Method - GET; 
        URL - /photo_2021-06-03_20-28-56.jpg; 
        Body - {}; 
        Headers - {"host":"localhost:8080","connection":"keep-alive","sec-ch-ua":"\"Chromium\";v=\"94\", \"Google Chrome\";v=\"94\", \";Not A Brand\";v=\"99\"","sec-ch-ua-mobile":"?0","user-agent":"Mozilla/5.0 (Macintosh; Intel Mac OS X 10_15_7) AppleWebKit/537.36 (KHTML, like Gecko) Chrome/94.0.4606.81 Safari/537.36","sec-ch-ua-platform":"\"macOS\"","accept":"image/avif,image/webp,image/apng,image/svg+xml,image/*,*/*;q=0.8","sec-fetch-site":"same-origin","sec-fetch-mode":"no-cors","sec-fetch-dest":"image","referer":"http://localhost:8080/gallery?page=1&limit=10","accept-encoding":"gzip, deflate, br","accept-language":"ru-RU,ru;q=0.9,en-US;q=0.8,en;q=0.7","cookie":"token=token","if-none-match":"W/\"110b2-17c70db4230\"","if-modified-since":"Mon, 11 Oct 2021 19:36:30 GMT"} 
12-10-2021 10:27:16.089 INFO  Запрос на сервер: Method - GET; 
        URL - /gallery?page=1&limit=10; 
        Body - {}; 
        Headers - {"host":"localhost:8080","connection":"keep-alive","cache-control":"max-age=0","sec-ch-ua":"\"Chromium\";v=\"94\", \"Google Chrome\";v=\"94\", \";Not A Brand\";v=\"99\"","sec-ch-ua-mobile":"?0","sec-ch-ua-platform":"\"macOS\"","upgrade-insecure-requests":"1","user-agent":"Mozilla/5.0 (Macintosh; Intel Mac OS X 10_15_7) AppleWebKit/537.36 (KHTML, like Gecko) Chrome/94.0.4606.81 Safari/537.36","accept":"text/html,application/xhtml+xml,application/xml;q=0.9,image/avif,image/webp,image/apng,*/*;q=0.8,application/signed-exchange;v=b3;q=0.9","sec-fetch-site":"none","sec-fetch-mode":"navigate","sec-fetch-user":"?1","sec-fetch-dest":"document","accept-encoding":"gzip, deflate, br","accept-language":"ru-RU,ru;q=0.9,en-US;q=0.8,en;q=0.7","cookie":"token=token","if-none-match":"W/\"585-JLuSLuPMd7PI2p/AMw+Rh063W1A\""} 
12-10-2021 10:27:16.537 INFO  Запрос на сервер: Method - GET; 
        URL - /Screenshot%20(1).png; 
        Body - {}; 
        Headers - {"host":"localhost:8080","connection":"keep-alive","sec-ch-ua":"\"Chromium\";v=\"94\", \"Google Chrome\";v=\"94\", \";Not A Brand\";v=\"99\"","if-none-match":"W/\"3a83b-17c70db2ac0\"","if-modified-since":"Mon, 11 Oct 2021 19:36:24 GMT","sec-ch-ua-mobile":"?0","user-agent":"Mozilla/5.0 (Macintosh; Intel Mac OS X 10_15_7) AppleWebKit/537.36 (KHTML, like Gecko) Chrome/94.0.4606.81 Safari/537.36","sec-ch-ua-platform":"\"macOS\"","accept":"image/avif,image/webp,image/apng,image/svg+xml,image/*,*/*;q=0.8","sec-fetch-site":"same-origin","sec-fetch-mode":"no-cors","sec-fetch-dest":"image","referer":"http://localhost:8080/gallery?page=1&limit=10","accept-encoding":"gzip, deflate, br","accept-language":"ru-RU,ru;q=0.9,en-US;q=0.8,en;q=0.7","cookie":"token=token"} 
12-10-2021 10:27:16.538 INFO  Запрос на сервер: Method - GET; 
        URL - /Screenshot%20(8).png; 
        Body - {}; 
        Headers - {"host":"localhost:8080","connection":"keep-alive","sec-ch-ua":"\"Chromium\";v=\"94\", \"Google Chrome\";v=\"94\", \";Not A Brand\";v=\"99\"","if-none-match":"W/\"b8987-17c70db6170\"","if-modified-since":"Mon, 11 Oct 2021 19:36:38 GMT","sec-ch-ua-mobile":"?0","user-agent":"Mozilla/5.0 (Macintosh; Intel Mac OS X 10_15_7) AppleWebKit/537.36 (KHTML, like Gecko) Chrome/94.0.4606.81 Safari/537.36","sec-ch-ua-platform":"\"macOS\"","accept":"image/avif,image/webp,image/apng,image/svg+xml,image/*,*/*;q=0.8","sec-fetch-site":"same-origin","sec-fetch-mode":"no-cors","sec-fetch-dest":"image","referer":"http://localhost:8080/gallery?page=1&limit=10","accept-encoding":"gzip, deflate, br","accept-language":"ru-RU,ru;q=0.9,en-US;q=0.8,en;q=0.7","cookie":"token=token"} 
12-10-2021 10:27:16.544 INFO  Запрос на сервер: Method - GET; 
        URL - /gallery.js; 
        Body - {}; 
        Headers - {"host":"localhost:8080","connection":"keep-alive","sec-ch-ua":"\"Chromium\";v=\"94\", \"Google Chrome\";v=\"94\", \";Not A Brand\";v=\"99\"","if-none-match":"W/\"116b-17c708f5c80\"","if-modified-since":"Mon, 11 Oct 2021 18:13:36 GMT","sec-ch-ua-mobile":"?0","user-agent":"Mozilla/5.0 (Macintosh; Intel Mac OS X 10_15_7) AppleWebKit/537.36 (KHTML, like Gecko) Chrome/94.0.4606.81 Safari/537.36","sec-ch-ua-platform":"\"macOS\"","accept":"*/*","sec-fetch-site":"same-origin","sec-fetch-mode":"no-cors","sec-fetch-dest":"script","referer":"http://localhost:8080/gallery?page=1&limit=10","accept-encoding":"gzip, deflate, br","accept-language":"ru-RU,ru;q=0.9,en-US;q=0.8,en;q=0.7","cookie":"token=token"} 
12-10-2021 10:27:16.545 INFO  Запрос на сервер: Method - GET; 
        URL - /photo_2021-06-03_20-28-56.jpg; 
        Body - {}; 
        Headers - {"host":"localhost:8080","connection":"keep-alive","sec-ch-ua":"\"Chromium\";v=\"94\", \"Google Chrome\";v=\"94\", \";Not A Brand\";v=\"99\"","if-none-match":"W/\"110b2-17c70db4230\"","if-modified-since":"Mon, 11 Oct 2021 19:36:30 GMT","sec-ch-ua-mobile":"?0","user-agent":"Mozilla/5.0 (Macintosh; Intel Mac OS X 10_15_7) AppleWebKit/537.36 (KHTML, like Gecko) Chrome/94.0.4606.81 Safari/537.36","sec-ch-ua-platform":"\"macOS\"","accept":"image/avif,image/webp,image/apng,image/svg+xml,image/*,*/*;q=0.8","sec-fetch-site":"same-origin","sec-fetch-mode":"no-cors","sec-fetch-dest":"image","referer":"http://localhost:8080/gallery?page=1&limit=10","accept-encoding":"gzip, deflate, br","accept-language":"ru-RU,ru;q=0.9,en-US;q=0.8,en;q=0.7","cookie":"token=token"} 
12-10-2021 10:28:11.773 INFO  Запрос на сервер: Method - GET; 
        URL - /gallery?page=1&limit=10; 
        Body - {}; 
        Headers - {"host":"localhost:8080","connection":"keep-alive","cache-control":"max-age=0","sec-ch-ua":"\"Chromium\";v=\"94\", \"Google Chrome\";v=\"94\", \";Not A Brand\";v=\"99\"","sec-ch-ua-mobile":"?0","sec-ch-ua-platform":"\"macOS\"","upgrade-insecure-requests":"1","user-agent":"Mozilla/5.0 (Macintosh; Intel Mac OS X 10_15_7) AppleWebKit/537.36 (KHTML, like Gecko) Chrome/94.0.4606.81 Safari/537.36","accept":"text/html,application/xhtml+xml,application/xml;q=0.9,image/avif,image/webp,image/apng,*/*;q=0.8,application/signed-exchange;v=b3;q=0.9","sec-fetch-site":"none","sec-fetch-mode":"navigate","sec-fetch-user":"?1","sec-fetch-dest":"document","accept-encoding":"gzip, deflate, br","accept-language":"ru-RU,ru;q=0.9,en-US;q=0.8,en;q=0.7","cookie":"token=token","if-none-match":"W/\"585-JLuSLuPMd7PI2p/AMw+Rh063W1A\""} 
12-10-2021 10:28:12.220 INFO  Запрос на сервер: Method - GET; 
        URL - /Screenshot%20(1).png; 
        Body - {}; 
        Headers - {"host":"localhost:8080","connection":"keep-alive","sec-ch-ua":"\"Chromium\";v=\"94\", \"Google Chrome\";v=\"94\", \";Not A Brand\";v=\"99\"","if-none-match":"W/\"3a83b-17c70db2ac0\"","if-modified-since":"Mon, 11 Oct 2021 19:36:24 GMT","sec-ch-ua-mobile":"?0","user-agent":"Mozilla/5.0 (Macintosh; Intel Mac OS X 10_15_7) AppleWebKit/537.36 (KHTML, like Gecko) Chrome/94.0.4606.81 Safari/537.36","sec-ch-ua-platform":"\"macOS\"","accept":"image/avif,image/webp,image/apng,image/svg+xml,image/*,*/*;q=0.8","sec-fetch-site":"same-origin","sec-fetch-mode":"no-cors","sec-fetch-dest":"image","referer":"http://localhost:8080/gallery?page=1&limit=10","accept-encoding":"gzip, deflate, br","accept-language":"ru-RU,ru;q=0.9,en-US;q=0.8,en;q=0.7","cookie":"token=token"} 
12-10-2021 10:28:12.221 INFO  Запрос на сервер: Method - GET; 
        URL - /Screenshot%20(8).png; 
        Body - {}; 
        Headers - {"host":"localhost:8080","connection":"keep-alive","sec-ch-ua":"\"Chromium\";v=\"94\", \"Google Chrome\";v=\"94\", \";Not A Brand\";v=\"99\"","if-none-match":"W/\"b8987-17c70db6170\"","if-modified-since":"Mon, 11 Oct 2021 19:36:38 GMT","sec-ch-ua-mobile":"?0","user-agent":"Mozilla/5.0 (Macintosh; Intel Mac OS X 10_15_7) AppleWebKit/537.36 (KHTML, like Gecko) Chrome/94.0.4606.81 Safari/537.36","sec-ch-ua-platform":"\"macOS\"","accept":"image/avif,image/webp,image/apng,image/svg+xml,image/*,*/*;q=0.8","sec-fetch-site":"same-origin","sec-fetch-mode":"no-cors","sec-fetch-dest":"image","referer":"http://localhost:8080/gallery?page=1&limit=10","accept-encoding":"gzip, deflate, br","accept-language":"ru-RU,ru;q=0.9,en-US;q=0.8,en;q=0.7","cookie":"token=token"} 
12-10-2021 10:28:12.224 INFO  Запрос на сервер: Method - GET; 
        URL - /gallery.js; 
        Body - {}; 
        Headers - {"host":"localhost:8080","connection":"keep-alive","sec-ch-ua":"\"Chromium\";v=\"94\", \"Google Chrome\";v=\"94\", \";Not A Brand\";v=\"99\"","if-none-match":"W/\"116b-17c708f5c80\"","if-modified-since":"Mon, 11 Oct 2021 18:13:36 GMT","sec-ch-ua-mobile":"?0","user-agent":"Mozilla/5.0 (Macintosh; Intel Mac OS X 10_15_7) AppleWebKit/537.36 (KHTML, like Gecko) Chrome/94.0.4606.81 Safari/537.36","sec-ch-ua-platform":"\"macOS\"","accept":"*/*","sec-fetch-site":"same-origin","sec-fetch-mode":"no-cors","sec-fetch-dest":"script","referer":"http://localhost:8080/gallery?page=1&limit=10","accept-encoding":"gzip, deflate, br","accept-language":"ru-RU,ru;q=0.9,en-US;q=0.8,en;q=0.7","cookie":"token=token"} 
12-10-2021 10:28:12.227 INFO  Запрос на сервер: Method - GET; 
        URL - /photo_2021-06-03_20-28-56.jpg; 
        Body - {}; 
        Headers - {"host":"localhost:8080","connection":"keep-alive","sec-ch-ua":"\"Chromium\";v=\"94\", \"Google Chrome\";v=\"94\", \";Not A Brand\";v=\"99\"","if-none-match":"W/\"110b2-17c70db4230\"","if-modified-since":"Mon, 11 Oct 2021 19:36:30 GMT","sec-ch-ua-mobile":"?0","user-agent":"Mozilla/5.0 (Macintosh; Intel Mac OS X 10_15_7) AppleWebKit/537.36 (KHTML, like Gecko) Chrome/94.0.4606.81 Safari/537.36","sec-ch-ua-platform":"\"macOS\"","accept":"image/avif,image/webp,image/apng,image/svg+xml,image/*,*/*;q=0.8","sec-fetch-site":"same-origin","sec-fetch-mode":"no-cors","sec-fetch-dest":"image","referer":"http://localhost:8080/gallery?page=1&limit=10","accept-encoding":"gzip, deflate, br","accept-language":"ru-RU,ru;q=0.9,en-US;q=0.8,en;q=0.7","cookie":"token=token"} 
12-10-2021 10:29:19.236 INFO  Запрос на сервер: Method - GET; 
        URL - /gallery?page=1&limit=10; 
        Body - {}; 
        Headers - {"host":"localhost:8080","connection":"keep-alive","cache-control":"max-age=0","sec-ch-ua":"\"Chromium\";v=\"94\", \"Google Chrome\";v=\"94\", \";Not A Brand\";v=\"99\"","sec-ch-ua-mobile":"?0","sec-ch-ua-platform":"\"macOS\"","upgrade-insecure-requests":"1","user-agent":"Mozilla/5.0 (Macintosh; Intel Mac OS X 10_15_7) AppleWebKit/537.36 (KHTML, like Gecko) Chrome/94.0.4606.81 Safari/537.36","accept":"text/html,application/xhtml+xml,application/xml;q=0.9,image/avif,image/webp,image/apng,*/*;q=0.8,application/signed-exchange;v=b3;q=0.9","sec-fetch-site":"none","sec-fetch-mode":"navigate","sec-fetch-user":"?1","sec-fetch-dest":"document","accept-encoding":"gzip, deflate, br","accept-language":"ru-RU,ru;q=0.9,en-US;q=0.8,en;q=0.7","cookie":"token=token","if-none-match":"W/\"585-JLuSLuPMd7PI2p/AMw+Rh063W1A\""} 
12-10-2021 10:29:20.481 INFO  Запрос на сервер: Method - GET; 
        URL - /Screenshot%20(1).png; 
        Body - {}; 
        Headers - {"host":"localhost:8080","connection":"keep-alive","sec-ch-ua":"\"Chromium\";v=\"94\", \"Google Chrome\";v=\"94\", \";Not A Brand\";v=\"99\"","if-none-match":"W/\"3a83b-17c70db2ac0\"","if-modified-since":"Mon, 11 Oct 2021 19:36:24 GMT","sec-ch-ua-mobile":"?0","user-agent":"Mozilla/5.0 (Macintosh; Intel Mac OS X 10_15_7) AppleWebKit/537.36 (KHTML, like Gecko) Chrome/94.0.4606.81 Safari/537.36","sec-ch-ua-platform":"\"macOS\"","accept":"image/avif,image/webp,image/apng,image/svg+xml,image/*,*/*;q=0.8","sec-fetch-site":"same-origin","sec-fetch-mode":"no-cors","sec-fetch-dest":"image","referer":"http://localhost:8080/gallery?page=1&limit=10","accept-encoding":"gzip, deflate, br","accept-language":"ru-RU,ru;q=0.9,en-US;q=0.8,en;q=0.7","cookie":"token=token"} 
12-10-2021 10:29:20.482 INFO  Запрос на сервер: Method - GET; 
        URL - /Screenshot%20(8).png; 
        Body - {}; 
        Headers - {"host":"localhost:8080","connection":"keep-alive","sec-ch-ua":"\"Chromium\";v=\"94\", \"Google Chrome\";v=\"94\", \";Not A Brand\";v=\"99\"","if-none-match":"W/\"b8987-17c70db6170\"","if-modified-since":"Mon, 11 Oct 2021 19:36:38 GMT","sec-ch-ua-mobile":"?0","user-agent":"Mozilla/5.0 (Macintosh; Intel Mac OS X 10_15_7) AppleWebKit/537.36 (KHTML, like Gecko) Chrome/94.0.4606.81 Safari/537.36","sec-ch-ua-platform":"\"macOS\"","accept":"image/avif,image/webp,image/apng,image/svg+xml,image/*,*/*;q=0.8","sec-fetch-site":"same-origin","sec-fetch-mode":"no-cors","sec-fetch-dest":"image","referer":"http://localhost:8080/gallery?page=1&limit=10","accept-encoding":"gzip, deflate, br","accept-language":"ru-RU,ru;q=0.9,en-US;q=0.8,en;q=0.7","cookie":"token=token"} 
12-10-2021 10:29:20.493 INFO  Запрос на сервер: Method - GET; 
        URL - /gallery.js; 
        Body - {}; 
        Headers - {"host":"localhost:8080","connection":"keep-alive","sec-ch-ua":"\"Chromium\";v=\"94\", \"Google Chrome\";v=\"94\", \";Not A Brand\";v=\"99\"","if-none-match":"W/\"116b-17c708f5c80\"","if-modified-since":"Mon, 11 Oct 2021 18:13:36 GMT","sec-ch-ua-mobile":"?0","user-agent":"Mozilla/5.0 (Macintosh; Intel Mac OS X 10_15_7) AppleWebKit/537.36 (KHTML, like Gecko) Chrome/94.0.4606.81 Safari/537.36","sec-ch-ua-platform":"\"macOS\"","accept":"*/*","sec-fetch-site":"same-origin","sec-fetch-mode":"no-cors","sec-fetch-dest":"script","referer":"http://localhost:8080/gallery?page=1&limit=10","accept-encoding":"gzip, deflate, br","accept-language":"ru-RU,ru;q=0.9,en-US;q=0.8,en;q=0.7","cookie":"token=token"} 
12-10-2021 10:30:24.979 INFO  Запрос на сервер: Method - GET; 
        URL - /images; 
        Body - {}; 
        Headers - {"host":"localhost:8080","connection":"keep-alive","sec-ch-ua":"\"Chromium\";v=\"94\", \"Google Chrome\";v=\"94\", \";Not A Brand\";v=\"99\"","sec-ch-ua-mobile":"?0","sec-ch-ua-platform":"\"macOS\"","upgrade-insecure-requests":"1","user-agent":"Mozilla/5.0 (Macintosh; Intel Mac OS X 10_15_7) AppleWebKit/537.36 (KHTML, like Gecko) Chrome/94.0.4606.81 Safari/537.36","accept":"text/html,application/xhtml+xml,application/xml;q=0.9,image/avif,image/webp,image/apng,*/*;q=0.8,application/signed-exchange;v=b3;q=0.9","sec-fetch-site":"none","sec-fetch-mode":"navigate","sec-fetch-user":"?1","sec-fetch-dest":"document","accept-encoding":"gzip, deflate, br","accept-language":"ru-RU,ru;q=0.9,en-US;q=0.8,en;q=0.7","cookie":"token=token"} 
12-10-2021 10:31:35.842 INFO  Запрос на сервер: Method - GET; 
        URL - /images; 
        Body - {}; 
        Headers - {"host":"localhost:8080","connection":"keep-alive","cache-control":"max-age=0","sec-ch-ua":"\"Chromium\";v=\"94\", \"Google Chrome\";v=\"94\", \";Not A Brand\";v=\"99\"","sec-ch-ua-mobile":"?0","sec-ch-ua-platform":"\"macOS\"","upgrade-insecure-requests":"1","user-agent":"Mozilla/5.0 (Macintosh; Intel Mac OS X 10_15_7) AppleWebKit/537.36 (KHTML, like Gecko) Chrome/94.0.4606.81 Safari/537.36","accept":"text/html,application/xhtml+xml,application/xml;q=0.9,image/avif,image/webp,image/apng,*/*;q=0.8,application/signed-exchange;v=b3;q=0.9","sec-fetch-site":"none","sec-fetch-mode":"navigate","sec-fetch-user":"?1","sec-fetch-dest":"document","accept-encoding":"gzip, deflate, br","accept-language":"ru-RU,ru;q=0.9,en-US;q=0.8,en;q=0.7","cookie":"token=token"} 
12-10-2021 10:32:53.645 INFO  Запрос на сервер: Method - GET; 
        URL - /images; 
        Body - {}; 
        Headers - {"host":"localhost:8080","connection":"keep-alive","cache-control":"max-age=0","sec-ch-ua":"\"Chromium\";v=\"94\", \"Google Chrome\";v=\"94\", \";Not A Brand\";v=\"99\"","sec-ch-ua-mobile":"?0","sec-ch-ua-platform":"\"macOS\"","upgrade-insecure-requests":"1","user-agent":"Mozilla/5.0 (Macintosh; Intel Mac OS X 10_15_7) AppleWebKit/537.36 (KHTML, like Gecko) Chrome/94.0.4606.81 Safari/537.36","accept":"text/html,application/xhtml+xml,application/xml;q=0.9,image/avif,image/webp,image/apng,*/*;q=0.8,application/signed-exchange;v=b3;q=0.9","sec-fetch-site":"none","sec-fetch-mode":"navigate","sec-fetch-user":"?1","sec-fetch-dest":"document","accept-encoding":"gzip, deflate, br","accept-language":"ru-RU,ru;q=0.9,en-US;q=0.8,en;q=0.7","cookie":"token=token"} 
12-10-2021 10:34:16.154 INFO  Запрос на сервер: Method - GET; 
        URL - /images; 
        Body - {}; 
        Headers - {"host":"localhost:8080","connection":"keep-alive","cache-control":"max-age=0","sec-ch-ua":"\"Chromium\";v=\"94\", \"Google Chrome\";v=\"94\", \";Not A Brand\";v=\"99\"","sec-ch-ua-mobile":"?0","sec-ch-ua-platform":"\"macOS\"","upgrade-insecure-requests":"1","user-agent":"Mozilla/5.0 (Macintosh; Intel Mac OS X 10_15_7) AppleWebKit/537.36 (KHTML, like Gecko) Chrome/94.0.4606.81 Safari/537.36","accept":"text/html,application/xhtml+xml,application/xml;q=0.9,image/avif,image/webp,image/apng,*/*;q=0.8,application/signed-exchange;v=b3;q=0.9","sec-fetch-site":"none","sec-fetch-mode":"navigate","sec-fetch-user":"?1","sec-fetch-dest":"document","accept-encoding":"gzip, deflate, br","accept-language":"ru-RU,ru;q=0.9,en-US;q=0.8,en;q=0.7","cookie":"token=token"} 
12-10-2021 10:36:16.478 INFO  Запрос на сервер: Method - GET; 
        URL - /images; 
        Body - {}; 
        Headers - {"host":"localhost:8080","connection":"keep-alive","cache-control":"max-age=0","sec-ch-ua":"\"Chromium\";v=\"94\", \"Google Chrome\";v=\"94\", \";Not A Brand\";v=\"99\"","sec-ch-ua-mobile":"?0","sec-ch-ua-platform":"\"macOS\"","upgrade-insecure-requests":"1","user-agent":"Mozilla/5.0 (Macintosh; Intel Mac OS X 10_15_7) AppleWebKit/537.36 (KHTML, like Gecko) Chrome/94.0.4606.81 Safari/537.36","accept":"text/html,application/xhtml+xml,application/xml;q=0.9,image/avif,image/webp,image/apng,*/*;q=0.8,application/signed-exchange;v=b3;q=0.9","sec-fetch-site":"none","sec-fetch-mode":"navigate","sec-fetch-user":"?1","sec-fetch-dest":"document","accept-encoding":"gzip, deflate, br","accept-language":"ru-RU,ru;q=0.9,en-US;q=0.8,en;q=0.7","cookie":"token=token"} 
12-10-2021 10:43:47.409 INFO  Запрос на сервер: Method - GET; 
        URL - /images; 
        Body - {}; 
        Headers - {"host":"localhost:8080","connection":"keep-alive","cache-control":"max-age=0","sec-ch-ua":"\"Chromium\";v=\"94\", \"Google Chrome\";v=\"94\", \";Not A Brand\";v=\"99\"","sec-ch-ua-mobile":"?0","sec-ch-ua-platform":"\"macOS\"","upgrade-insecure-requests":"1","user-agent":"Mozilla/5.0 (Macintosh; Intel Mac OS X 10_15_7) AppleWebKit/537.36 (KHTML, like Gecko) Chrome/94.0.4606.81 Safari/537.36","accept":"text/html,application/xhtml+xml,application/xml;q=0.9,image/avif,image/webp,image/apng,*/*;q=0.8,application/signed-exchange;v=b3;q=0.9","sec-fetch-site":"none","sec-fetch-mode":"navigate","sec-fetch-user":"?1","sec-fetch-dest":"document","accept-encoding":"gzip, deflate, br","accept-language":"ru-RU,ru;q=0.9,en-US;q=0.8,en;q=0.7","cookie":"token=token"} 
12-10-2021 10:44:34.210 INFO  Запрос на сервер: Method - GET; 
        URL - /images; 
        Body - {}; 
        Headers - {"host":"localhost:8080","connection":"keep-alive","cache-control":"max-age=0","sec-ch-ua":"\"Chromium\";v=\"94\", \"Google Chrome\";v=\"94\", \";Not A Brand\";v=\"99\"","sec-ch-ua-mobile":"?0","sec-ch-ua-platform":"\"macOS\"","upgrade-insecure-requests":"1","user-agent":"Mozilla/5.0 (Macintosh; Intel Mac OS X 10_15_7) AppleWebKit/537.36 (KHTML, like Gecko) Chrome/94.0.4606.81 Safari/537.36","accept":"text/html,application/xhtml+xml,application/xml;q=0.9,image/avif,image/webp,image/apng,*/*;q=0.8,application/signed-exchange;v=b3;q=0.9","sec-fetch-site":"none","sec-fetch-mode":"navigate","sec-fetch-user":"?1","sec-fetch-dest":"document","accept-encoding":"gzip, deflate, br","accept-language":"ru-RU,ru;q=0.9,en-US;q=0.8,en;q=0.7","cookie":"token=token"} 
12-10-2021 10:44:46.358 INFO  Запрос на сервер: Method - GET; 
        URL - /; 
        Body - {}; 
        Headers - {"host":"localhost:8080","connection":"keep-alive","sec-ch-ua":"\"Chromium\";v=\"94\", \"Google Chrome\";v=\"94\", \";Not A Brand\";v=\"99\"","sec-ch-ua-mobile":"?0","sec-ch-ua-platform":"\"macOS\"","upgrade-insecure-requests":"1","user-agent":"Mozilla/5.0 (Macintosh; Intel Mac OS X 10_15_7) AppleWebKit/537.36 (KHTML, like Gecko) Chrome/94.0.4606.81 Safari/537.36","accept":"text/html,application/xhtml+xml,application/xml;q=0.9,image/avif,image/webp,image/apng,*/*;q=0.8,application/signed-exchange;v=b3;q=0.9","purpose":"prefetch","sec-fetch-site":"none","sec-fetch-mode":"navigate","sec-fetch-user":"?1","sec-fetch-dest":"document","accept-encoding":"gzip, deflate, br","accept-language":"ru-RU,ru;q=0.9,en-US;q=0.8,en;q=0.7","cookie":"token=token"} 
12-10-2021 10:44:46.444 INFO  Запрос на сервер: Method - GET; 
        URL - /login.js; 
        Body - {}; 
        Headers - {"host":"localhost:8080","connection":"keep-alive","sec-ch-ua":"\"Chromium\";v=\"94\", \"Google Chrome\";v=\"94\", \";Not A Brand\";v=\"99\"","origin":"http://localhost:8080","sec-ch-ua-mobile":"?0","user-agent":"Mozilla/5.0 (Macintosh; Intel Mac OS X 10_15_7) AppleWebKit/537.36 (KHTML, like Gecko) Chrome/94.0.4606.81 Safari/537.36","sec-ch-ua-platform":"\"macOS\"","accept":"application/signed-exchange;v=b3;q=0.9,*/*;q=0.8","purpose":"prefetch","sec-fetch-site":"same-origin","sec-fetch-mode":"cors","sec-fetch-dest":"script","referer":"http://localhost:8080/","accept-encoding":"gzip, deflate, br","accept-language":"ru-RU,ru;q=0.9,en-US;q=0.8,en;q=0.7","cookie":"token=token","if-none-match":"W/\"7f3-17c707ffb00\"","if-modified-since":"Mon, 11 Oct 2021 17:56:48 GMT"} 
12-10-2021 10:46:07.026 INFO  Запрос на сервер: Method - GET; 
        URL - /images; 
        Body - {}; 
        Headers - {"host":"localhost:8080","connection":"keep-alive","cache-control":"max-age=0","sec-ch-ua":"\"Chromium\";v=\"94\", \"Google Chrome\";v=\"94\", \";Not A Brand\";v=\"99\"","sec-ch-ua-mobile":"?0","sec-ch-ua-platform":"\"macOS\"","upgrade-insecure-requests":"1","user-agent":"Mozilla/5.0 (Macintosh; Intel Mac OS X 10_15_7) AppleWebKit/537.36 (KHTML, like Gecko) Chrome/94.0.4606.81 Safari/537.36","accept":"text/html,application/xhtml+xml,application/xml;q=0.9,image/avif,image/webp,image/apng,*/*;q=0.8,application/signed-exchange;v=b3;q=0.9","sec-fetch-site":"none","sec-fetch-mode":"navigate","sec-fetch-user":"?1","sec-fetch-dest":"document","accept-encoding":"gzip, deflate, br","accept-language":"ru-RU,ru;q=0.9,en-US;q=0.8,en;q=0.7","cookie":"token=token"} 
12-10-2021 10:46:56.510 INFO  Запрос на сервер: Method - GET; 
        URL - /images; 
        Body - {}; 
        Headers - {"host":"localhost:8080","connection":"keep-alive","cache-control":"max-age=0","sec-ch-ua":"\"Chromium\";v=\"94\", \"Google Chrome\";v=\"94\", \";Not A Brand\";v=\"99\"","sec-ch-ua-mobile":"?0","sec-ch-ua-platform":"\"macOS\"","upgrade-insecure-requests":"1","user-agent":"Mozilla/5.0 (Macintosh; Intel Mac OS X 10_15_7) AppleWebKit/537.36 (KHTML, like Gecko) Chrome/94.0.4606.81 Safari/537.36","accept":"text/html,application/xhtml+xml,application/xml;q=0.9,image/avif,image/webp,image/apng,*/*;q=0.8,application/signed-exchange;v=b3;q=0.9","sec-fetch-site":"none","sec-fetch-mode":"navigate","sec-fetch-user":"?1","sec-fetch-dest":"document","accept-encoding":"gzip, deflate, br","accept-language":"ru-RU,ru;q=0.9,en-US;q=0.8,en;q=0.7","cookie":"token=token"} 
12-10-2021 10:47:33.773 INFO  Запрос на сервер: Method - GET; 
        URL - /images; 
        Body - {}; 
        Headers - {"host":"localhost:8080","connection":"keep-alive","cache-control":"max-age=0","sec-ch-ua":"\"Chromium\";v=\"94\", \"Google Chrome\";v=\"94\", \";Not A Brand\";v=\"99\"","sec-ch-ua-mobile":"?0","sec-ch-ua-platform":"\"macOS\"","upgrade-insecure-requests":"1","user-agent":"Mozilla/5.0 (Macintosh; Intel Mac OS X 10_15_7) AppleWebKit/537.36 (KHTML, like Gecko) Chrome/94.0.4606.81 Safari/537.36","accept":"text/html,application/xhtml+xml,application/xml;q=0.9,image/avif,image/webp,image/apng,*/*;q=0.8,application/signed-exchange;v=b3;q=0.9","sec-fetch-site":"none","sec-fetch-mode":"navigate","sec-fetch-user":"?1","sec-fetch-dest":"document","accept-encoding":"gzip, deflate, br","accept-language":"ru-RU,ru;q=0.9,en-US;q=0.8,en;q=0.7","cookie":"token=token"} 
12-10-2021 10:48:32.011 INFO  Запрос на сервер: Method - GET; 
        URL - /images; 
        Body - {}; 
        Headers - {"host":"localhost:8080","connection":"keep-alive","cache-control":"max-age=0","sec-ch-ua":"\"Chromium\";v=\"94\", \"Google Chrome\";v=\"94\", \";Not A Brand\";v=\"99\"","sec-ch-ua-mobile":"?0","sec-ch-ua-platform":"\"macOS\"","upgrade-insecure-requests":"1","user-agent":"Mozilla/5.0 (Macintosh; Intel Mac OS X 10_15_7) AppleWebKit/537.36 (KHTML, like Gecko) Chrome/94.0.4606.81 Safari/537.36","accept":"text/html,application/xhtml+xml,application/xml;q=0.9,image/avif,image/webp,image/apng,*/*;q=0.8,application/signed-exchange;v=b3;q=0.9","sec-fetch-site":"none","sec-fetch-mode":"navigate","sec-fetch-user":"?1","sec-fetch-dest":"document","accept-encoding":"gzip, deflate, br","accept-language":"ru-RU,ru;q=0.9,en-US;q=0.8,en;q=0.7","cookie":"token=token"} 
12-10-2021 10:49:55.235 INFO  Запрос на сервер: Method - GET; 
        URL - /images; 
        Body - {}; 
        Headers - {"host":"localhost:8080","connection":"keep-alive","cache-control":"max-age=0","sec-ch-ua":"\"Chromium\";v=\"94\", \"Google Chrome\";v=\"94\", \";Not A Brand\";v=\"99\"","sec-ch-ua-mobile":"?0","sec-ch-ua-platform":"\"macOS\"","upgrade-insecure-requests":"1","user-agent":"Mozilla/5.0 (Macintosh; Intel Mac OS X 10_15_7) AppleWebKit/537.36 (KHTML, like Gecko) Chrome/94.0.4606.81 Safari/537.36","accept":"text/html,application/xhtml+xml,application/xml;q=0.9,image/avif,image/webp,image/apng,*/*;q=0.8,application/signed-exchange;v=b3;q=0.9","sec-fetch-site":"none","sec-fetch-mode":"navigate","sec-fetch-user":"?1","sec-fetch-dest":"document","accept-encoding":"gzip, deflate, br","accept-language":"ru-RU,ru;q=0.9,en-US;q=0.8,en;q=0.7","cookie":"token=token"} 
