08-10-2021 10:18:20.625 INFO  Запрос на сервер: Method - GET; 
        URL - /; 
        Body - {}; 
        Headers - {"host":"localhost:8080","connection":"keep-alive","sec-ch-ua":"\"Chromium\";v=\"94\", \"Google Chrome\";v=\"94\", \";Not A Brand\";v=\"99\"","sec-ch-ua-mobile":"?0","sec-ch-ua-platform":"\"macOS\"","upgrade-insecure-requests":"1","user-agent":"Mozilla/5.0 (Macintosh; Intel Mac OS X 10_15_7) AppleWebKit/537.36 (KHTML, like Gecko) Chrome/94.0.4606.71 Safari/537.36","accept":"text/html,application/xhtml+xml,application/xml;q=0.9,image/avif,image/webp,image/apng,*/*;q=0.8,application/signed-exchange;v=b3;q=0.9","purpose":"prefetch","sec-fetch-site":"none","sec-fetch-mode":"navigate","sec-fetch-user":"?1","sec-fetch-dest":"document","accept-encoding":"gzip, deflate, br","accept-language":"ru-RU,ru;q=0.9,en-US;q=0.8,en;q=0.7"} 
08-10-2021 10:18:20.681 INFO  Запрос на сервер: Method - GET; 
        URL - /login.js; 
        Body - {}; 
        Headers - {"host":"localhost:8080","connection":"keep-alive","sec-ch-ua":"\"Chromium\";v=\"94\", \"Google Chrome\";v=\"94\", \";Not A Brand\";v=\"99\"","origin":"http://localhost:8080","sec-ch-ua-mobile":"?0","user-agent":"Mozilla/5.0 (Macintosh; Intel Mac OS X 10_15_7) AppleWebKit/537.36 (KHTML, like Gecko) Chrome/94.0.4606.71 Safari/537.36","sec-ch-ua-platform":"\"macOS\"","accept":"application/signed-exchange;v=b3;q=0.9,*/*;q=0.8","purpose":"prefetch","sec-fetch-site":"same-origin","sec-fetch-mode":"cors","sec-fetch-dest":"script","referer":"http://localhost:8080/","accept-encoding":"gzip, deflate, br","accept-language":"ru-RU,ru;q=0.9,en-US;q=0.8,en;q=0.7","if-none-match":"W/\"7b2-17c5a151aa5\"","if-modified-since":"Thu, 07 Oct 2021 09:28:24 GMT"} 
08-10-2021 10:18:21.715 INFO  Запрос на сервер: Method - GET; 
        URL - /favicon.ico; 
        Body - {}; 
        Headers - {"host":"localhost:8080","connection":"keep-alive","sec-ch-ua":"\"Chromium\";v=\"94\", \"Google Chrome\";v=\"94\", \";Not A Brand\";v=\"99\"","sec-ch-ua-mobile":"?0","user-agent":"Mozilla/5.0 (Macintosh; Intel Mac OS X 10_15_7) AppleWebKit/537.36 (KHTML, like Gecko) Chrome/94.0.4606.71 Safari/537.36","sec-ch-ua-platform":"\"macOS\"","accept":"image/avif,image/webp,image/apng,image/svg+xml,image/*,*/*;q=0.8","sec-fetch-site":"same-origin","sec-fetch-mode":"no-cors","sec-fetch-dest":"image","referer":"http://localhost:8080/","accept-encoding":"gzip, deflate, br","accept-language":"ru-RU,ru;q=0.9,en-US;q=0.8,en;q=0.7"} 
08-10-2021 10:18:25.002 INFO  Запрос на сервер: Method - POST; 
        URL - /; 
        Body - {"email":"asergeev@flo.team","password":"jgF5tn4F","page":"1"}; 
        Headers - {"host":"localhost:8080","connection":"keep-alive","content-length":"62","sec-ch-ua":"\"Chromium\";v=\"94\", \"Google Chrome\";v=\"94\", \";Not A Brand\";v=\"99\"","content-type":"application/json","sec-ch-ua-mobile":"?0","user-agent":"Mozilla/5.0 (Macintosh; Intel Mac OS X 10_15_7) AppleWebKit/537.36 (KHTML, like Gecko) Chrome/94.0.4606.71 Safari/537.36","access-control-allow-methods":"POST","sec-ch-ua-platform":"\"macOS\"","accept":"*/*","origin":"http://localhost:8080","sec-fetch-site":"same-origin","sec-fetch-mode":"cors","sec-fetch-dest":"empty","referer":"http://localhost:8080/","accept-encoding":"gzip, deflate, br","accept-language":"ru-RU,ru;q=0.9,en-US;q=0.8,en;q=0.7"} 
08-10-2021 10:18:25.038 INFO  Запрос на сервер: Method - GET; 
        URL - /gallery; 
        Body - {}; 
        Headers - {"host":"localhost:8080","connection":"keep-alive","sec-ch-ua":"\"Chromium\";v=\"94\", \"Google Chrome\";v=\"94\", \";Not A Brand\";v=\"99\"","sec-ch-ua-mobile":"?0","sec-ch-ua-platform":"\"macOS\"","upgrade-insecure-requests":"1","user-agent":"Mozilla/5.0 (Macintosh; Intel Mac OS X 10_15_7) AppleWebKit/537.36 (KHTML, like Gecko) Chrome/94.0.4606.71 Safari/537.36","accept":"text/html,application/xhtml+xml,application/xml;q=0.9,image/avif,image/webp,image/apng,*/*;q=0.8,application/signed-exchange;v=b3;q=0.9","sec-fetch-site":"same-origin","sec-fetch-mode":"navigate","sec-fetch-user":"?1","sec-fetch-dest":"document","referer":"http://localhost:8080/","accept-encoding":"gzip, deflate, br","accept-language":"ru-RU,ru;q=0.9,en-US;q=0.8,en;q=0.7","cookie":"token=token"} 
08-10-2021 10:18:25.115 INFO  Запрос на сервер: Method - GET; 
        URL - /gallery?page=1; 
        Body - {}; 
        Headers - {"host":"localhost:8080","connection":"keep-alive","upgrade-insecure-requests":"1","user-agent":"Mozilla/5.0 (Macintosh; Intel Mac OS X 10_15_7) AppleWebKit/537.36 (KHTML, like Gecko) Chrome/94.0.4606.71 Safari/537.36","accept":"text/html,application/xhtml+xml,application/xml;q=0.9,image/avif,image/webp,image/apng,*/*;q=0.8,application/signed-exchange;v=b3;q=0.9","sec-fetch-site":"same-origin","sec-fetch-mode":"navigate","sec-fetch-user":"?1","sec-fetch-dest":"document","sec-ch-ua":"\"Chromium\";v=\"94\", \"Google Chrome\";v=\"94\", \";Not A Brand\";v=\"99\"","sec-ch-ua-mobile":"?0","sec-ch-ua-platform":"\"macOS\"","referer":"http://localhost:8080/","accept-encoding":"gzip, deflate, br","accept-language":"ru-RU,ru;q=0.9,en-US;q=0.8,en;q=0.7","cookie":"token=token","if-none-match":"W/\"99d-4igbAf4zbX84fGpFADK1yVTctfA\""} 
08-10-2021 10:19:44.311 INFO  Запрос на сервер: Method - GET; 
        URL - /; 
        Body - {}; 
        Headers - {"host":"localhost:8080","connection":"keep-alive","sec-ch-ua":"\"Chromium\";v=\"94\", \"Google Chrome\";v=\"94\", \";Not A Brand\";v=\"99\"","sec-ch-ua-mobile":"?0","sec-ch-ua-platform":"\"macOS\"","upgrade-insecure-requests":"1","user-agent":"Mozilla/5.0 (Macintosh; Intel Mac OS X 10_15_7) AppleWebKit/537.36 (KHTML, like Gecko) Chrome/94.0.4606.71 Safari/537.36","accept":"text/html,application/xhtml+xml,application/xml;q=0.9,image/avif,image/webp,image/apng,*/*;q=0.8,application/signed-exchange;v=b3;q=0.9","sec-fetch-site":"none","sec-fetch-mode":"navigate","sec-fetch-user":"?1","sec-fetch-dest":"document","accept-encoding":"gzip, deflate, br","accept-language":"ru-RU,ru;q=0.9,en-US;q=0.8,en;q=0.7","cookie":"token=token"} 
08-10-2021 10:19:44.516 INFO  Запрос на сервер: Method - GET; 
        URL - /login.js; 
        Body - {}; 
        Headers - {"host":"localhost:8080","connection":"keep-alive","sec-ch-ua":"\"Chromium\";v=\"94\", \"Google Chrome\";v=\"94\", \";Not A Brand\";v=\"99\"","origin":"http://localhost:8080","sec-ch-ua-mobile":"?0","user-agent":"Mozilla/5.0 (Macintosh; Intel Mac OS X 10_15_7) AppleWebKit/537.36 (KHTML, like Gecko) Chrome/94.0.4606.71 Safari/537.36","sec-ch-ua-platform":"\"macOS\"","accept":"*/*","sec-fetch-site":"same-origin","sec-fetch-mode":"cors","sec-fetch-dest":"script","referer":"http://localhost:8080/","accept-encoding":"gzip, deflate, br","accept-language":"ru-RU,ru;q=0.9,en-US;q=0.8,en;q=0.7","cookie":"token=token","if-none-match":"W/\"7b2-17c4cc73098\"","if-modified-since":"Mon, 04 Oct 2021 19:28:15 GMT"} 
08-10-2021 10:19:45.555 INFO  Запрос на сервер: Method - POST; 
        URL - /; 
        Body - {"email":"asergeev@flo.team","password":"jgF5tn4F","page":"1"}; 
        Headers - {"host":"localhost:8080","connection":"keep-alive","content-length":"62","sec-ch-ua":"\"Chromium\";v=\"94\", \"Google Chrome\";v=\"94\", \";Not A Brand\";v=\"99\"","content-type":"application/json","sec-ch-ua-mobile":"?0","user-agent":"Mozilla/5.0 (Macintosh; Intel Mac OS X 10_15_7) AppleWebKit/537.36 (KHTML, like Gecko) Chrome/94.0.4606.71 Safari/537.36","access-control-allow-methods":"POST","sec-ch-ua-platform":"\"macOS\"","accept":"*/*","origin":"http://localhost:8080","sec-fetch-site":"same-origin","sec-fetch-mode":"cors","sec-fetch-dest":"empty","referer":"http://localhost:8080/","accept-encoding":"gzip, deflate, br","accept-language":"ru-RU,ru;q=0.9,en-US;q=0.8,en;q=0.7","cookie":"token=token"} 
08-10-2021 10:19:45.584 INFO  Запрос на сервер: Method - GET; 
        URL - /gallery; 
        Body - {}; 
        Headers - {"host":"localhost:8080","connection":"keep-alive","sec-ch-ua":"\"Chromium\";v=\"94\", \"Google Chrome\";v=\"94\", \";Not A Brand\";v=\"99\"","sec-ch-ua-mobile":"?0","sec-ch-ua-platform":"\"macOS\"","upgrade-insecure-requests":"1","user-agent":"Mozilla/5.0 (Macintosh; Intel Mac OS X 10_15_7) AppleWebKit/537.36 (KHTML, like Gecko) Chrome/94.0.4606.71 Safari/537.36","accept":"text/html,application/xhtml+xml,application/xml;q=0.9,image/avif,image/webp,image/apng,*/*;q=0.8,application/signed-exchange;v=b3;q=0.9","sec-fetch-site":"same-origin","sec-fetch-mode":"navigate","sec-fetch-user":"?1","sec-fetch-dest":"document","referer":"http://localhost:8080/","accept-encoding":"gzip, deflate, br","accept-language":"ru-RU,ru;q=0.9,en-US;q=0.8,en;q=0.7","cookie":"token=token"} 
08-10-2021 10:19:45.649 INFO  Запрос на сервер: Method - GET; 
        URL - /gallery?page=1; 
        Body - {}; 
        Headers - {"host":"localhost:8080","connection":"keep-alive","upgrade-insecure-requests":"1","user-agent":"Mozilla/5.0 (Macintosh; Intel Mac OS X 10_15_7) AppleWebKit/537.36 (KHTML, like Gecko) Chrome/94.0.4606.71 Safari/537.36","accept":"text/html,application/xhtml+xml,application/xml;q=0.9,image/avif,image/webp,image/apng,*/*;q=0.8,application/signed-exchange;v=b3;q=0.9","sec-fetch-site":"same-origin","sec-fetch-mode":"navigate","sec-fetch-user":"?1","sec-fetch-dest":"document","sec-ch-ua":"\"Chromium\";v=\"94\", \"Google Chrome\";v=\"94\", \";Not A Brand\";v=\"99\"","sec-ch-ua-mobile":"?0","sec-ch-ua-platform":"\"macOS\"","referer":"http://localhost:8080/","accept-encoding":"gzip, deflate, br","accept-language":"ru-RU,ru;q=0.9,en-US;q=0.8,en;q=0.7","cookie":"token=token","if-none-match":"W/\"99d-4igbAf4zbX84fGpFADK1yVTctfA\""} 
08-10-2021 10:20:13.983 INFO  Запрос на сервер: Method - GET; 
        URL - /; 
        Body - {}; 
        Headers - {"host":"localhost:8080","connection":"keep-alive","sec-ch-ua":"\"Chromium\";v=\"94\", \"Google Chrome\";v=\"94\", \";Not A Brand\";v=\"99\"","sec-ch-ua-mobile":"?0","sec-ch-ua-platform":"\"macOS\"","upgrade-insecure-requests":"1","user-agent":"Mozilla/5.0 (Macintosh; Intel Mac OS X 10_15_7) AppleWebKit/537.36 (KHTML, like Gecko) Chrome/94.0.4606.71 Safari/537.36","accept":"text/html,application/xhtml+xml,application/xml;q=0.9,image/avif,image/webp,image/apng,*/*;q=0.8,application/signed-exchange;v=b3;q=0.9","sec-fetch-site":"none","sec-fetch-mode":"navigate","sec-fetch-user":"?1","sec-fetch-dest":"document","accept-encoding":"gzip, deflate, br","accept-language":"ru-RU,ru;q=0.9,en-US;q=0.8,en;q=0.7","cookie":"token=token"} 
08-10-2021 10:20:14.117 INFO  Запрос на сервер: Method - GET; 
        URL - /login.js; 
        Body - {}; 
        Headers - {"host":"localhost:8080","connection":"keep-alive","sec-ch-ua":"\"Chromium\";v=\"94\", \"Google Chrome\";v=\"94\", \";Not A Brand\";v=\"99\"","origin":"http://localhost:8080","sec-ch-ua-mobile":"?0","user-agent":"Mozilla/5.0 (Macintosh; Intel Mac OS X 10_15_7) AppleWebKit/537.36 (KHTML, like Gecko) Chrome/94.0.4606.71 Safari/537.36","sec-ch-ua-platform":"\"macOS\"","accept":"*/*","sec-fetch-site":"same-origin","sec-fetch-mode":"cors","sec-fetch-dest":"script","referer":"http://localhost:8080/","accept-encoding":"gzip, deflate, br","accept-language":"ru-RU,ru;q=0.9,en-US;q=0.8,en;q=0.7","cookie":"token=token","if-none-match":"W/\"7b2-17c4cc73098\"","if-modified-since":"Mon, 04 Oct 2021 19:28:15 GMT"} 
08-10-2021 10:20:15.131 INFO  Запрос на сервер: Method - POST; 
        URL - /; 
        Body - {"email":"asergeev@flo.team","password":"jgF5tn4F","page":"1"}; 
        Headers - {"host":"localhost:8080","connection":"keep-alive","content-length":"62","sec-ch-ua":"\"Chromium\";v=\"94\", \"Google Chrome\";v=\"94\", \";Not A Brand\";v=\"99\"","content-type":"application/json","sec-ch-ua-mobile":"?0","user-agent":"Mozilla/5.0 (Macintosh; Intel Mac OS X 10_15_7) AppleWebKit/537.36 (KHTML, like Gecko) Chrome/94.0.4606.71 Safari/537.36","access-control-allow-methods":"POST","sec-ch-ua-platform":"\"macOS\"","accept":"*/*","origin":"http://localhost:8080","sec-fetch-site":"same-origin","sec-fetch-mode":"cors","sec-fetch-dest":"empty","referer":"http://localhost:8080/","accept-encoding":"gzip, deflate, br","accept-language":"ru-RU,ru;q=0.9,en-US;q=0.8,en;q=0.7","cookie":"token=token"} 
08-10-2021 10:20:15.155 INFO  Запрос на сервер: Method - GET; 
        URL - /gallery; 
        Body - {}; 
        Headers - {"host":"localhost:8080","connection":"keep-alive","sec-ch-ua":"\"Chromium\";v=\"94\", \"Google Chrome\";v=\"94\", \";Not A Brand\";v=\"99\"","sec-ch-ua-mobile":"?0","sec-ch-ua-platform":"\"macOS\"","upgrade-insecure-requests":"1","user-agent":"Mozilla/5.0 (Macintosh; Intel Mac OS X 10_15_7) AppleWebKit/537.36 (KHTML, like Gecko) Chrome/94.0.4606.71 Safari/537.36","accept":"text/html,application/xhtml+xml,application/xml;q=0.9,image/avif,image/webp,image/apng,*/*;q=0.8,application/signed-exchange;v=b3;q=0.9","sec-fetch-site":"same-origin","sec-fetch-mode":"navigate","sec-fetch-user":"?1","sec-fetch-dest":"document","referer":"http://localhost:8080/","accept-encoding":"gzip, deflate, br","accept-language":"ru-RU,ru;q=0.9,en-US;q=0.8,en;q=0.7","cookie":"token=token"} 
08-10-2021 10:20:15.202 INFO  Запрос на сервер: Method - GET; 
        URL - /gallery?page=1; 
        Body - {}; 
        Headers - {"host":"localhost:8080","connection":"keep-alive","upgrade-insecure-requests":"1","user-agent":"Mozilla/5.0 (Macintosh; Intel Mac OS X 10_15_7) AppleWebKit/537.36 (KHTML, like Gecko) Chrome/94.0.4606.71 Safari/537.36","accept":"text/html,application/xhtml+xml,application/xml;q=0.9,image/avif,image/webp,image/apng,*/*;q=0.8,application/signed-exchange;v=b3;q=0.9","sec-fetch-site":"same-origin","sec-fetch-mode":"navigate","sec-fetch-user":"?1","sec-fetch-dest":"document","sec-ch-ua":"\"Chromium\";v=\"94\", \"Google Chrome\";v=\"94\", \";Not A Brand\";v=\"99\"","sec-ch-ua-mobile":"?0","sec-ch-ua-platform":"\"macOS\"","referer":"http://localhost:8080/","accept-encoding":"gzip, deflate, br","accept-language":"ru-RU,ru;q=0.9,en-US;q=0.8,en;q=0.7","cookie":"token=token","if-none-match":"W/\"99d-4igbAf4zbX84fGpFADK1yVTctfA\""} 
08-10-2021 10:21:00.680 INFO  Запрос на сервер: Method - GET; 
        URL - /; 
        Body - {}; 
        Headers - {"host":"localhost:8080","connection":"keep-alive","sec-ch-ua":"\"Chromium\";v=\"94\", \"Google Chrome\";v=\"94\", \";Not A Brand\";v=\"99\"","sec-ch-ua-mobile":"?0","sec-ch-ua-platform":"\"macOS\"","upgrade-insecure-requests":"1","user-agent":"Mozilla/5.0 (Macintosh; Intel Mac OS X 10_15_7) AppleWebKit/537.36 (KHTML, like Gecko) Chrome/94.0.4606.71 Safari/537.36","accept":"text/html,application/xhtml+xml,application/xml;q=0.9,image/avif,image/webp,image/apng,*/*;q=0.8,application/signed-exchange;v=b3;q=0.9","sec-fetch-site":"none","sec-fetch-mode":"navigate","sec-fetch-user":"?1","sec-fetch-dest":"document","accept-encoding":"gzip, deflate, br","accept-language":"ru-RU,ru;q=0.9,en-US;q=0.8,en;q=0.7","cookie":"token=token"} 
08-10-2021 10:21:00.850 INFO  Запрос на сервер: Method - GET; 
        URL - /login.js; 
        Body - {}; 
        Headers - {"host":"localhost:8080","connection":"keep-alive","sec-ch-ua":"\"Chromium\";v=\"94\", \"Google Chrome\";v=\"94\", \";Not A Brand\";v=\"99\"","origin":"http://localhost:8080","sec-ch-ua-mobile":"?0","user-agent":"Mozilla/5.0 (Macintosh; Intel Mac OS X 10_15_7) AppleWebKit/537.36 (KHTML, like Gecko) Chrome/94.0.4606.71 Safari/537.36","sec-ch-ua-platform":"\"macOS\"","accept":"*/*","sec-fetch-site":"same-origin","sec-fetch-mode":"cors","sec-fetch-dest":"script","referer":"http://localhost:8080/","accept-encoding":"gzip, deflate, br","accept-language":"ru-RU,ru;q=0.9,en-US;q=0.8,en;q=0.7","cookie":"token=token","if-none-match":"W/\"7b2-17c4cc73098\"","if-modified-since":"Mon, 04 Oct 2021 19:28:15 GMT"} 
08-10-2021 10:21:02.056 INFO  Запрос на сервер: Method - POST; 
        URL - /; 
        Body - {"email":"asergeev@flo.team","password":"jgF5tn4F","page":"1"}; 
        Headers - {"host":"localhost:8080","connection":"keep-alive","content-length":"62","sec-ch-ua":"\"Chromium\";v=\"94\", \"Google Chrome\";v=\"94\", \";Not A Brand\";v=\"99\"","content-type":"application/json","sec-ch-ua-mobile":"?0","user-agent":"Mozilla/5.0 (Macintosh; Intel Mac OS X 10_15_7) AppleWebKit/537.36 (KHTML, like Gecko) Chrome/94.0.4606.71 Safari/537.36","access-control-allow-methods":"POST","sec-ch-ua-platform":"\"macOS\"","accept":"*/*","origin":"http://localhost:8080","sec-fetch-site":"same-origin","sec-fetch-mode":"cors","sec-fetch-dest":"empty","referer":"http://localhost:8080/","accept-encoding":"gzip, deflate, br","accept-language":"ru-RU,ru;q=0.9,en-US;q=0.8,en;q=0.7","cookie":"token=token"} 
08-10-2021 10:21:02.081 INFO  Запрос на сервер: Method - GET; 
        URL - /gallery; 
        Body - {}; 
        Headers - {"host":"localhost:8080","connection":"keep-alive","sec-ch-ua":"\"Chromium\";v=\"94\", \"Google Chrome\";v=\"94\", \";Not A Brand\";v=\"99\"","sec-ch-ua-mobile":"?0","sec-ch-ua-platform":"\"macOS\"","upgrade-insecure-requests":"1","user-agent":"Mozilla/5.0 (Macintosh; Intel Mac OS X 10_15_7) AppleWebKit/537.36 (KHTML, like Gecko) Chrome/94.0.4606.71 Safari/537.36","accept":"text/html,application/xhtml+xml,application/xml;q=0.9,image/avif,image/webp,image/apng,*/*;q=0.8,application/signed-exchange;v=b3;q=0.9","sec-fetch-site":"same-origin","sec-fetch-mode":"navigate","sec-fetch-user":"?1","sec-fetch-dest":"document","referer":"http://localhost:8080/","accept-encoding":"gzip, deflate, br","accept-language":"ru-RU,ru;q=0.9,en-US;q=0.8,en;q=0.7","cookie":"token=token"} 
08-10-2021 10:21:02.152 INFO  Запрос на сервер: Method - GET; 
        URL - /gallery?page=1; 
        Body - {}; 
        Headers - {"host":"localhost:8080","connection":"keep-alive","upgrade-insecure-requests":"1","user-agent":"Mozilla/5.0 (Macintosh; Intel Mac OS X 10_15_7) AppleWebKit/537.36 (KHTML, like Gecko) Chrome/94.0.4606.71 Safari/537.36","accept":"text/html,application/xhtml+xml,application/xml;q=0.9,image/avif,image/webp,image/apng,*/*;q=0.8,application/signed-exchange;v=b3;q=0.9","sec-fetch-site":"same-origin","sec-fetch-mode":"navigate","sec-fetch-user":"?1","sec-fetch-dest":"document","sec-ch-ua":"\"Chromium\";v=\"94\", \"Google Chrome\";v=\"94\", \";Not A Brand\";v=\"99\"","sec-ch-ua-mobile":"?0","sec-ch-ua-platform":"\"macOS\"","referer":"http://localhost:8080/","accept-encoding":"gzip, deflate, br","accept-language":"ru-RU,ru;q=0.9,en-US;q=0.8,en;q=0.7","cookie":"token=token","if-none-match":"W/\"99d-4igbAf4zbX84fGpFADK1yVTctfA\""} 
08-10-2021 10:21:02.302 INFO  Запрос на сервер: Method - GET; 
        URL - /anton-ivanov-L38IxgRzVcE-unsplash.jpg; 
        Body - {}; 
        Headers - {"host":"localhost:8080","connection":"keep-alive","sec-ch-ua":"\"Chromium\";v=\"94\", \"Google Chrome\";v=\"94\", \";Not A Brand\";v=\"99\"","sec-ch-ua-mobile":"?0","user-agent":"Mozilla/5.0 (Macintosh; Intel Mac OS X 10_15_7) AppleWebKit/537.36 (KHTML, like Gecko) Chrome/94.0.4606.71 Safari/537.36","sec-ch-ua-platform":"\"macOS\"","accept":"image/avif,image/webp,image/apng,image/svg+xml,image/*,*/*;q=0.8","sec-fetch-site":"same-origin","sec-fetch-mode":"no-cors","sec-fetch-dest":"image","referer":"http://localhost:8080/gallery?page=1","accept-encoding":"gzip, deflate, br","accept-language":"ru-RU,ru;q=0.9,en-US;q=0.8,en;q=0.7","cookie":"token=token"} 
08-10-2021 10:21:02.304 INFO  Запрос на сервер: Method - GET; 
        URL - /danist-soh-xGqH6CfGf30-unsplash.jpg; 
        Body - {}; 
        Headers - {"host":"localhost:8080","connection":"keep-alive","sec-ch-ua":"\"Chromium\";v=\"94\", \"Google Chrome\";v=\"94\", \";Not A Brand\";v=\"99\"","sec-ch-ua-mobile":"?0","user-agent":"Mozilla/5.0 (Macintosh; Intel Mac OS X 10_15_7) AppleWebKit/537.36 (KHTML, like Gecko) Chrome/94.0.4606.71 Safari/537.36","sec-ch-ua-platform":"\"macOS\"","accept":"image/avif,image/webp,image/apng,image/svg+xml,image/*,*/*;q=0.8","sec-fetch-site":"same-origin","sec-fetch-mode":"no-cors","sec-fetch-dest":"image","referer":"http://localhost:8080/gallery?page=1","accept-encoding":"gzip, deflate, br","accept-language":"ru-RU,ru;q=0.9,en-US;q=0.8,en;q=0.7","cookie":"token=token"} 
08-10-2021 10:21:02.307 INFO  Запрос на сервер: Method - GET; 
        URL - /gallery.js; 
        Body - {}; 
        Headers - {"host":"localhost:8080","connection":"keep-alive","sec-ch-ua":"\"Chromium\";v=\"94\", \"Google Chrome\";v=\"94\", \";Not A Brand\";v=\"99\"","sec-ch-ua-mobile":"?0","user-agent":"Mozilla/5.0 (Macintosh; Intel Mac OS X 10_15_7) AppleWebKit/537.36 (KHTML, like Gecko) Chrome/94.0.4606.71 Safari/537.36","sec-ch-ua-platform":"\"macOS\"","accept":"*/*","sec-fetch-site":"same-origin","sec-fetch-mode":"no-cors","sec-fetch-dest":"script","referer":"http://localhost:8080/gallery?page=1","accept-encoding":"gzip, deflate, br","accept-language":"ru-RU,ru;q=0.9,en-US;q=0.8,en;q=0.7","cookie":"token=token","if-none-match":"W/\"f08-17c552aeadf\"","if-modified-since":"Wed, 06 Oct 2021 10:34:08 GMT"} 
08-10-2021 10:21:02.310 INFO  Запрос на сервер: Method - GET; 
        URL - /elton-luz-gie_4wqQgDg-unsplash.jpg; 
        Body - {}; 
        Headers - {"host":"localhost:8080","connection":"keep-alive","sec-ch-ua":"\"Chromium\";v=\"94\", \"Google Chrome\";v=\"94\", \";Not A Brand\";v=\"99\"","sec-ch-ua-mobile":"?0","user-agent":"Mozilla/5.0 (Macintosh; Intel Mac OS X 10_15_7) AppleWebKit/537.36 (KHTML, like Gecko) Chrome/94.0.4606.71 Safari/537.36","sec-ch-ua-platform":"\"macOS\"","accept":"image/avif,image/webp,image/apng,image/svg+xml,image/*,*/*;q=0.8","sec-fetch-site":"same-origin","sec-fetch-mode":"no-cors","sec-fetch-dest":"image","referer":"http://localhost:8080/gallery?page=1","accept-encoding":"gzip, deflate, br","accept-language":"ru-RU,ru;q=0.9,en-US;q=0.8,en;q=0.7","cookie":"token=token"} 
08-10-2021 10:21:02.313 INFO  Запрос на сервер: Method - GET; 
        URL - /jack-dong-MrMlOrg8DbU-unsplash.jpg; 
        Body - {}; 
        Headers - {"host":"localhost:8080","connection":"keep-alive","sec-ch-ua":"\"Chromium\";v=\"94\", \"Google Chrome\";v=\"94\", \";Not A Brand\";v=\"99\"","sec-ch-ua-mobile":"?0","user-agent":"Mozilla/5.0 (Macintosh; Intel Mac OS X 10_15_7) AppleWebKit/537.36 (KHTML, like Gecko) Chrome/94.0.4606.71 Safari/537.36","sec-ch-ua-platform":"\"macOS\"","accept":"image/avif,image/webp,image/apng,image/svg+xml,image/*,*/*;q=0.8","sec-fetch-site":"same-origin","sec-fetch-mode":"no-cors","sec-fetch-dest":"image","referer":"http://localhost:8080/gallery?page=1","accept-encoding":"gzip, deflate, br","accept-language":"ru-RU,ru;q=0.9,en-US;q=0.8,en;q=0.7","cookie":"token=token"} 
08-10-2021 10:21:02.315 INFO  Запрос на сервер: Method - GET; 
        URL - /mathias-p-r-reding--InqfzUKPxU-unsplash.jpg; 
        Body - {}; 
        Headers - {"host":"localhost:8080","connection":"keep-alive","sec-ch-ua":"\"Chromium\";v=\"94\", \"Google Chrome\";v=\"94\", \";Not A Brand\";v=\"99\"","sec-ch-ua-mobile":"?0","user-agent":"Mozilla/5.0 (Macintosh; Intel Mac OS X 10_15_7) AppleWebKit/537.36 (KHTML, like Gecko) Chrome/94.0.4606.71 Safari/537.36","sec-ch-ua-platform":"\"macOS\"","accept":"image/avif,image/webp,image/apng,image/svg+xml,image/*,*/*;q=0.8","sec-fetch-site":"same-origin","sec-fetch-mode":"no-cors","sec-fetch-dest":"image","referer":"http://localhost:8080/gallery?page=1","accept-encoding":"gzip, deflate, br","accept-language":"ru-RU,ru;q=0.9,en-US;q=0.8,en;q=0.7","cookie":"token=token"} 
08-10-2021 10:21:02.341 INFO  Запрос на сервер: Method - GET; 
        URL - /mathias-p-r-reding-8gJ_ScU0Leo-unsplash.jpg; 
        Body - {}; 
        Headers - {"host":"localhost:8080","connection":"keep-alive","sec-ch-ua":"\"Chromium\";v=\"94\", \"Google Chrome\";v=\"94\", \";Not A Brand\";v=\"99\"","sec-ch-ua-mobile":"?0","user-agent":"Mozilla/5.0 (Macintosh; Intel Mac OS X 10_15_7) AppleWebKit/537.36 (KHTML, like Gecko) Chrome/94.0.4606.71 Safari/537.36","sec-ch-ua-platform":"\"macOS\"","accept":"image/avif,image/webp,image/apng,image/svg+xml,image/*,*/*;q=0.8","sec-fetch-site":"same-origin","sec-fetch-mode":"no-cors","sec-fetch-dest":"image","referer":"http://localhost:8080/gallery?page=1","accept-encoding":"gzip, deflate, br","accept-language":"ru-RU,ru;q=0.9,en-US;q=0.8,en;q=0.7","cookie":"token=token"} 
08-10-2021 10:21:02.420 INFO  Запрос на сервер: Method - GET; 
        URL - /omar-elsharawy-hHPpbhroGq4-unsplash.jpg; 
        Body - {}; 
        Headers - {"host":"localhost:8080","connection":"keep-alive","sec-ch-ua":"\"Chromium\";v=\"94\", \"Google Chrome\";v=\"94\", \";Not A Brand\";v=\"99\"","sec-ch-ua-mobile":"?0","user-agent":"Mozilla/5.0 (Macintosh; Intel Mac OS X 10_15_7) AppleWebKit/537.36 (KHTML, like Gecko) Chrome/94.0.4606.71 Safari/537.36","sec-ch-ua-platform":"\"macOS\"","accept":"image/avif,image/webp,image/apng,image/svg+xml,image/*,*/*;q=0.8","sec-fetch-site":"same-origin","sec-fetch-mode":"no-cors","sec-fetch-dest":"image","referer":"http://localhost:8080/gallery?page=1","accept-encoding":"gzip, deflate, br","accept-language":"ru-RU,ru;q=0.9,en-US;q=0.8,en;q=0.7","cookie":"token=token"} 
08-10-2021 10:21:02.549 INFO  Запрос на сервер: Method - GET; 
        URL - /ranurte-fS0Mb1WhICU-unsplash.jpg; 
        Body - {}; 
        Headers - {"host":"localhost:8080","connection":"keep-alive","sec-ch-ua":"\"Chromium\";v=\"94\", \"Google Chrome\";v=\"94\", \";Not A Brand\";v=\"99\"","sec-ch-ua-mobile":"?0","user-agent":"Mozilla/5.0 (Macintosh; Intel Mac OS X 10_15_7) AppleWebKit/537.36 (KHTML, like Gecko) Chrome/94.0.4606.71 Safari/537.36","sec-ch-ua-platform":"\"macOS\"","accept":"image/avif,image/webp,image/apng,image/svg+xml,image/*,*/*;q=0.8","sec-fetch-site":"same-origin","sec-fetch-mode":"no-cors","sec-fetch-dest":"image","referer":"http://localhost:8080/gallery?page=1","accept-encoding":"gzip, deflate, br","accept-language":"ru-RU,ru;q=0.9,en-US;q=0.8,en;q=0.7","cookie":"token=token"} 
08-10-2021 10:21:02.800 INFO  Запрос на сервер: Method - GET; 
        URL - /samuel-regan-asante-2o21mAE-EOw-unsplash.jpg; 
        Body - {}; 
        Headers - {"host":"localhost:8080","connection":"keep-alive","sec-ch-ua":"\"Chromium\";v=\"94\", \"Google Chrome\";v=\"94\", \";Not A Brand\";v=\"99\"","sec-ch-ua-mobile":"?0","user-agent":"Mozilla/5.0 (Macintosh; Intel Mac OS X 10_15_7) AppleWebKit/537.36 (KHTML, like Gecko) Chrome/94.0.4606.71 Safari/537.36","sec-ch-ua-platform":"\"macOS\"","accept":"image/avif,image/webp,image/apng,image/svg+xml,image/*,*/*;q=0.8","sec-fetch-site":"same-origin","sec-fetch-mode":"no-cors","sec-fetch-dest":"image","referer":"http://localhost:8080/gallery?page=1","accept-encoding":"gzip, deflate, br","accept-language":"ru-RU,ru;q=0.9,en-US;q=0.8,en;q=0.7","cookie":"token=token"} 
08-10-2021 10:21:02.801 INFO  Запрос на сервер: Method - GET; 
        URL - /samuel-regan-asante-Mn6hv2vjD_E-unsplash.jpg; 
        Body - {}; 
        Headers - {"host":"localhost:8080","connection":"keep-alive","sec-ch-ua":"\"Chromium\";v=\"94\", \"Google Chrome\";v=\"94\", \";Not A Brand\";v=\"99\"","sec-ch-ua-mobile":"?0","user-agent":"Mozilla/5.0 (Macintosh; Intel Mac OS X 10_15_7) AppleWebKit/537.36 (KHTML, like Gecko) Chrome/94.0.4606.71 Safari/537.36","sec-ch-ua-platform":"\"macOS\"","accept":"image/avif,image/webp,image/apng,image/svg+xml,image/*,*/*;q=0.8","sec-fetch-site":"same-origin","sec-fetch-mode":"no-cors","sec-fetch-dest":"image","referer":"http://localhost:8080/gallery?page=1","accept-encoding":"gzip, deflate, br","accept-language":"ru-RU,ru;q=0.9,en-US;q=0.8,en;q=0.7","cookie":"token=token"} 
08-10-2021 10:21:11.480 INFO  Запрос на сервер: Method - POST; 
        URL - /upload; 
        Body - {}; 
        Headers - {"host":"localhost:8080","connection":"keep-alive","content-length":"26089","cache-control":"max-age=0","sec-ch-ua":"\"Chromium\";v=\"94\", \"Google Chrome\";v=\"94\", \";Not A Brand\";v=\"99\"","sec-ch-ua-mobile":"?0","sec-ch-ua-platform":"\"macOS\"","upgrade-insecure-requests":"1","origin":"http://localhost:8080","content-type":"multipart/form-data; boundary=----WebKitFormBoundaryXZa1wBODiU43Rnae","user-agent":"Mozilla/5.0 (Macintosh; Intel Mac OS X 10_15_7) AppleWebKit/537.36 (KHTML, like Gecko) Chrome/94.0.4606.71 Safari/537.36","accept":"text/html,application/xhtml+xml,application/xml;q=0.9,image/avif,image/webp,image/apng,*/*;q=0.8,application/signed-exchange;v=b3;q=0.9","sec-fetch-site":"same-origin","sec-fetch-mode":"navigate","sec-fetch-user":"?1","sec-fetch-dest":"document","referer":"http://localhost:8080/gallery?page=1","accept-encoding":"gzip, deflate, br","accept-language":"ru-RU,ru;q=0.9,en-US;q=0.8,en;q=0.7","cookie":"token=token"} 
08-10-2021 10:21:11.524 INFO  Запрос на сервер: Method - GET; 
        URL - /gallery?page=1; 
        Body - {}; 
        Headers - {"host":"localhost:8080","connection":"keep-alive","cache-control":"max-age=0","upgrade-insecure-requests":"1","user-agent":"Mozilla/5.0 (Macintosh; Intel Mac OS X 10_15_7) AppleWebKit/537.36 (KHTML, like Gecko) Chrome/94.0.4606.71 Safari/537.36","accept":"text/html,application/xhtml+xml,application/xml;q=0.9,image/avif,image/webp,image/apng,*/*;q=0.8,application/signed-exchange;v=b3;q=0.9","sec-fetch-site":"same-origin","sec-fetch-mode":"navigate","sec-fetch-user":"?1","sec-fetch-dest":"document","sec-ch-ua":"\"Chromium\";v=\"94\", \"Google Chrome\";v=\"94\", \";Not A Brand\";v=\"99\"","sec-ch-ua-mobile":"?0","sec-ch-ua-platform":"\"macOS\"","referer":"http://localhost:8080/gallery?page=1","accept-encoding":"gzip, deflate, br","accept-language":"ru-RU,ru;q=0.9,en-US;q=0.8,en;q=0.7","cookie":"token=token","if-none-match":"W/\"8a1-qhTAjZ7li2Qd/odx4VZCIz3wLUY\""} 
08-10-2021 10:21:11.642 INFO  Запрос на сервер: Method - GET; 
        URL - /anton-ivanov-L38IxgRzVcE-unsplash.jpg; 
        Body - {}; 
        Headers - {"host":"localhost:8080","connection":"keep-alive","sec-ch-ua":"\"Chromium\";v=\"94\", \"Google Chrome\";v=\"94\", \";Not A Brand\";v=\"99\"","if-none-match":"W/\"3c8145-17c5ec695fa\"","if-modified-since":"Fri, 08 Oct 2021 07:20:45 GMT","sec-ch-ua-mobile":"?0","user-agent":"Mozilla/5.0 (Macintosh; Intel Mac OS X 10_15_7) AppleWebKit/537.36 (KHTML, like Gecko) Chrome/94.0.4606.71 Safari/537.36","sec-ch-ua-platform":"\"macOS\"","accept":"image/avif,image/webp,image/apng,image/svg+xml,image/*,*/*;q=0.8","sec-fetch-site":"same-origin","sec-fetch-mode":"no-cors","sec-fetch-dest":"image","referer":"http://localhost:8080/gallery?page=1","accept-encoding":"gzip, deflate, br","accept-language":"ru-RU,ru;q=0.9,en-US;q=0.8,en;q=0.7","cookie":"token=token"} 
08-10-2021 10:21:11.648 INFO  Запрос на сервер: Method - GET; 
        URL - /danist-soh-xGqH6CfGf30-unsplash.jpg; 
        Body - {}; 
        Headers - {"host":"localhost:8080","connection":"keep-alive","sec-ch-ua":"\"Chromium\";v=\"94\", \"Google Chrome\";v=\"94\", \";Not A Brand\";v=\"99\"","if-none-match":"W/\"1d03fc-17c5ec69601\"","if-modified-since":"Fri, 08 Oct 2021 07:20:45 GMT","sec-ch-ua-mobile":"?0","user-agent":"Mozilla/5.0 (Macintosh; Intel Mac OS X 10_15_7) AppleWebKit/537.36 (KHTML, like Gecko) Chrome/94.0.4606.71 Safari/537.36","sec-ch-ua-platform":"\"macOS\"","accept":"image/avif,image/webp,image/apng,image/svg+xml,image/*,*/*;q=0.8","sec-fetch-site":"same-origin","sec-fetch-mode":"no-cors","sec-fetch-dest":"image","referer":"http://localhost:8080/gallery?page=1","accept-encoding":"gzip, deflate, br","accept-language":"ru-RU,ru;q=0.9,en-US;q=0.8,en;q=0.7","cookie":"token=token"} 
08-10-2021 10:21:11.675 INFO  Запрос на сервер: Method - GET; 
        URL - /gallery.js; 
        Body - {}; 
        Headers - {"host":"localhost:8080","connection":"keep-alive","sec-ch-ua":"\"Chromium\";v=\"94\", \"Google Chrome\";v=\"94\", \";Not A Brand\";v=\"99\"","if-none-match":"W/\"f08-17c4cc73098\"","if-modified-since":"Mon, 04 Oct 2021 19:28:15 GMT","sec-ch-ua-mobile":"?0","user-agent":"Mozilla/5.0 (Macintosh; Intel Mac OS X 10_15_7) AppleWebKit/537.36 (KHTML, like Gecko) Chrome/94.0.4606.71 Safari/537.36","sec-ch-ua-platform":"\"macOS\"","accept":"*/*","sec-fetch-site":"same-origin","sec-fetch-mode":"no-cors","sec-fetch-dest":"script","referer":"http://localhost:8080/gallery?page=1","accept-encoding":"gzip, deflate, br","accept-language":"ru-RU,ru;q=0.9,en-US;q=0.8,en;q=0.7","cookie":"token=token"} 
08-10-2021 10:21:11.676 INFO  Запрос на сервер: Method - GET; 
        URL - /elton-luz-gie_4wqQgDg-unsplash.jpg; 
        Body - {}; 
        Headers - {"host":"localhost:8080","connection":"keep-alive","sec-ch-ua":"\"Chromium\";v=\"94\", \"Google Chrome\";v=\"94\", \";Not A Brand\";v=\"99\"","if-none-match":"W/\"26781a-17c5ec69609\"","if-modified-since":"Fri, 08 Oct 2021 07:20:45 GMT","sec-ch-ua-mobile":"?0","user-agent":"Mozilla/5.0 (Macintosh; Intel Mac OS X 10_15_7) AppleWebKit/537.36 (KHTML, like Gecko) Chrome/94.0.4606.71 Safari/537.36","sec-ch-ua-platform":"\"macOS\"","accept":"image/avif,image/webp,image/apng,image/svg+xml,image/*,*/*;q=0.8","sec-fetch-site":"same-origin","sec-fetch-mode":"no-cors","sec-fetch-dest":"image","referer":"http://localhost:8080/gallery?page=1","accept-encoding":"gzip, deflate, br","accept-language":"ru-RU,ru;q=0.9,en-US;q=0.8,en;q=0.7","cookie":"token=token"} 
08-10-2021 10:21:11.679 INFO  Запрос на сервер: Method - GET; 
        URL - /jack-dong-MrMlOrg8DbU-unsplash.jpg; 
        Body - {}; 
        Headers - {"host":"localhost:8080","connection":"keep-alive","sec-ch-ua":"\"Chromium\";v=\"94\", \"Google Chrome\";v=\"94\", \";Not A Brand\";v=\"99\"","if-none-match":"W/\"b8d69-17c5ec6960b\"","if-modified-since":"Fri, 08 Oct 2021 07:20:45 GMT","sec-ch-ua-mobile":"?0","user-agent":"Mozilla/5.0 (Macintosh; Intel Mac OS X 10_15_7) AppleWebKit/537.36 (KHTML, like Gecko) Chrome/94.0.4606.71 Safari/537.36","sec-ch-ua-platform":"\"macOS\"","accept":"image/avif,image/webp,image/apng,image/svg+xml,image/*,*/*;q=0.8","sec-fetch-site":"same-origin","sec-fetch-mode":"no-cors","sec-fetch-dest":"image","referer":"http://localhost:8080/gallery?page=1","accept-encoding":"gzip, deflate, br","accept-language":"ru-RU,ru;q=0.9,en-US;q=0.8,en;q=0.7","cookie":"token=token"} 
08-10-2021 10:21:11.679 INFO  Запрос на сервер: Method - GET; 
        URL - /marguerite-729510__480.jpeg; 
        Body - {}; 
        Headers - {"host":"localhost:8080","connection":"keep-alive","sec-ch-ua":"\"Chromium\";v=\"94\", \"Google Chrome\";v=\"94\", \";Not A Brand\";v=\"99\"","sec-ch-ua-mobile":"?0","user-agent":"Mozilla/5.0 (Macintosh; Intel Mac OS X 10_15_7) AppleWebKit/537.36 (KHTML, like Gecko) Chrome/94.0.4606.71 Safari/537.36","sec-ch-ua-platform":"\"macOS\"","accept":"image/avif,image/webp,image/apng,image/svg+xml,image/*,*/*;q=0.8","sec-fetch-site":"same-origin","sec-fetch-mode":"no-cors","sec-fetch-dest":"image","referer":"http://localhost:8080/gallery?page=1","accept-encoding":"gzip, deflate, br","accept-language":"ru-RU,ru;q=0.9,en-US;q=0.8,en;q=0.7","cookie":"token=token"} 
08-10-2021 10:21:11.681 INFO  Запрос на сервер: Method - GET; 
        URL - /mathias-p-r-reding--InqfzUKPxU-unsplash.jpg; 
        Body - {}; 
        Headers - {"host":"localhost:8080","connection":"keep-alive","sec-ch-ua":"\"Chromium\";v=\"94\", \"Google Chrome\";v=\"94\", \";Not A Brand\";v=\"99\"","if-none-match":"W/\"3ff15d-17c5ec69614\"","if-modified-since":"Fri, 08 Oct 2021 07:20:45 GMT","sec-ch-ua-mobile":"?0","user-agent":"Mozilla/5.0 (Macintosh; Intel Mac OS X 10_15_7) AppleWebKit/537.36 (KHTML, like Gecko) Chrome/94.0.4606.71 Safari/537.36","sec-ch-ua-platform":"\"macOS\"","accept":"image/avif,image/webp,image/apng,image/svg+xml,image/*,*/*;q=0.8","sec-fetch-site":"same-origin","sec-fetch-mode":"no-cors","sec-fetch-dest":"image","referer":"http://localhost:8080/gallery?page=1","accept-encoding":"gzip, deflate, br","accept-language":"ru-RU,ru;q=0.9,en-US;q=0.8,en;q=0.7","cookie":"token=token"} 
08-10-2021 10:21:11.683 INFO  Запрос на сервер: Method - GET; 
        URL - /mathias-p-r-reding-8gJ_ScU0Leo-unsplash.jpg; 
        Body - {}; 
        Headers - {"host":"localhost:8080","connection":"keep-alive","sec-ch-ua":"\"Chromium\";v=\"94\", \"Google Chrome\";v=\"94\", \";Not A Brand\";v=\"99\"","if-none-match":"W/\"45acc3-17c5ec69623\"","if-modified-since":"Fri, 08 Oct 2021 07:20:45 GMT","sec-ch-ua-mobile":"?0","user-agent":"Mozilla/5.0 (Macintosh; Intel Mac OS X 10_15_7) AppleWebKit/537.36 (KHTML, like Gecko) Chrome/94.0.4606.71 Safari/537.36","sec-ch-ua-platform":"\"macOS\"","accept":"image/avif,image/webp,image/apng,image/svg+xml,image/*,*/*;q=0.8","sec-fetch-site":"same-origin","sec-fetch-mode":"no-cors","sec-fetch-dest":"image","referer":"http://localhost:8080/gallery?page=1","accept-encoding":"gzip, deflate, br","accept-language":"ru-RU,ru;q=0.9,en-US;q=0.8,en;q=0.7","cookie":"token=token"} 
08-10-2021 10:21:11.693 INFO  Запрос на сервер: Method - GET; 
        URL - /omar-elsharawy-hHPpbhroGq4-unsplash.jpg; 
        Body - {}; 
        Headers - {"host":"localhost:8080","connection":"keep-alive","sec-ch-ua":"\"Chromium\";v=\"94\", \"Google Chrome\";v=\"94\", \";Not A Brand\";v=\"99\"","if-none-match":"W/\"1b6bb6-17c5ec6962e\"","if-modified-since":"Fri, 08 Oct 2021 07:20:45 GMT","sec-ch-ua-mobile":"?0","user-agent":"Mozilla/5.0 (Macintosh; Intel Mac OS X 10_15_7) AppleWebKit/537.36 (KHTML, like Gecko) Chrome/94.0.4606.71 Safari/537.36","sec-ch-ua-platform":"\"macOS\"","accept":"image/avif,image/webp,image/apng,image/svg+xml,image/*,*/*;q=0.8","sec-fetch-site":"same-origin","sec-fetch-mode":"no-cors","sec-fetch-dest":"image","referer":"http://localhost:8080/gallery?page=1","accept-encoding":"gzip, deflate, br","accept-language":"ru-RU,ru;q=0.9,en-US;q=0.8,en;q=0.7","cookie":"token=token"} 
08-10-2021 10:21:11.695 INFO  Запрос на сервер: Method - GET; 
        URL - /ranurte-fS0Mb1WhICU-unsplash.jpg; 
        Body - {}; 
        Headers - {"host":"localhost:8080","connection":"keep-alive","sec-ch-ua":"\"Chromium\";v=\"94\", \"Google Chrome\";v=\"94\", \";Not A Brand\";v=\"99\"","if-none-match":"W/\"bd286-17c5ec69632\"","if-modified-since":"Fri, 08 Oct 2021 07:20:45 GMT","sec-ch-ua-mobile":"?0","user-agent":"Mozilla/5.0 (Macintosh; Intel Mac OS X 10_15_7) AppleWebKit/537.36 (KHTML, like Gecko) Chrome/94.0.4606.71 Safari/537.36","sec-ch-ua-platform":"\"macOS\"","accept":"image/avif,image/webp,image/apng,image/svg+xml,image/*,*/*;q=0.8","sec-fetch-site":"same-origin","sec-fetch-mode":"no-cors","sec-fetch-dest":"image","referer":"http://localhost:8080/gallery?page=1","accept-encoding":"gzip, deflate, br","accept-language":"ru-RU,ru;q=0.9,en-US;q=0.8,en;q=0.7","cookie":"token=token"} 
08-10-2021 10:21:11.696 INFO  Запрос на сервер: Method - GET; 
        URL - /samuel-regan-asante-2o21mAE-EOw-unsplash.jpg; 
        Body - {}; 
        Headers - {"host":"localhost:8080","connection":"keep-alive","sec-ch-ua":"\"Chromium\";v=\"94\", \"Google Chrome\";v=\"94\", \";Not A Brand\";v=\"99\"","if-none-match":"W/\"373a4f-17c5ec69640\"","if-modified-since":"Fri, 08 Oct 2021 07:20:45 GMT","sec-ch-ua-mobile":"?0","user-agent":"Mozilla/5.0 (Macintosh; Intel Mac OS X 10_15_7) AppleWebKit/537.36 (KHTML, like Gecko) Chrome/94.0.4606.71 Safari/537.36","sec-ch-ua-platform":"\"macOS\"","accept":"image/avif,image/webp,image/apng,image/svg+xml,image/*,*/*;q=0.8","sec-fetch-site":"same-origin","sec-fetch-mode":"no-cors","sec-fetch-dest":"image","referer":"http://localhost:8080/gallery?page=1","accept-encoding":"gzip, deflate, br","accept-language":"ru-RU,ru;q=0.9,en-US;q=0.8,en;q=0.7","cookie":"token=token"} 
08-10-2021 10:21:11.699 INFO  Запрос на сервер: Method - GET; 
        URL - /samuel-regan-asante-Mn6hv2vjD_E-unsplash.jpg; 
        Body - {}; 
        Headers - {"host":"localhost:8080","connection":"keep-alive","sec-ch-ua":"\"Chromium\";v=\"94\", \"Google Chrome\";v=\"94\", \";Not A Brand\";v=\"99\"","if-none-match":"W/\"319580-17c5ec69654\"","if-modified-since":"Fri, 08 Oct 2021 07:20:45 GMT","sec-ch-ua-mobile":"?0","user-agent":"Mozilla/5.0 (Macintosh; Intel Mac OS X 10_15_7) AppleWebKit/537.36 (KHTML, like Gecko) Chrome/94.0.4606.71 Safari/537.36","sec-ch-ua-platform":"\"macOS\"","accept":"image/avif,image/webp,image/apng,image/svg+xml,image/*,*/*;q=0.8","sec-fetch-site":"same-origin","sec-fetch-mode":"no-cors","sec-fetch-dest":"image","referer":"http://localhost:8080/gallery?page=1","accept-encoding":"gzip, deflate, br","accept-language":"ru-RU,ru;q=0.9,en-US;q=0.8,en;q=0.7","cookie":"token=token"} 
