11-10-2021 14:48:07.765 INFO  Запрос на сервер: Method - POST; 
        URL - /upload; 
        Body - {}; 
        Headers - {"host":"localhost:8080","connection":"keep-alive","content-length":"38548","cache-control":"max-age=0","sec-ch-ua":"\"Chromium\";v=\"94\", \"Google Chrome\";v=\"94\", \";Not A Brand\";v=\"99\"","sec-ch-ua-mobile":"?0","sec-ch-ua-platform":"\"macOS\"","upgrade-insecure-requests":"1","origin":"http://localhost:8080","content-type":"multipart/form-data; boundary=----WebKitFormBoundaryZ6MiUGObPrTnlLPL","user-agent":"Mozilla/5.0 (Macintosh; Intel Mac OS X 10_15_7) AppleWebKit/537.36 (KHTML, like Gecko) Chrome/94.0.4606.81 Safari/537.36","accept":"text/html,application/xhtml+xml,application/xml;q=0.9,image/avif,image/webp,image/apng,*/*;q=0.8,application/signed-exchange;v=b3;q=0.9","sec-fetch-site":"same-origin","sec-fetch-mode":"navigate","sec-fetch-user":"?1","sec-fetch-dest":"document","referer":"http://localhost:8080/gallery?page=1&limit=25","accept-encoding":"gzip, deflate, br","accept-language":"ru-RU,ru;q=0.9,en-US;q=0.8,en;q=0.7","cookie":"token=token"} 
11-10-2021 14:49:15.371 INFO  Запрос на сервер: Method - POST; 
        URL - /upload; 
        Body - {}; 
        Headers - {"host":"localhost:8080","connection":"keep-alive","content-length":"38548","cache-control":"max-age=0","sec-ch-ua":"\"Chromium\";v=\"94\", \"Google Chrome\";v=\"94\", \";Not A Brand\";v=\"99\"","sec-ch-ua-mobile":"?0","sec-ch-ua-platform":"\"macOS\"","upgrade-insecure-requests":"1","origin":"http://localhost:8080","content-type":"multipart/form-data; boundary=----WebKitFormBoundaryBOBB8P1yWDD2KPnG","user-agent":"Mozilla/5.0 (Macintosh; Intel Mac OS X 10_15_7) AppleWebKit/537.36 (KHTML, like Gecko) Chrome/94.0.4606.81 Safari/537.36","accept":"text/html,application/xhtml+xml,application/xml;q=0.9,image/avif,image/webp,image/apng,*/*;q=0.8,application/signed-exchange;v=b3;q=0.9","sec-fetch-site":"same-origin","sec-fetch-mode":"navigate","sec-fetch-user":"?1","sec-fetch-dest":"document","referer":"http://localhost:8080/gallery?page=1&limit=25","accept-encoding":"gzip, deflate, br","accept-language":"ru-RU,ru;q=0.9,en-US;q=0.8,en;q=0.7","cookie":"token=token"} 
11-10-2021 14:49:15.433 INFO  Запрос на сервер: Method - GET; 
        URL - /gallery?page=1; 
        Body - {}; 
        Headers - {"host":"localhost:8080","connection":"keep-alive","cache-control":"max-age=0","upgrade-insecure-requests":"1","user-agent":"Mozilla/5.0 (Macintosh; Intel Mac OS X 10_15_7) AppleWebKit/537.36 (KHTML, like Gecko) Chrome/94.0.4606.81 Safari/537.36","accept":"text/html,application/xhtml+xml,application/xml;q=0.9,image/avif,image/webp,image/apng,*/*;q=0.8,application/signed-exchange;v=b3;q=0.9","sec-fetch-site":"same-origin","sec-fetch-mode":"navigate","sec-fetch-user":"?1","sec-fetch-dest":"document","sec-ch-ua":"\"Chromium\";v=\"94\", \"Google Chrome\";v=\"94\", \";Not A Brand\";v=\"99\"","sec-ch-ua-mobile":"?0","sec-ch-ua-platform":"\"macOS\"","referer":"http://localhost:8080/gallery?page=1&limit=25","accept-encoding":"gzip, deflate, br","accept-language":"ru-RU,ru;q=0.9,en-US;q=0.8,en;q=0.7","cookie":"token=token","if-none-match":"W/\"374-RO963/C0mRRdl4264cMgSpZsDw4\""} 
11-10-2021 14:49:15.901 INFO  Запрос на сервер: Method - GET; 
        URL - /gallery.js; 
        Body - {}; 
        Headers - {"host":"localhost:8080","connection":"keep-alive","sec-ch-ua":"\"Chromium\";v=\"94\", \"Google Chrome\";v=\"94\", \";Not A Brand\";v=\"99\"","if-none-match":"W/\"10b2-17c6ed53358\"","if-modified-since":"Mon, 11 Oct 2021 10:10:38 GMT","sec-ch-ua-mobile":"?0","user-agent":"Mozilla/5.0 (Macintosh; Intel Mac OS X 10_15_7) AppleWebKit/537.36 (KHTML, like Gecko) Chrome/94.0.4606.81 Safari/537.36","sec-ch-ua-platform":"\"macOS\"","accept":"*/*","sec-fetch-site":"same-origin","sec-fetch-mode":"no-cors","sec-fetch-dest":"script","referer":"http://localhost:8080/gallery?page=1","accept-encoding":"gzip, deflate, br","accept-language":"ru-RU,ru;q=0.9,en-US;q=0.8,en;q=0.7","cookie":"token=token"} 
11-10-2021 14:49:15.943 INFO  Запрос на сервер: Method - GET; 
        URL - /gallery?page=1&limit=1; 
        Body - {}; 
        Headers - {"host":"localhost:8080","connection":"keep-alive","sec-ch-ua":"\"Chromium\";v=\"94\", \"Google Chrome\";v=\"94\", \";Not A Brand\";v=\"99\"","sec-ch-ua-mobile":"?0","sec-ch-ua-platform":"\"macOS\"","upgrade-insecure-requests":"1","user-agent":"Mozilla/5.0 (Macintosh; Intel Mac OS X 10_15_7) AppleWebKit/537.36 (KHTML, like Gecko) Chrome/94.0.4606.81 Safari/537.36","accept":"text/html,application/xhtml+xml,application/xml;q=0.9,image/avif,image/webp,image/apng,*/*;q=0.8,application/signed-exchange;v=b3;q=0.9","sec-fetch-site":"same-origin","sec-fetch-mode":"navigate","sec-fetch-dest":"document","referer":"http://localhost:8080/gallery?page=1","accept-encoding":"gzip, deflate, br","accept-language":"ru-RU,ru;q=0.9,en-US;q=0.8,en;q=0.7","cookie":"token=token"} 
11-10-2021 14:49:16.772 INFO  Запрос на сервер: Method - GET; 
        URL - /anton-ivanov-L38IxgRzVcE-unsplash.jpg; 
        Body - {}; 
        Headers - {"host":"localhost:8080","connection":"keep-alive","sec-ch-ua":"\"Chromium\";v=\"94\", \"Google Chrome\";v=\"94\", \";Not A Brand\";v=\"99\"","sec-ch-ua-mobile":"?0","user-agent":"Mozilla/5.0 (Macintosh; Intel Mac OS X 10_15_7) AppleWebKit/537.36 (KHTML, like Gecko) Chrome/94.0.4606.81 Safari/537.36","sec-ch-ua-platform":"\"macOS\"","accept":"image/avif,image/webp,image/apng,image/svg+xml,image/*,*/*;q=0.8","sec-fetch-site":"same-origin","sec-fetch-mode":"no-cors","sec-fetch-dest":"image","referer":"http://localhost:8080/gallery?page=1&limit=1","accept-encoding":"gzip, deflate, br","accept-language":"ru-RU,ru;q=0.9,en-US;q=0.8,en;q=0.7","cookie":"token=token"} 
11-10-2021 14:49:16.772 INFO  Запрос на сервер: Method - GET; 
        URL - /gallery.js; 
        Body - {}; 
        Headers - {"host":"localhost:8080","connection":"keep-alive","sec-ch-ua":"\"Chromium\";v=\"94\", \"Google Chrome\";v=\"94\", \";Not A Brand\";v=\"99\"","if-none-match":"W/\"10b2-17c6ed53358\"","if-modified-since":"Mon, 11 Oct 2021 10:10:38 GMT","sec-ch-ua-mobile":"?0","user-agent":"Mozilla/5.0 (Macintosh; Intel Mac OS X 10_15_7) AppleWebKit/537.36 (KHTML, like Gecko) Chrome/94.0.4606.81 Safari/537.36","sec-ch-ua-platform":"\"macOS\"","accept":"*/*","sec-fetch-site":"same-origin","sec-fetch-mode":"no-cors","sec-fetch-dest":"script","referer":"http://localhost:8080/gallery?page=1&limit=1","accept-encoding":"gzip, deflate, br","accept-language":"ru-RU,ru;q=0.9,en-US;q=0.8,en;q=0.7","cookie":"token=token"} 
11-10-2021 14:50:51.198 INFO  Запрос на сервер: Method - GET; 
        URL - /gallery?page=1&limit=10; 
        Body - {}; 
        Headers - {"host":"localhost:8080","connection":"keep-alive","cache-control":"max-age=0","sec-ch-ua":"\"Chromium\";v=\"94\", \"Google Chrome\";v=\"94\", \";Not A Brand\";v=\"99\"","sec-ch-ua-mobile":"?0","sec-ch-ua-platform":"\"macOS\"","upgrade-insecure-requests":"1","user-agent":"Mozilla/5.0 (Macintosh; Intel Mac OS X 10_15_7) AppleWebKit/537.36 (KHTML, like Gecko) Chrome/94.0.4606.81 Safari/537.36","accept":"text/html,application/xhtml+xml,application/xml;q=0.9,image/avif,image/webp,image/apng,*/*;q=0.8,application/signed-exchange;v=b3;q=0.9","sec-fetch-site":"none","sec-fetch-mode":"navigate","sec-fetch-user":"?1","sec-fetch-dest":"document","accept-encoding":"gzip, deflate, br","accept-language":"ru-RU,ru;q=0.9,en-US;q=0.8,en;q=0.7","cookie":"token=token","if-none-match":"W/\"915-dmYGTf9dTbcNQ20SEbZGr+XZJfI\""} 
11-10-2021 14:50:51.658 INFO  Запрос на сервер: Method - GET; 
        URL - /anton-ivanov-L38IxgRzVcE-unsplash.jpg; 
        Body - {}; 
        Headers - {"host":"localhost:8080","connection":"keep-alive","sec-ch-ua":"\"Chromium\";v=\"94\", \"Google Chrome\";v=\"94\", \";Not A Brand\";v=\"99\"","sec-ch-ua-mobile":"?0","user-agent":"Mozilla/5.0 (Macintosh; Intel Mac OS X 10_15_7) AppleWebKit/537.36 (KHTML, like Gecko) Chrome/94.0.4606.81 Safari/537.36","sec-ch-ua-platform":"\"macOS\"","accept":"image/avif,image/webp,image/apng,image/svg+xml,image/*,*/*;q=0.8","sec-fetch-site":"same-origin","sec-fetch-mode":"no-cors","sec-fetch-dest":"image","referer":"http://localhost:8080/gallery?page=1&limit=10","accept-encoding":"gzip, deflate, br","accept-language":"ru-RU,ru;q=0.9,en-US;q=0.8,en;q=0.7","cookie":"token=token"} 
11-10-2021 14:50:51.659 INFO  Запрос на сервер: Method - GET; 
        URL - /christian-holzinger-3iEgF99LESk-unsplash.jpg; 
        Body - {}; 
        Headers - {"host":"localhost:8080","connection":"keep-alive","sec-ch-ua":"\"Chromium\";v=\"94\", \"Google Chrome\";v=\"94\", \";Not A Brand\";v=\"99\"","sec-ch-ua-mobile":"?0","user-agent":"Mozilla/5.0 (Macintosh; Intel Mac OS X 10_15_7) AppleWebKit/537.36 (KHTML, like Gecko) Chrome/94.0.4606.81 Safari/537.36","sec-ch-ua-platform":"\"macOS\"","accept":"image/avif,image/webp,image/apng,image/svg+xml,image/*,*/*;q=0.8","sec-fetch-site":"same-origin","sec-fetch-mode":"no-cors","sec-fetch-dest":"image","referer":"http://localhost:8080/gallery?page=1&limit=10","accept-encoding":"gzip, deflate, br","accept-language":"ru-RU,ru;q=0.9,en-US;q=0.8,en;q=0.7","cookie":"token=token"} 
11-10-2021 14:50:51.664 INFO  Запрос на сервер: Method - GET; 
        URL - /dan-burton-CuCSy7zYrdA-unsplash.jpg; 
        Body - {}; 
        Headers - {"host":"localhost:8080","connection":"keep-alive","sec-ch-ua":"\"Chromium\";v=\"94\", \"Google Chrome\";v=\"94\", \";Not A Brand\";v=\"99\"","sec-ch-ua-mobile":"?0","user-agent":"Mozilla/5.0 (Macintosh; Intel Mac OS X 10_15_7) AppleWebKit/537.36 (KHTML, like Gecko) Chrome/94.0.4606.81 Safari/537.36","sec-ch-ua-platform":"\"macOS\"","accept":"image/avif,image/webp,image/apng,image/svg+xml,image/*,*/*;q=0.8","sec-fetch-site":"same-origin","sec-fetch-mode":"no-cors","sec-fetch-dest":"image","referer":"http://localhost:8080/gallery?page=1&limit=10","accept-encoding":"gzip, deflate, br","accept-language":"ru-RU,ru;q=0.9,en-US;q=0.8,en;q=0.7","cookie":"token=token"} 
11-10-2021 14:50:51.664 INFO  Запрос на сервер: Method - GET; 
        URL - /dan-dennis-FU1mWxzUXJs-unsplash.jpg; 
        Body - {}; 
        Headers - {"host":"localhost:8080","connection":"keep-alive","sec-ch-ua":"\"Chromium\";v=\"94\", \"Google Chrome\";v=\"94\", \";Not A Brand\";v=\"99\"","sec-ch-ua-mobile":"?0","user-agent":"Mozilla/5.0 (Macintosh; Intel Mac OS X 10_15_7) AppleWebKit/537.36 (KHTML, like Gecko) Chrome/94.0.4606.81 Safari/537.36","sec-ch-ua-platform":"\"macOS\"","accept":"image/avif,image/webp,image/apng,image/svg+xml,image/*,*/*;q=0.8","sec-fetch-site":"same-origin","sec-fetch-mode":"no-cors","sec-fetch-dest":"image","referer":"http://localhost:8080/gallery?page=1&limit=10","accept-encoding":"gzip, deflate, br","accept-language":"ru-RU,ru;q=0.9,en-US;q=0.8,en;q=0.7","cookie":"token=token"} 
11-10-2021 14:50:51.665 INFO  Запрос на сервер: Method - GET; 
        URL - /danist-soh--1KpwRL-8MY-unsplash.jpg; 
        Body - {}; 
        Headers - {"host":"localhost:8080","connection":"keep-alive","sec-ch-ua":"\"Chromium\";v=\"94\", \"Google Chrome\";v=\"94\", \";Not A Brand\";v=\"99\"","sec-ch-ua-mobile":"?0","user-agent":"Mozilla/5.0 (Macintosh; Intel Mac OS X 10_15_7) AppleWebKit/537.36 (KHTML, like Gecko) Chrome/94.0.4606.81 Safari/537.36","sec-ch-ua-platform":"\"macOS\"","accept":"image/avif,image/webp,image/apng,image/svg+xml,image/*,*/*;q=0.8","sec-fetch-site":"same-origin","sec-fetch-mode":"no-cors","sec-fetch-dest":"image","referer":"http://localhost:8080/gallery?page=1&limit=10","accept-encoding":"gzip, deflate, br","accept-language":"ru-RU,ru;q=0.9,en-US;q=0.8,en;q=0.7","cookie":"token=token"} 
11-10-2021 14:50:51.666 INFO  Запрос на сервер: Method - GET; 
        URL - /gallery.js; 
        Body - {}; 
        Headers - {"host":"localhost:8080","connection":"keep-alive","sec-ch-ua":"\"Chromium\";v=\"94\", \"Google Chrome\";v=\"94\", \";Not A Brand\";v=\"99\"","sec-ch-ua-mobile":"?0","user-agent":"Mozilla/5.0 (Macintosh; Intel Mac OS X 10_15_7) AppleWebKit/537.36 (KHTML, like Gecko) Chrome/94.0.4606.81 Safari/537.36","sec-ch-ua-platform":"\"macOS\"","accept":"*/*","sec-fetch-site":"same-origin","sec-fetch-mode":"no-cors","sec-fetch-dest":"script","referer":"http://localhost:8080/gallery?page=1&limit=10","accept-encoding":"gzip, deflate, br","accept-language":"ru-RU,ru;q=0.9,en-US;q=0.8,en;q=0.7","cookie":"token=token","if-none-match":"W/\"10b2-17c6ed53358\"","if-modified-since":"Mon, 11 Oct 2021 10:10:38 GMT"} 
11-10-2021 14:50:51.681 INFO  Запрос на сервер: Method - GET; 
        URL - /danist-soh-XPnpYoe0OoY-unsplash.jpg; 
        Body - {}; 
        Headers - {"host":"localhost:8080","connection":"keep-alive","sec-ch-ua":"\"Chromium\";v=\"94\", \"Google Chrome\";v=\"94\", \";Not A Brand\";v=\"99\"","sec-ch-ua-mobile":"?0","user-agent":"Mozilla/5.0 (Macintosh; Intel Mac OS X 10_15_7) AppleWebKit/537.36 (KHTML, like Gecko) Chrome/94.0.4606.81 Safari/537.36","sec-ch-ua-platform":"\"macOS\"","accept":"image/avif,image/webp,image/apng,image/svg+xml,image/*,*/*;q=0.8","sec-fetch-site":"same-origin","sec-fetch-mode":"no-cors","sec-fetch-dest":"image","referer":"http://localhost:8080/gallery?page=1&limit=10","accept-encoding":"gzip, deflate, br","accept-language":"ru-RU,ru;q=0.9,en-US;q=0.8,en;q=0.7","cookie":"token=token"} 
11-10-2021 14:50:51.684 INFO  Запрос на сервер: Method - GET; 
        URL - /danist-soh-G3XuoNo0hkI-unsplash.jpg; 
        Body - {}; 
        Headers - {"host":"localhost:8080","connection":"keep-alive","sec-ch-ua":"\"Chromium\";v=\"94\", \"Google Chrome\";v=\"94\", \";Not A Brand\";v=\"99\"","sec-ch-ua-mobile":"?0","user-agent":"Mozilla/5.0 (Macintosh; Intel Mac OS X 10_15_7) AppleWebKit/537.36 (KHTML, like Gecko) Chrome/94.0.4606.81 Safari/537.36","sec-ch-ua-platform":"\"macOS\"","accept":"image/avif,image/webp,image/apng,image/svg+xml,image/*,*/*;q=0.8","sec-fetch-site":"same-origin","sec-fetch-mode":"no-cors","sec-fetch-dest":"image","referer":"http://localhost:8080/gallery?page=1&limit=10","accept-encoding":"gzip, deflate, br","accept-language":"ru-RU,ru;q=0.9,en-US;q=0.8,en;q=0.7","cookie":"token=token"} 
11-10-2021 14:50:51.687 INFO  Запрос на сервер: Method - GET; 
        URL - /danist-soh-nEe5azqp2Ok-unsplash.jpg; 
        Body - {}; 
        Headers - {"host":"localhost:8080","connection":"keep-alive","sec-ch-ua":"\"Chromium\";v=\"94\", \"Google Chrome\";v=\"94\", \";Not A Brand\";v=\"99\"","sec-ch-ua-mobile":"?0","user-agent":"Mozilla/5.0 (Macintosh; Intel Mac OS X 10_15_7) AppleWebKit/537.36 (KHTML, like Gecko) Chrome/94.0.4606.81 Safari/537.36","sec-ch-ua-platform":"\"macOS\"","accept":"image/avif,image/webp,image/apng,image/svg+xml,image/*,*/*;q=0.8","sec-fetch-site":"same-origin","sec-fetch-mode":"no-cors","sec-fetch-dest":"image","referer":"http://localhost:8080/gallery?page=1&limit=10","accept-encoding":"gzip, deflate, br","accept-language":"ru-RU,ru;q=0.9,en-US;q=0.8,en;q=0.7","cookie":"token=token"} 
11-10-2021 14:50:51.697 INFO  Запрос на сервер: Method - GET; 
        URL - /danist-soh-hRvD7Ds8cwQ-unsplash.jpg; 
        Body - {}; 
        Headers - {"host":"localhost:8080","connection":"keep-alive","sec-ch-ua":"\"Chromium\";v=\"94\", \"Google Chrome\";v=\"94\", \";Not A Brand\";v=\"99\"","sec-ch-ua-mobile":"?0","user-agent":"Mozilla/5.0 (Macintosh; Intel Mac OS X 10_15_7) AppleWebKit/537.36 (KHTML, like Gecko) Chrome/94.0.4606.81 Safari/537.36","sec-ch-ua-platform":"\"macOS\"","accept":"image/avif,image/webp,image/apng,image/svg+xml,image/*,*/*;q=0.8","sec-fetch-site":"same-origin","sec-fetch-mode":"no-cors","sec-fetch-dest":"image","referer":"http://localhost:8080/gallery?page=1&limit=10","accept-encoding":"gzip, deflate, br","accept-language":"ru-RU,ru;q=0.9,en-US;q=0.8,en;q=0.7","cookie":"token=token"} 
11-10-2021 14:50:51.697 INFO  Запрос на сервер: Method - GET; 
        URL - /danist-soh-9Sj-BqRj98Q-unsplash.jpg; 
        Body - {}; 
        Headers - {"host":"localhost:8080","connection":"keep-alive","sec-ch-ua":"\"Chromium\";v=\"94\", \"Google Chrome\";v=\"94\", \";Not A Brand\";v=\"99\"","sec-ch-ua-mobile":"?0","user-agent":"Mozilla/5.0 (Macintosh; Intel Mac OS X 10_15_7) AppleWebKit/537.36 (KHTML, like Gecko) Chrome/94.0.4606.81 Safari/537.36","sec-ch-ua-platform":"\"macOS\"","accept":"image/avif,image/webp,image/apng,image/svg+xml,image/*,*/*;q=0.8","sec-fetch-site":"same-origin","sec-fetch-mode":"no-cors","sec-fetch-dest":"image","referer":"http://localhost:8080/gallery?page=1&limit=10","accept-encoding":"gzip, deflate, br","accept-language":"ru-RU,ru;q=0.9,en-US;q=0.8,en;q=0.7","cookie":"token=token"} 
11-10-2021 14:50:53.565 INFO  Запрос на сервер: Method - GET; 
        URL - /gallery?page=1&limit=10; 
        Body - {}; 
        Headers - {"host":"localhost:8080","connection":"keep-alive","cache-control":"max-age=0","sec-ch-ua":"\"Chromium\";v=\"94\", \"Google Chrome\";v=\"94\", \";Not A Brand\";v=\"99\"","sec-ch-ua-mobile":"?0","sec-ch-ua-platform":"\"macOS\"","upgrade-insecure-requests":"1","user-agent":"Mozilla/5.0 (Macintosh; Intel Mac OS X 10_15_7) AppleWebKit/537.36 (KHTML, like Gecko) Chrome/94.0.4606.81 Safari/537.36","accept":"text/html,application/xhtml+xml,application/xml;q=0.9,image/avif,image/webp,image/apng,*/*;q=0.8,application/signed-exchange;v=b3;q=0.9","sec-fetch-site":"none","sec-fetch-mode":"navigate","sec-fetch-user":"?1","sec-fetch-dest":"document","accept-encoding":"gzip, deflate, br","accept-language":"ru-RU,ru;q=0.9,en-US;q=0.8,en;q=0.7","cookie":"token=token","if-none-match":"W/\"915-dmYGTf9dTbcNQ20SEbZGr+XZJfI\""} 
11-10-2021 14:50:53.987 INFO  Запрос на сервер: Method - GET; 
        URL - /anton-ivanov-L38IxgRzVcE-unsplash.jpg; 
        Body - {}; 
        Headers - {"host":"localhost:8080","connection":"keep-alive","sec-ch-ua":"\"Chromium\";v=\"94\", \"Google Chrome\";v=\"94\", \";Not A Brand\";v=\"99\"","sec-ch-ua-mobile":"?0","user-agent":"Mozilla/5.0 (Macintosh; Intel Mac OS X 10_15_7) AppleWebKit/537.36 (KHTML, like Gecko) Chrome/94.0.4606.81 Safari/537.36","sec-ch-ua-platform":"\"macOS\"","accept":"image/avif,image/webp,image/apng,image/svg+xml,image/*,*/*;q=0.8","sec-fetch-site":"same-origin","sec-fetch-mode":"no-cors","sec-fetch-dest":"image","referer":"http://localhost:8080/gallery?page=1&limit=10","accept-encoding":"gzip, deflate, br","accept-language":"ru-RU,ru;q=0.9,en-US;q=0.8,en;q=0.7","cookie":"token=token"} 
11-10-2021 14:50:53.988 INFO  Запрос на сервер: Method - GET; 
        URL - /christian-holzinger-3iEgF99LESk-unsplash.jpg; 
        Body - {}; 
        Headers - {"host":"localhost:8080","connection":"keep-alive","sec-ch-ua":"\"Chromium\";v=\"94\", \"Google Chrome\";v=\"94\", \";Not A Brand\";v=\"99\"","sec-ch-ua-mobile":"?0","user-agent":"Mozilla/5.0 (Macintosh; Intel Mac OS X 10_15_7) AppleWebKit/537.36 (KHTML, like Gecko) Chrome/94.0.4606.81 Safari/537.36","sec-ch-ua-platform":"\"macOS\"","accept":"image/avif,image/webp,image/apng,image/svg+xml,image/*,*/*;q=0.8","sec-fetch-site":"same-origin","sec-fetch-mode":"no-cors","sec-fetch-dest":"image","referer":"http://localhost:8080/gallery?page=1&limit=10","accept-encoding":"gzip, deflate, br","accept-language":"ru-RU,ru;q=0.9,en-US;q=0.8,en;q=0.7","cookie":"token=token"} 
11-10-2021 14:50:53.991 INFO  Запрос на сервер: Method - GET; 
        URL - /gallery.js; 
        Body - {}; 
        Headers - {"host":"localhost:8080","connection":"keep-alive","sec-ch-ua":"\"Chromium\";v=\"94\", \"Google Chrome\";v=\"94\", \";Not A Brand\";v=\"99\"","if-none-match":"W/\"10b2-17c6ed53358\"","if-modified-since":"Mon, 11 Oct 2021 10:10:38 GMT","sec-ch-ua-mobile":"?0","user-agent":"Mozilla/5.0 (Macintosh; Intel Mac OS X 10_15_7) AppleWebKit/537.36 (KHTML, like Gecko) Chrome/94.0.4606.81 Safari/537.36","sec-ch-ua-platform":"\"macOS\"","accept":"*/*","sec-fetch-site":"same-origin","sec-fetch-mode":"no-cors","sec-fetch-dest":"script","referer":"http://localhost:8080/gallery?page=1&limit=10","accept-encoding":"gzip, deflate, br","accept-language":"ru-RU,ru;q=0.9,en-US;q=0.8,en;q=0.7","cookie":"token=token"} 
11-10-2021 14:50:53.997 INFO  Запрос на сервер: Method - GET; 
        URL - /dan-burton-CuCSy7zYrdA-unsplash.jpg; 
        Body - {}; 
        Headers - {"host":"localhost:8080","connection":"keep-alive","sec-ch-ua":"\"Chromium\";v=\"94\", \"Google Chrome\";v=\"94\", \";Not A Brand\";v=\"99\"","sec-ch-ua-mobile":"?0","user-agent":"Mozilla/5.0 (Macintosh; Intel Mac OS X 10_15_7) AppleWebKit/537.36 (KHTML, like Gecko) Chrome/94.0.4606.81 Safari/537.36","sec-ch-ua-platform":"\"macOS\"","accept":"image/avif,image/webp,image/apng,image/svg+xml,image/*,*/*;q=0.8","sec-fetch-site":"same-origin","sec-fetch-mode":"no-cors","sec-fetch-dest":"image","referer":"http://localhost:8080/gallery?page=1&limit=10","accept-encoding":"gzip, deflate, br","accept-language":"ru-RU,ru;q=0.9,en-US;q=0.8,en;q=0.7","cookie":"token=token"} 
11-10-2021 14:50:53.998 INFO  Запрос на сервер: Method - GET; 
        URL - /dan-dennis-FU1mWxzUXJs-unsplash.jpg; 
        Body - {}; 
        Headers - {"host":"localhost:8080","connection":"keep-alive","sec-ch-ua":"\"Chromium\";v=\"94\", \"Google Chrome\";v=\"94\", \";Not A Brand\";v=\"99\"","sec-ch-ua-mobile":"?0","user-agent":"Mozilla/5.0 (Macintosh; Intel Mac OS X 10_15_7) AppleWebKit/537.36 (KHTML, like Gecko) Chrome/94.0.4606.81 Safari/537.36","sec-ch-ua-platform":"\"macOS\"","accept":"image/avif,image/webp,image/apng,image/svg+xml,image/*,*/*;q=0.8","sec-fetch-site":"same-origin","sec-fetch-mode":"no-cors","sec-fetch-dest":"image","referer":"http://localhost:8080/gallery?page=1&limit=10","accept-encoding":"gzip, deflate, br","accept-language":"ru-RU,ru;q=0.9,en-US;q=0.8,en;q=0.7","cookie":"token=token"} 
11-10-2021 14:50:53.999 INFO  Запрос на сервер: Method - GET; 
        URL - /danist-soh--1KpwRL-8MY-unsplash.jpg; 
        Body - {}; 
        Headers - {"host":"localhost:8080","connection":"keep-alive","sec-ch-ua":"\"Chromium\";v=\"94\", \"Google Chrome\";v=\"94\", \";Not A Brand\";v=\"99\"","sec-ch-ua-mobile":"?0","user-agent":"Mozilla/5.0 (Macintosh; Intel Mac OS X 10_15_7) AppleWebKit/537.36 (KHTML, like Gecko) Chrome/94.0.4606.81 Safari/537.36","sec-ch-ua-platform":"\"macOS\"","accept":"image/avif,image/webp,image/apng,image/svg+xml,image/*,*/*;q=0.8","sec-fetch-site":"same-origin","sec-fetch-mode":"no-cors","sec-fetch-dest":"image","referer":"http://localhost:8080/gallery?page=1&limit=10","accept-encoding":"gzip, deflate, br","accept-language":"ru-RU,ru;q=0.9,en-US;q=0.8,en;q=0.7","cookie":"token=token"} 
11-10-2021 14:50:54.017 INFO  Запрос на сервер: Method - GET; 
        URL - /danist-soh-9Sj-BqRj98Q-unsplash.jpg; 
        Body - {}; 
        Headers - {"host":"localhost:8080","connection":"keep-alive","sec-ch-ua":"\"Chromium\";v=\"94\", \"Google Chrome\";v=\"94\", \";Not A Brand\";v=\"99\"","sec-ch-ua-mobile":"?0","user-agent":"Mozilla/5.0 (Macintosh; Intel Mac OS X 10_15_7) AppleWebKit/537.36 (KHTML, like Gecko) Chrome/94.0.4606.81 Safari/537.36","sec-ch-ua-platform":"\"macOS\"","accept":"image/avif,image/webp,image/apng,image/svg+xml,image/*,*/*;q=0.8","sec-fetch-site":"same-origin","sec-fetch-mode":"no-cors","sec-fetch-dest":"image","referer":"http://localhost:8080/gallery?page=1&limit=10","accept-encoding":"gzip, deflate, br","accept-language":"ru-RU,ru;q=0.9,en-US;q=0.8,en;q=0.7","cookie":"token=token"} 
11-10-2021 14:50:54.019 INFO  Запрос на сервер: Method - GET; 
        URL - /danist-soh-G3XuoNo0hkI-unsplash.jpg; 
        Body - {}; 
        Headers - {"host":"localhost:8080","connection":"keep-alive","sec-ch-ua":"\"Chromium\";v=\"94\", \"Google Chrome\";v=\"94\", \";Not A Brand\";v=\"99\"","sec-ch-ua-mobile":"?0","user-agent":"Mozilla/5.0 (Macintosh; Intel Mac OS X 10_15_7) AppleWebKit/537.36 (KHTML, like Gecko) Chrome/94.0.4606.81 Safari/537.36","sec-ch-ua-platform":"\"macOS\"","accept":"image/avif,image/webp,image/apng,image/svg+xml,image/*,*/*;q=0.8","sec-fetch-site":"same-origin","sec-fetch-mode":"no-cors","sec-fetch-dest":"image","referer":"http://localhost:8080/gallery?page=1&limit=10","accept-encoding":"gzip, deflate, br","accept-language":"ru-RU,ru;q=0.9,en-US;q=0.8,en;q=0.7","cookie":"token=token"} 
11-10-2021 14:50:54.025 INFO  Запрос на сервер: Method - GET; 
        URL - /danist-soh-XPnpYoe0OoY-unsplash.jpg; 
        Body - {}; 
        Headers - {"host":"localhost:8080","connection":"keep-alive","sec-ch-ua":"\"Chromium\";v=\"94\", \"Google Chrome\";v=\"94\", \";Not A Brand\";v=\"99\"","sec-ch-ua-mobile":"?0","user-agent":"Mozilla/5.0 (Macintosh; Intel Mac OS X 10_15_7) AppleWebKit/537.36 (KHTML, like Gecko) Chrome/94.0.4606.81 Safari/537.36","sec-ch-ua-platform":"\"macOS\"","accept":"image/avif,image/webp,image/apng,image/svg+xml,image/*,*/*;q=0.8","sec-fetch-site":"same-origin","sec-fetch-mode":"no-cors","sec-fetch-dest":"image","referer":"http://localhost:8080/gallery?page=1&limit=10","accept-encoding":"gzip, deflate, br","accept-language":"ru-RU,ru;q=0.9,en-US;q=0.8,en;q=0.7","cookie":"token=token"} 
11-10-2021 14:50:54.025 INFO  Запрос на сервер: Method - GET; 
        URL - /danist-soh-hRvD7Ds8cwQ-unsplash.jpg; 
        Body - {}; 
        Headers - {"host":"localhost:8080","connection":"keep-alive","sec-ch-ua":"\"Chromium\";v=\"94\", \"Google Chrome\";v=\"94\", \";Not A Brand\";v=\"99\"","sec-ch-ua-mobile":"?0","user-agent":"Mozilla/5.0 (Macintosh; Intel Mac OS X 10_15_7) AppleWebKit/537.36 (KHTML, like Gecko) Chrome/94.0.4606.81 Safari/537.36","sec-ch-ua-platform":"\"macOS\"","accept":"image/avif,image/webp,image/apng,image/svg+xml,image/*,*/*;q=0.8","sec-fetch-site":"same-origin","sec-fetch-mode":"no-cors","sec-fetch-dest":"image","referer":"http://localhost:8080/gallery?page=1&limit=10","accept-encoding":"gzip, deflate, br","accept-language":"ru-RU,ru;q=0.9,en-US;q=0.8,en;q=0.7","cookie":"token=token"} 
11-10-2021 14:50:54.026 INFO  Запрос на сервер: Method - GET; 
        URL - /danist-soh-nEe5azqp2Ok-unsplash.jpg; 
        Body - {}; 
        Headers - {"host":"localhost:8080","connection":"keep-alive","sec-ch-ua":"\"Chromium\";v=\"94\", \"Google Chrome\";v=\"94\", \";Not A Brand\";v=\"99\"","sec-ch-ua-mobile":"?0","user-agent":"Mozilla/5.0 (Macintosh; Intel Mac OS X 10_15_7) AppleWebKit/537.36 (KHTML, like Gecko) Chrome/94.0.4606.81 Safari/537.36","sec-ch-ua-platform":"\"macOS\"","accept":"image/avif,image/webp,image/apng,image/svg+xml,image/*,*/*;q=0.8","sec-fetch-site":"same-origin","sec-fetch-mode":"no-cors","sec-fetch-dest":"image","referer":"http://localhost:8080/gallery?page=1&limit=10","accept-encoding":"gzip, deflate, br","accept-language":"ru-RU,ru;q=0.9,en-US;q=0.8,en;q=0.7","cookie":"token=token"} 
11-10-2021 14:50:58.088 INFO  Запрос на сервер: Method - POST; 
        URL - /upload; 
        Body - {}; 
        Headers - {"host":"localhost:8080","connection":"keep-alive","content-length":"38548","cache-control":"max-age=0","sec-ch-ua":"\"Chromium\";v=\"94\", \"Google Chrome\";v=\"94\", \";Not A Brand\";v=\"99\"","sec-ch-ua-mobile":"?0","sec-ch-ua-platform":"\"macOS\"","upgrade-insecure-requests":"1","origin":"http://localhost:8080","content-type":"multipart/form-data; boundary=----WebKitFormBoundaryqO9tD2opxEOYPRPX","user-agent":"Mozilla/5.0 (Macintosh; Intel Mac OS X 10_15_7) AppleWebKit/537.36 (KHTML, like Gecko) Chrome/94.0.4606.81 Safari/537.36","accept":"text/html,application/xhtml+xml,application/xml;q=0.9,image/avif,image/webp,image/apng,*/*;q=0.8,application/signed-exchange;v=b3;q=0.9","sec-fetch-site":"same-origin","sec-fetch-mode":"navigate","sec-fetch-user":"?1","sec-fetch-dest":"document","referer":"http://localhost:8080/gallery?page=1&limit=10","accept-encoding":"gzip, deflate, br","accept-language":"ru-RU,ru;q=0.9,en-US;q=0.8,en;q=0.7","cookie":"token=token"} 
11-10-2021 14:50:58.132 INFO  Запрос на сервер: Method - GET; 
        URL - /gallery?page=1; 
        Body - {}; 
        Headers - {"host":"localhost:8080","connection":"keep-alive","cache-control":"max-age=0","upgrade-insecure-requests":"1","user-agent":"Mozilla/5.0 (Macintosh; Intel Mac OS X 10_15_7) AppleWebKit/537.36 (KHTML, like Gecko) Chrome/94.0.4606.81 Safari/537.36","accept":"text/html,application/xhtml+xml,application/xml;q=0.9,image/avif,image/webp,image/apng,*/*;q=0.8,application/signed-exchange;v=b3;q=0.9","sec-fetch-site":"same-origin","sec-fetch-mode":"navigate","sec-fetch-user":"?1","sec-fetch-dest":"document","sec-ch-ua":"\"Chromium\";v=\"94\", \"Google Chrome\";v=\"94\", \";Not A Brand\";v=\"99\"","sec-ch-ua-mobile":"?0","sec-ch-ua-platform":"\"macOS\"","referer":"http://localhost:8080/gallery?page=1&limit=10","accept-encoding":"gzip, deflate, br","accept-language":"ru-RU,ru;q=0.9,en-US;q=0.8,en;q=0.7","cookie":"token=token","if-none-match":"W/\"402-27Z1mJrNV7MGpPIFjARK7ajWFas\""} 
11-10-2021 14:50:58.527 INFO  Запрос на сервер: Method - GET; 
        URL - /gallery.js; 
        Body - {}; 
        Headers - {"host":"localhost:8080","connection":"keep-alive","sec-ch-ua":"\"Chromium\";v=\"94\", \"Google Chrome\";v=\"94\", \";Not A Brand\";v=\"99\"","if-none-match":"W/\"10b2-17c6ed53358\"","if-modified-since":"Mon, 11 Oct 2021 10:10:38 GMT","sec-ch-ua-mobile":"?0","user-agent":"Mozilla/5.0 (Macintosh; Intel Mac OS X 10_15_7) AppleWebKit/537.36 (KHTML, like Gecko) Chrome/94.0.4606.81 Safari/537.36","sec-ch-ua-platform":"\"macOS\"","accept":"*/*","sec-fetch-site":"same-origin","sec-fetch-mode":"no-cors","sec-fetch-dest":"script","referer":"http://localhost:8080/gallery?page=1","accept-encoding":"gzip, deflate, br","accept-language":"ru-RU,ru;q=0.9,en-US;q=0.8,en;q=0.7","cookie":"token=token"} 
11-10-2021 14:50:58.558 INFO  Запрос на сервер: Method - GET; 
        URL - /gallery?page=1&limit=1; 
        Body - {}; 
        Headers - {"host":"localhost:8080","connection":"keep-alive","sec-ch-ua":"\"Chromium\";v=\"94\", \"Google Chrome\";v=\"94\", \";Not A Brand\";v=\"99\"","sec-ch-ua-mobile":"?0","sec-ch-ua-platform":"\"macOS\"","upgrade-insecure-requests":"1","user-agent":"Mozilla/5.0 (Macintosh; Intel Mac OS X 10_15_7) AppleWebKit/537.36 (KHTML, like Gecko) Chrome/94.0.4606.81 Safari/537.36","accept":"text/html,application/xhtml+xml,application/xml;q=0.9,image/avif,image/webp,image/apng,*/*;q=0.8,application/signed-exchange;v=b3;q=0.9","sec-fetch-site":"same-origin","sec-fetch-mode":"navigate","sec-fetch-dest":"document","referer":"http://localhost:8080/gallery?page=1","accept-encoding":"gzip, deflate, br","accept-language":"ru-RU,ru;q=0.9,en-US;q=0.8,en;q=0.7","cookie":"token=token","if-none-match":"W/\"484-k+3JOjCmeh4tdS+NFrfFCWIMkh0\""} 
11-10-2021 14:50:59.000 INFO  Запрос на сервер: Method - GET; 
        URL - /%D1%80%D1%8B%D0%B1%D0%BA%D0%B0.jpeg; 
        Body - {}; 
        Headers - {"host":"localhost:8080","connection":"keep-alive","sec-ch-ua":"\"Chromium\";v=\"94\", \"Google Chrome\";v=\"94\", \";Not A Brand\";v=\"99\"","sec-ch-ua-mobile":"?0","user-agent":"Mozilla/5.0 (Macintosh; Intel Mac OS X 10_15_7) AppleWebKit/537.36 (KHTML, like Gecko) Chrome/94.0.4606.81 Safari/537.36","sec-ch-ua-platform":"\"macOS\"","accept":"image/avif,image/webp,image/apng,image/svg+xml,image/*,*/*;q=0.8","sec-fetch-site":"same-origin","sec-fetch-mode":"no-cors","sec-fetch-dest":"image","referer":"http://localhost:8080/gallery?page=1&limit=1","accept-encoding":"gzip, deflate, br","accept-language":"ru-RU,ru;q=0.9,en-US;q=0.8,en;q=0.7","cookie":"token=token"} 
11-10-2021 14:50:59.001 INFO  Запрос на сервер: Method - GET; 
        URL - /gallery.js; 
        Body - {}; 
        Headers - {"host":"localhost:8080","connection":"keep-alive","sec-ch-ua":"\"Chromium\";v=\"94\", \"Google Chrome\";v=\"94\", \";Not A Brand\";v=\"99\"","if-none-match":"W/\"10b2-17c6ed53358\"","if-modified-since":"Mon, 11 Oct 2021 10:10:38 GMT","sec-ch-ua-mobile":"?0","user-agent":"Mozilla/5.0 (Macintosh; Intel Mac OS X 10_15_7) AppleWebKit/537.36 (KHTML, like Gecko) Chrome/94.0.4606.81 Safari/537.36","sec-ch-ua-platform":"\"macOS\"","accept":"*/*","sec-fetch-site":"same-origin","sec-fetch-mode":"no-cors","sec-fetch-dest":"script","referer":"http://localhost:8080/gallery?page=1&limit=1","accept-encoding":"gzip, deflate, br","accept-language":"ru-RU,ru;q=0.9,en-US;q=0.8,en;q=0.7","cookie":"token=token"} 

